{"C:\\Users\\iwata\\OneDrive\\Desktop\\dev\\conta-certa\\frontend\\src\\auth\\AuthContext.tsx": {"path":"C:\\Users\\iwata\\OneDrive\\Desktop\\dev\\conta-certa\\frontend\\src\\auth\\AuthContext.tsx","statementMap":{"0":{"start":{"line":20,"column":20},"end":{"line":26,"column":2}},"1":{"start":{"line":28,"column":69},"end":{"line":82,"column":1}},"2":{"start":{"line":31,"column":26},"end":{"line":31,"column":53}},"3":{"start":{"line":32,"column":32},"end":{"line":32,"column":66}},"4":{"start":{"line":33,"column":32},"end":{"line":33,"column":46}},"5":{"start":{"line":34,"column":42},"end":{"line":34,"column":71}},"6":{"start":{"line":36,"column":25},"end":{"line":51,"column":3}},"7":{"start":{"line":37,"column":4},"end":{"line":50,"column":5}},"8":{"start":{"line":38,"column":6},"end":{"line":42,"column":7}},"9":{"start":{"line":39,"column":28},"end":{"line":39,"column":48}},"10":{"start":{"line":40,"column":8},"end":{"line":40,"column":32}},"11":{"start":{"line":41,"column":8},"end":{"line":41,"column":30}},"12":{"start":{"line":44,"column":6},"end":{"line":44,"column":55}},"13":{"start":{"line":45,"column":6},"end":{"line":47,"column":8}},"14":{"start":{"line":49,"column":6},"end":{"line":49,"column":23}},"15":{"start":{"line":53,"column":2},"end":{"line":74,"column":9}},"16":{"start":{"line":54,"column":18},"end":{"line":72,"column":6}},"17":{"start":{"line":55,"column":6},"end":{"line":55,"column":17}},"18":{"start":{"line":57,"column":6},"end":{"line":69,"column":7}},"19":{"start":{"line":59,"column":8},"end":{"line":64,"column":9}},"20":{"start":{"line":60,"column":10},"end":{"line":60,"column":33}},"21":{"start":{"line":62,"column":10},"end":{"line":62,"column":75}},"22":{"start":{"line":67,"column":8},"end":{"line":67,"column":25}},"23":{"start":{"line":68,"column":8},"end":{"line":68,"column":30}},"24":{"start":{"line":71,"column":6},"end":{"line":71,"column":24}},"25":{"start":{"line":73,"column":4},"end":{"line":73,"column":25}},"26":{"start":{"line":73,"column":17},"end":{"line":73,"column":24}},"27":{"start":{"line":76,"column":16},"end":{"line":79,"column":3}},"28":{"start":{"line":77,"column":11},"end":{"line":77,"column":67}},"29":{"start":{"line":81,"column":2},"end":{"line":81,"column":79}},"30":{"start":{"line":84,"column":23},"end":{"line":84,"column":52}},"31":{"start":{"line":84,"column":29},"end":{"line":84,"column":52}}},"fnMap":{"0":{"name":"(anonymous_0)","decl":{"start":{"line":24,"column":18},"end":{"line":24,"column":19}},"loc":{"start":{"line":24,"column":30},"end":{"line":24,"column":32}},"line":24},"1":{"name":"(anonymous_1)","decl":{"start":{"line":28,"column":69},"end":{"line":28,"column":70}},"loc":{"start":{"line":30,"column":6},"end":{"line":82,"column":1}},"line":30},"2":{"name":"(anonymous_2)","decl":{"start":{"line":36,"column":25},"end":{"line":36,"column":26}},"loc":{"start":{"line":36,"column":37},"end":{"line":51,"column":3}},"line":36},"3":{"name":"(anonymous_3)","decl":{"start":{"line":53,"column":12},"end":{"line":53,"column":13}},"loc":{"start":{"line":53,"column":18},"end":{"line":74,"column":3}},"line":53},"4":{"name":"(anonymous_4)","decl":{"start":{"line":54,"column":43},"end":{"line":54,"column":44}},"loc":{"start":{"line":54,"column":56},"end":{"line":72,"column":5}},"line":54},"5":{"name":"(anonymous_5)","decl":{"start":{"line":73,"column":11},"end":{"line":73,"column":12}},"loc":{"start":{"line":73,"column":17},"end":{"line":73,"column":24}},"line":73},"6":{"name":"(anonymous_6)","decl":{"start":{"line":77,"column":4},"end":{"line":77,"column":5}},"loc":{"start":{"line":77,"column":11},"end":{"line":77,"column":67}},"line":77},"7":{"name":"(anonymous_7)","decl":{"start":{"line":84,"column":23},"end":{"line":84,"column":24}},"loc":{"start":{"line":84,"column":29},"end":{"line":84,"column":52}},"line":84}},"branchMap":{"0":{"loc":{"start":{"line":38,"column":6},"end":{"line":42,"column":7}},"type":"if","locations":[{"start":{"line":38,"column":6},"end":{"line":42,"column":7}},{"start":{},"end":{}}],"line":38},"1":{"loc":{"start":{"line":46,"column":8},"end":{"line":46,"column":68}},"type":"cond-expr","locations":[{"start":{"line":46,"column":33},"end":{"line":46,"column":46}},{"start":{"line":46,"column":49},"end":{"line":46,"column":68}}],"line":46},"2":{"loc":{"start":{"line":57,"column":6},"end":{"line":69,"column":7}},"type":"if","locations":[{"start":{"line":57,"column":6},"end":{"line":69,"column":7}},{"start":{"line":65,"column":13},"end":{"line":69,"column":7}}],"line":57}},"s":{"0":0,"1":0,"2":0,"3":0,"4":0,"5":0,"6":0,"7":0,"8":0,"9":0,"10":0,"11":0,"12":0,"13":0,"14":0,"15":0,"16":0,"17":0,"18":0,"19":0,"20":0,"21":0,"22":0,"23":0,"24":0,"25":0,"26":0,"27":0,"28":0,"29":0,"30":0,"31":0},"f":{"0":0,"1":0,"2":0,"3":0,"4":0,"5":0,"6":0,"7":0},"b":{"0":[0,0],"1":[0,0],"2":[0,0]}}
,"C:\\Users\\iwata\\OneDrive\\Desktop\\dev\\conta-certa\\frontend\\src\\auth\\firebase.ts": {"path":"C:\\Users\\iwata\\OneDrive\\Desktop\\dev\\conta-certa\\frontend\\src\\auth\\firebase.ts","statementMap":{"0":{"start":{"line":10,"column":23},"end":{"line":18,"column":1}},"1":{"start":{"line":25,"column":12},"end":{"line":35,"column":4}},"2":{"start":{"line":26,"column":2},"end":{"line":28,"column":3}},"3":{"start":{"line":27,"column":4},"end":{"line":27,"column":34}},"4":{"start":{"line":30,"column":23},"end":{"line":30,"column":32}},"5":{"start":{"line":32,"column":4},"end":{"line":32,"column":77}},"6":{"start":{"line":33,"column":2},"end":{"line":33,"column":39}},"7":{"start":{"line":34,"column":2},"end":{"line":34,"column":21}},"8":{"start":{"line":37,"column":13},"end":{"line":53,"column":4}},"9":{"start":{"line":38,"column":2},"end":{"line":40,"column":3}},"10":{"start":{"line":39,"column":4},"end":{"line":39,"column":35}},"11":{"start":{"line":42,"column":2},"end":{"line":52,"column":3}},"12":{"start":{"line":43,"column":28},"end":{"line":45,"column":6}},"13":{"start":{"line":46,"column":4},"end":{"line":46,"column":46}},"14":{"start":{"line":47,"column":4},"end":{"line":47,"column":27}},"15":{"start":{"line":49,"column":25},"end":{"line":49,"column":37}},"16":{"start":{"line":50,"column":4},"end":{"line":50,"column":43}},"17":{"start":{"line":51,"column":4},"end":{"line":51,"column":24}}},"fnMap":{"0":{"name":"(anonymous_0)","decl":{"start":{"line":25,"column":13},"end":{"line":25,"column":14}},"loc":{"start":{"line":25,"column":19},"end":{"line":35,"column":1}},"line":25},"1":{"name":"(anonymous_1)","decl":{"start":{"line":37,"column":14},"end":{"line":37,"column":15}},"loc":{"start":{"line":37,"column":20},"end":{"line":53,"column":1}},"line":37}},"branchMap":{"0":{"loc":{"start":{"line":26,"column":2},"end":{"line":28,"column":3}},"type":"if","locations":[{"start":{"line":26,"column":2},"end":{"line":28,"column":3}},{"start":{},"end":{}}],"line":26},"1":{"loc":{"start":{"line":32,"column":4},"end":{"line":32,"column":77}},"type":"cond-expr","locations":[{"start":{"line":32,"column":30},"end":{"line":32,"column":45}},{"start":{"line":32,"column":48},"end":{"line":32,"column":77}}],"line":32},"2":{"loc":{"start":{"line":38,"column":2},"end":{"line":40,"column":3}},"type":"if","locations":[{"start":{"line":38,"column":2},"end":{"line":40,"column":3}},{"start":{},"end":{}}],"line":38}},"s":{"0":0,"1":0,"2":0,"3":0,"4":0,"5":0,"6":0,"7":0,"8":0,"9":0,"10":0,"11":0,"12":0,"13":0,"14":0,"15":0,"16":0,"17":0},"f":{"0":0,"1":0},"b":{"0":[0,0],"1":[0,0],"2":[0,0]}}
,"C:\\Users\\iwata\\OneDrive\\Desktop\\dev\\conta-certa\\frontend\\src\\components\\DatePickerModal.tsx": {"path":"C:\\Users\\iwata\\OneDrive\\Desktop\\dev\\conta-certa\\frontend\\src\\components\\DatePickerModal.tsx","statementMap":{"0":{"start":{"line":14,"column":12},"end":{"line":14,"column":30}},"1":{"start":{"line":15,"column":12},"end":{"line":15,"column":53}},"2":{"start":{"line":16,"column":12},"end":{"line":16,"column":48}},"3":{"start":{"line":17,"column":2},"end":{"line":17,"column":26}},"4":{"start":{"line":21,"column":12},"end":{"line":21,"column":48}},"5":{"start":{"line":22,"column":12},"end":{"line":22,"column":53}},"6":{"start":{"line":23,"column":12},"end":{"line":23,"column":30}},"7":{"start":{"line":24,"column":2},"end":{"line":24,"column":26}},"8":{"start":{"line":28,"column":2},"end":{"line":28,"column":28}},"9":{"start":{"line":28,"column":16},"end":{"line":28,"column":28}},"10":{"start":{"line":29,"column":2},"end":{"line":39,"column":3}},"11":{"start":{"line":30,"column":4},"end":{"line":34,"column":5}},"12":{"start":{"line":31,"column":29},"end":{"line":31,"column":47}},"13":{"start":{"line":32,"column":17},"end":{"line":32,"column":67}},"14":{"start":{"line":33,"column":6},"end":{"line":33,"column":45}},"15":{"start":{"line":35,"column":15},"end":{"line":35,"column":32}},"16":{"start":{"line":36,"column":4},"end":{"line":36,"column":43}},"17":{"start":{"line":38,"column":4},"end":{"line":38,"column":16}},"18":{"start":{"line":43,"column":16},"end":{"line":43,"column":26}},"19":{"start":{"line":44,"column":30},"end":{"line":48,"column":4}},"20":{"start":{"line":45,"column":17},"end":{"line":45,"column":42}},"21":{"start":{"line":46,"column":17},"end":{"line":46,"column":35}},"22":{"start":{"line":47,"column":4},"end":{"line":47,"column":60}},"23":{"start":{"line":49,"column":34},"end":{"line":52,"column":4}},"24":{"start":{"line":50,"column":17},"end":{"line":50,"column":42}},"25":{"start":{"line":51,"column":4},"end":{"line":51,"column":37}},"26":{"start":{"line":54,"column":15},"end":{"line":75,"column":14}},"27":{"start":{"line":55,"column":21},"end":{"line":55,"column":73}},"28":{"start":{"line":56,"column":20},"end":{"line":56,"column":76}},"29":{"start":{"line":57,"column":25},"end":{"line":57,"column":52}},"30":{"start":{"line":58,"column":18},"end":{"line":58,"column":50}},"31":{"start":{"line":59,"column":17},"end":{"line":59,"column":73}},"32":{"start":{"line":60,"column":14},"end":{"line":60,"column":63}},"33":{"start":{"line":61,"column":4},"end":{"line":61,"column":67}},"34":{"start":{"line":61,"column":17},"end":{"line":61,"column":18}},"35":{"start":{"line":61,"column":43},"end":{"line":61,"column":67}},"36":{"start":{"line":62,"column":4},"end":{"line":69,"column":5}},"37":{"start":{"line":62,"column":17},"end":{"line":62,"column":18}},"38":{"start":{"line":63,"column":19},"end":{"line":63,"column":71}},"39":{"start":{"line":64,"column":6},"end":{"line":64,"column":45}},"40":{"start":{"line":65,"column":6},"end":{"line":68,"column":7}},"41":{"start":{"line":66,"column":8},"end":{"line":66,"column":23}},"42":{"start":{"line":67,"column":8},"end":{"line":67,"column":17}},"43":{"start":{"line":70,"column":4},"end":{"line":73,"column":5}},"44":{"start":{"line":71,"column":6},"end":{"line":71,"column":53}},"45":{"start":{"line":71,"column":29},"end":{"line":71,"column":53}},"46":{"start":{"line":72,"column":6},"end":{"line":72,"column":21}},"47":{"start":{"line":74,"column":4},"end":{"line":74,"column":16}},"48":{"start":{"line":77,"column":24},"end":{"line":85,"column":3}},"49":{"start":{"line":78,"column":4},"end":{"line":84,"column":5}},"50":{"start":{"line":80,"column":33},"end":{"line":80,"column":64}},"51":{"start":{"line":81,"column":17},"end":{"line":81,"column":47}},"52":{"start":{"line":82,"column":6},"end":{"line":82,"column":26}},"53":{"start":{"line":83,"column":6},"end":{"line":83,"column":18}},"54":{"start":{"line":87,"column":2},"end":{"line":132,"column":4}},"55":{"start":{"line":93,"column":59},"end":{"line":93,"column":126}},"56":{"start":{"line":97,"column":60},"end":{"line":97,"column":127}},"57":{"start":{"line":101,"column":14},"end":{"line":101,"column":109}},"58":{"start":{"line":105,"column":12},"end":{"line":121,"column":19}},"59":{"start":{"line":107,"column":31},"end":{"line":107,"column":64}},"60":{"start":{"line":108,"column":16},"end":{"line":119,"column":18}},"61":{"start":{"line":113,"column":35},"end":{"line":113,"column":64}}},"fnMap":{"0":{"name":"toISO","decl":{"start":{"line":13,"column":9},"end":{"line":13,"column":14}},"loc":{"start":{"line":13,"column":27},"end":{"line":18,"column":1}},"line":13},"1":{"name":"toBR","decl":{"start":{"line":20,"column":9},"end":{"line":20,"column":13}},"loc":{"start":{"line":20,"column":26},"end":{"line":25,"column":1}},"line":20},"2":{"name":"parseInitial","decl":{"start":{"line":27,"column":9},"end":{"line":27,"column":21}},"loc":{"start":{"line":27,"column":53},"end":{"line":40,"column":1}},"line":27},"3":{"name":"DatePickerModal","decl":{"start":{"line":42,"column":24},"end":{"line":42,"column":39}},"loc":{"start":{"line":42,"column":102},"end":{"line":133,"column":1}},"line":42},"4":{"name":"(anonymous_4)","decl":{"start":{"line":44,"column":39},"end":{"line":44,"column":40}},"loc":{"start":{"line":44,"column":45},"end":{"line":48,"column":3}},"line":44},"5":{"name":"(anonymous_5)","decl":{"start":{"line":49,"column":58},"end":{"line":49,"column":59}},"loc":{"start":{"line":49,"column":64},"end":{"line":52,"column":3}},"line":49},"6":{"name":"(anonymous_6)","decl":{"start":{"line":54,"column":23},"end":{"line":54,"column":24}},"loc":{"start":{"line":54,"column":29},"end":{"line":75,"column":3}},"line":54},"7":{"name":"(anonymous_7)","decl":{"start":{"line":77,"column":24},"end":{"line":77,"column":25}},"loc":{"start":{"line":77,"column":30},"end":{"line":85,"column":3}},"line":77},"8":{"name":"(anonymous_8)","decl":{"start":{"line":93,"column":53},"end":{"line":93,"column":54}},"loc":{"start":{"line":93,"column":59},"end":{"line":93,"column":126}},"line":93},"9":{"name":"(anonymous_9)","decl":{"start":{"line":97,"column":54},"end":{"line":97,"column":55}},"loc":{"start":{"line":97,"column":60},"end":{"line":97,"column":127}},"line":97},"10":{"name":"(anonymous_10)","decl":{"start":{"line":100,"column":53},"end":{"line":100,"column":54}},"loc":{"start":{"line":101,"column":14},"end":{"line":101,"column":109}},"line":101},"11":{"name":"(anonymous_11)","decl":{"start":{"line":104,"column":20},"end":{"line":104,"column":21}},"loc":{"start":{"line":105,"column":12},"end":{"line":121,"column":19}},"line":105},"12":{"name":"(anonymous_12)","decl":{"start":{"line":106,"column":23},"end":{"line":106,"column":24}},"loc":{"start":{"line":106,"column":39},"end":{"line":120,"column":15}},"line":106},"13":{"name":"(anonymous_13)","decl":{"start":{"line":113,"column":29},"end":{"line":113,"column":30}},"loc":{"start":{"line":113,"column":35},"end":{"line":113,"column":64}},"line":113}},"branchMap":{"0":{"loc":{"start":{"line":28,"column":2},"end":{"line":28,"column":28}},"type":"if","locations":[{"start":{"line":28,"column":2},"end":{"line":28,"column":28}},{"start":{},"end":{}}],"line":28},"1":{"loc":{"start":{"line":30,"column":4},"end":{"line":34,"column":5}},"type":"if","locations":[{"start":{"line":30,"column":4},"end":{"line":34,"column":5}},{"start":{},"end":{}}],"line":30},"2":{"loc":{"start":{"line":33,"column":13},"end":{"line":33,"column":44}},"type":"cond-expr","locations":[{"start":{"line":33,"column":35},"end":{"line":33,"column":39}},{"start":{"line":33,"column":42},"end":{"line":33,"column":44}}],"line":33},"3":{"loc":{"start":{"line":36,"column":11},"end":{"line":36,"column":42}},"type":"cond-expr","locations":[{"start":{"line":36,"column":33},"end":{"line":36,"column":37}},{"start":{"line":36,"column":40},"end":{"line":36,"column":42}}],"line":36},"4":{"loc":{"start":{"line":46,"column":17},"end":{"line":46,"column":35}},"type":"binary-expr","locations":[{"start":{"line":46,"column":17},"end":{"line":46,"column":21}},{"start":{"line":46,"column":25},"end":{"line":46,"column":35}}],"line":46},"5":{"loc":{"start":{"line":51,"column":11},"end":{"line":51,"column":36}},"type":"cond-expr","locations":[{"start":{"line":51,"column":18},"end":{"line":51,"column":29}},{"start":{"line":51,"column":32},"end":{"line":51,"column":36}}],"line":51},"6":{"loc":{"start":{"line":65,"column":6},"end":{"line":68,"column":7}},"type":"if","locations":[{"start":{"line":65,"column":6},"end":{"line":68,"column":7}},{"start":{},"end":{}}],"line":65},"7":{"loc":{"start":{"line":70,"column":4},"end":{"line":73,"column":5}},"type":"if","locations":[{"start":{"line":70,"column":4},"end":{"line":73,"column":5}},{"start":{},"end":{}}],"line":70},"8":{"loc":{"start":{"line":78,"column":4},"end":{"line":84,"column":5}},"type":"if","locations":[{"start":{"line":78,"column":4},"end":{"line":84,"column":5}},{"start":{},"end":{}}],"line":78},"9":{"loc":{"start":{"line":90,"column":23},"end":{"line":90,"column":49}},"type":"binary-expr","locations":[{"start":{"line":90,"column":23},"end":{"line":90,"column":28}},{"start":{"line":90,"column":32},"end":{"line":90,"column":49}}],"line":90},"10":{"loc":{"start":{"line":107,"column":31},"end":{"line":107,"column":64}},"type":"binary-expr","locations":[{"start":{"line":107,"column":31},"end":{"line":107,"column":39}},{"start":{"line":107,"column":43},"end":{"line":107,"column":64}}],"line":107},"11":{"loc":{"start":{"line":111,"column":135},"end":{"line":111,"column":180}},"type":"cond-expr","locations":[{"start":{"line":111,"column":144},"end":{"line":111,"column":164}},{"start":{"line":111,"column":167},"end":{"line":111,"column":180}}],"line":111},"12":{"loc":{"start":{"line":113,"column":47},"end":{"line":113,"column":63}},"type":"binary-expr","locations":[{"start":{"line":113,"column":47},"end":{"line":113,"column":55}},{"start":{"line":113,"column":59},"end":{"line":113,"column":63}}],"line":113},"13":{"loc":{"start":{"line":115,"column":42},"end":{"line":115,"column":98}},"type":"cond-expr","locations":[{"start":{"line":115,"column":51},"end":{"line":115,"column":73}},{"start":{"line":115,"column":76},"end":{"line":115,"column":98}}],"line":115},"14":{"loc":{"start":{"line":115,"column":109},"end":{"line":115,"column":125}},"type":"cond-expr","locations":[{"start":{"line":115,"column":120},"end":{"line":115,"column":121}},{"start":{"line":115,"column":124},"end":{"line":115,"column":125}}],"line":115},"15":{"loc":{"start":{"line":116,"column":23},"end":{"line":116,"column":37}},"type":"binary-expr","locations":[{"start":{"line":116,"column":23},"end":{"line":116,"column":31}},{"start":{"line":116,"column":35},"end":{"line":116,"column":37}}],"line":116}},"s":{"0":0,"1":0,"2":0,"3":0,"4":0,"5":0,"6":0,"7":0,"8":0,"9":0,"10":0,"11":0,"12":0,"13":0,"14":0,"15":0,"16":0,"17":0,"18":0,"19":0,"20":0,"21":0,"22":0,"23":0,"24":0,"25":0,"26":0,"27":0,"28":0,"29":0,"30":0,"31":0,"32":0,"33":0,"34":0,"35":0,"36":0,"37":0,"38":0,"39":0,"40":0,"41":0,"42":0,"43":0,"44":0,"45":0,"46":0,"47":0,"48":0,"49":0,"50":0,"51":0,"52":0,"53":0,"54":0,"55":0,"56":0,"57":0,"58":0,"59":0,"60":0,"61":0},"f":{"0":0,"1":0,"2":0,"3":0,"4":0,"5":0,"6":0,"7":0,"8":0,"9":0,"10":0,"11":0,"12":0,"13":0},"b":{"0":[0,0],"1":[0,0],"2":[0,0],"3":[0,0],"4":[0,0],"5":[0,0],"6":[0,0],"7":[0,0],"8":[0,0],"9":[0,0],"10":[0,0],"11":[0,0],"12":[0,0],"13":[0,0],"14":[0,0],"15":[0,0]}}
,"C:\\Users\\iwata\\OneDrive\\Desktop\\dev\\conta-certa\\frontend\\src\\context\\FabContext.tsx": {"path":"C:\\Users\\iwata\\OneDrive\\Desktop\\dev\\conta-certa\\frontend\\src\\context\\FabContext.tsx","statementMap":{"0":{"start":{"line":8,"column":19},"end":{"line":8,"column":71}},"1":{"start":{"line":11,"column":38},"end":{"line":11,"column":52}},"2":{"start":{"line":13,"column":2},"end":{"line":17,"column":4}},"3":{"start":{"line":21,"column":18},"end":{"line":21,"column":40}},"4":{"start":{"line":22,"column":2},"end":{"line":24,"column":3}},"5":{"start":{"line":23,"column":4},"end":{"line":23,"column":62}},"6":{"start":{"line":25,"column":2},"end":{"line":25,"column":17}}},"fnMap":{"0":{"name":"FabProvider","decl":{"start":{"line":10,"column":16},"end":{"line":10,"column":27}},"loc":{"start":{"line":10,"column":73},"end":{"line":18,"column":1}},"line":10},"1":{"name":"useFab","decl":{"start":{"line":20,"column":16},"end":{"line":20,"column":22}},"loc":{"start":{"line":20,"column":25},"end":{"line":26,"column":1}},"line":20}},"branchMap":{"0":{"loc":{"start":{"line":22,"column":2},"end":{"line":24,"column":3}},"type":"if","locations":[{"start":{"line":22,"column":2},"end":{"line":24,"column":3}},{"start":{},"end":{}}],"line":22}},"s":{"0":0,"1":0,"2":0,"3":0,"4":0,"5":0,"6":0},"f":{"0":0,"1":0},"b":{"0":[0,0]}}
,"C:\\Users\\iwata\\OneDrive\\Desktop\\dev\\conta-certa\\frontend\\src\\data\\dashboard.ts": {"path":"C:\\Users\\iwata\\OneDrive\\Desktop\\dev\\conta-certa\\frontend\\src\\data\\dashboard.ts","statementMap":{"0":{"start":{"line":1,"column":29},"end":{"line":115,"column":10}}},"fnMap":{},"branchMap":{},"s":{"0":0},"f":{},"b":{}}
,"C:\\Users\\iwata\\OneDrive\\Desktop\\dev\\conta-certa\\frontend\\src\\domain\\Transacao.ts": {"path":"C:\\Users\\iwata\\OneDrive\\Desktop\\dev\\conta-certa\\frontend\\src\\domain\\Transacao.ts","statementMap":{"0":{"start":{"line":17,"column":2},"end":{"line":17,"column":61}},"1":{"start":{"line":17,"column":27},"end":{"line":17,"column":61}},"2":{"start":{"line":18,"column":2},"end":{"line":18,"column":35}},"3":{"start":{"line":47,"column":4},"end":{"line":49,"column":5}},"4":{"start":{"line":48,"column":6},"end":{"line":48,"column":54}},"5":{"start":{"line":50,"column":4},"end":{"line":52,"column":5}},"6":{"start":{"line":51,"column":6},"end":{"line":51,"column":55}},"7":{"start":{"line":53,"column":4},"end":{"line":55,"column":5}},"8":{"start":{"line":54,"column":6},"end":{"line":54,"column":48}},"9":{"start":{"line":56,"column":4},"end":{"line":58,"column":5}},"10":{"start":{"line":57,"column":6},"end":{"line":57,"column":63}},"11":{"start":{"line":60,"column":4},"end":{"line":60,"column":32}},"12":{"start":{"line":61,"column":4},"end":{"line":61,"column":28}},"13":{"start":{"line":62,"column":4},"end":{"line":62,"column":36}},"14":{"start":{"line":63,"column":4},"end":{"line":63,"column":39}},"15":{"start":{"line":64,"column":4},"end":{"line":64,"column":40}},"16":{"start":{"line":65,"column":4},"end":{"line":65,"column":22}},"17":{"start":{"line":66,"column":4},"end":{"line":66,"column":44}},"18":{"start":{"line":67,"column":4},"end":{"line":67,"column":40}},"19":{"start":{"line":68,"column":4},"end":{"line":68,"column":34}},"20":{"start":{"line":69,"column":4},"end":{"line":69,"column":34}},"21":{"start":{"line":73,"column":4},"end":{"line":73,"column":20}},"22":{"start":{"line":77,"column":4},"end":{"line":77,"column":27}},"23":{"start":{"line":81,"column":4},"end":{"line":83,"column":5}},"24":{"start":{"line":82,"column":6},"end":{"line":82,"column":54}},"25":{"start":{"line":84,"column":4},"end":{"line":84,"column":39}},"26":{"start":{"line":88,"column":4},"end":{"line":88,"column":23}},"27":{"start":{"line":92,"column":4},"end":{"line":94,"column":5}},"28":{"start":{"line":93,"column":6},"end":{"line":93,"column":55}},"29":{"start":{"line":95,"column":4},"end":{"line":95,"column":40}},"30":{"start":{"line":99,"column":4},"end":{"line":99,"column":22}},"31":{"start":{"line":103,"column":4},"end":{"line":103,"column":57}},"32":{"start":{"line":103,"column":15},"end":{"line":103,"column":57}},"33":{"start":{"line":104,"column":4},"end":{"line":104,"column":22}},"34":{"start":{"line":108,"column":4},"end":{"line":108,"column":27}},"35":{"start":{"line":112,"column":4},"end":{"line":112,"column":27}},"36":{"start":{"line":116,"column":4},"end":{"line":116,"column":27}},"37":{"start":{"line":119,"column":4},"end":{"line":119,"column":25}},"38":{"start":{"line":122,"column":4},"end":{"line":122,"column":29}},"39":{"start":{"line":125,"column":4},"end":{"line":125,"column":33}},"40":{"start":{"line":128,"column":4},"end":{"line":128,"column":30}},"41":{"start":{"line":131,"column":4},"end":{"line":131,"column":28}},"42":{"start":{"line":134,"column":4},"end":{"line":134,"column":42}},"43":{"start":{"line":137,"column":4},"end":{"line":137,"column":39}},"44":{"start":{"line":146,"column":21},"end":{"line":146,"column":63}},"45":{"start":{"line":147,"column":12},"end":{"line":147,"column":30}},"46":{"start":{"line":148,"column":2},"end":{"line":148,"column":38}},"47":{"start":{"line":148,"column":27},"end":{"line":148,"column":38}},"48":{"start":{"line":149,"column":2},"end":{"line":149,"column":11}},"49":{"start":{"line":153,"column":12},"end":{"line":153,"column":27}},"50":{"start":{"line":154,"column":2},"end":{"line":154,"column":39}}},"fnMap":{"0":{"name":"normalizeValor","decl":{"start":{"line":16,"column":9},"end":{"line":16,"column":23}},"loc":{"start":{"line":16,"column":43},"end":{"line":19,"column":1}},"line":16},"1":{"name":"(anonymous_1)","decl":{"start":{"line":35,"column":2},"end":{"line":35,"column":3}},"loc":{"start":{"line":46,"column":4},"end":{"line":70,"column":3}},"line":46},"2":{"name":"(anonymous_2)","decl":{"start":{"line":72,"column":2},"end":{"line":72,"column":3}},"loc":{"start":{"line":72,"column":37},"end":{"line":74,"column":3}},"line":72},"3":{"name":"(anonymous_3)","decl":{"start":{"line":76,"column":2},"end":{"line":76,"column":3}},"loc":{"start":{"line":76,"column":32},"end":{"line":78,"column":3}},"line":76},"4":{"name":"(anonymous_4)","decl":{"start":{"line":80,"column":2},"end":{"line":80,"column":3}},"loc":{"start":{"line":80,"column":47},"end":{"line":85,"column":3}},"line":80},"5":{"name":"(anonymous_5)","decl":{"start":{"line":87,"column":2},"end":{"line":87,"column":3}},"loc":{"start":{"line":87,"column":28},"end":{"line":89,"column":3}},"line":87},"6":{"name":"(anonymous_6)","decl":{"start":{"line":91,"column":2},"end":{"line":91,"column":3}},"loc":{"start":{"line":91,"column":39},"end":{"line":96,"column":3}},"line":91},"7":{"name":"(anonymous_7)","decl":{"start":{"line":98,"column":2},"end":{"line":98,"column":3}},"loc":{"start":{"line":98,"column":25},"end":{"line":100,"column":3}},"line":98},"8":{"name":"(anonymous_8)","decl":{"start":{"line":102,"column":2},"end":{"line":102,"column":3}},"loc":{"start":{"line":102,"column":35},"end":{"line":105,"column":3}},"line":102},"9":{"name":"(anonymous_9)","decl":{"start":{"line":107,"column":2},"end":{"line":107,"column":3}},"loc":{"start":{"line":107,"column":37},"end":{"line":109,"column":3}},"line":107},"10":{"name":"(anonymous_10)","decl":{"start":{"line":111,"column":2},"end":{"line":111,"column":3}},"loc":{"start":{"line":111,"column":32},"end":{"line":113,"column":3}},"line":111},"11":{"name":"(anonymous_11)","decl":{"start":{"line":115,"column":2},"end":{"line":115,"column":3}},"loc":{"start":{"line":115,"column":33},"end":{"line":117,"column":3}},"line":115},"12":{"name":"(anonymous_12)","decl":{"start":{"line":118,"column":2},"end":{"line":118,"column":3}},"loc":{"start":{"line":118,"column":31},"end":{"line":120,"column":3}},"line":118},"13":{"name":"(anonymous_13)","decl":{"start":{"line":121,"column":2},"end":{"line":121,"column":3}},"loc":{"start":{"line":121,"column":35},"end":{"line":123,"column":3}},"line":121},"14":{"name":"(anonymous_14)","decl":{"start":{"line":124,"column":2},"end":{"line":124,"column":3}},"loc":{"start":{"line":124,"column":37},"end":{"line":126,"column":3}},"line":124},"15":{"name":"(anonymous_15)","decl":{"start":{"line":127,"column":2},"end":{"line":127,"column":3}},"loc":{"start":{"line":127,"column":37},"end":{"line":129,"column":3}},"line":127},"16":{"name":"(anonymous_16)","decl":{"start":{"line":130,"column":2},"end":{"line":130,"column":3}},"loc":{"start":{"line":130,"column":46},"end":{"line":132,"column":3}},"line":130},"17":{"name":"(anonymous_17)","decl":{"start":{"line":133,"column":2},"end":{"line":133,"column":3}},"loc":{"start":{"line":133,"column":60},"end":{"line":135,"column":3}},"line":133},"18":{"name":"(anonymous_18)","decl":{"start":{"line":136,"column":2},"end":{"line":136,"column":3}},"loc":{"start":{"line":136,"column":61},"end":{"line":138,"column":3}},"line":136},"19":{"name":"parseValorFromInput","decl":{"start":{"line":145,"column":16},"end":{"line":145,"column":35}},"loc":{"start":{"line":145,"column":59},"end":{"line":150,"column":1}},"line":145},"20":{"name":"parseDateFromInput","decl":{"start":{"line":152,"column":16},"end":{"line":152,"column":34}},"loc":{"start":{"line":152,"column":63},"end":{"line":155,"column":1}},"line":152}},"branchMap":{"0":{"loc":{"start":{"line":17,"column":2},"end":{"line":17,"column":61}},"type":"if","locations":[{"start":{"line":17,"column":2},"end":{"line":17,"column":61}},{"start":{},"end":{}}],"line":17},"1":{"loc":{"start":{"line":47,"column":4},"end":{"line":49,"column":5}},"type":"if","locations":[{"start":{"line":47,"column":4},"end":{"line":49,"column":5}},{"start":{},"end":{}}],"line":47},"2":{"loc":{"start":{"line":47,"column":8},"end":{"line":47,"column":39}},"type":"binary-expr","locations":[{"start":{"line":47,"column":8},"end":{"line":47,"column":18}},{"start":{"line":47,"column":22},"end":{"line":47,"column":39}}],"line":47},"3":{"loc":{"start":{"line":50,"column":4},"end":{"line":52,"column":5}},"type":"if","locations":[{"start":{"line":50,"column":4},"end":{"line":52,"column":5}},{"start":{},"end":{}}],"line":50},"4":{"loc":{"start":{"line":53,"column":4},"end":{"line":55,"column":5}},"type":"if","locations":[{"start":{"line":53,"column":4},"end":{"line":55,"column":5}},{"start":{},"end":{}}],"line":53},"5":{"loc":{"start":{"line":56,"column":4},"end":{"line":58,"column":5}},"type":"if","locations":[{"start":{"line":56,"column":4},"end":{"line":58,"column":5}},{"start":{},"end":{}}],"line":56},"6":{"loc":{"start":{"line":81,"column":4},"end":{"line":83,"column":5}},"type":"if","locations":[{"start":{"line":81,"column":4},"end":{"line":83,"column":5}},{"start":{},"end":{}}],"line":81},"7":{"loc":{"start":{"line":81,"column":8},"end":{"line":81,"column":39}},"type":"binary-expr","locations":[{"start":{"line":81,"column":8},"end":{"line":81,"column":18}},{"start":{"line":81,"column":22},"end":{"line":81,"column":39}}],"line":81},"8":{"loc":{"start":{"line":92,"column":4},"end":{"line":94,"column":5}},"type":"if","locations":[{"start":{"line":92,"column":4},"end":{"line":94,"column":5}},{"start":{},"end":{}}],"line":92},"9":{"loc":{"start":{"line":103,"column":4},"end":{"line":103,"column":57}},"type":"if","locations":[{"start":{"line":103,"column":4},"end":{"line":103,"column":57}},{"start":{},"end":{}}],"line":103},"10":{"loc":{"start":{"line":148,"column":2},"end":{"line":148,"column":38}},"type":"if","locations":[{"start":{"line":148,"column":2},"end":{"line":148,"column":38}},{"start":{},"end":{}}],"line":148},"11":{"loc":{"start":{"line":154,"column":9},"end":{"line":154,"column":38}},"type":"cond-expr","locations":[{"start":{"line":154,"column":30},"end":{"line":154,"column":34}},{"start":{"line":154,"column":37},"end":{"line":154,"column":38}}],"line":154}},"s":{"0":0,"1":0,"2":0,"3":0,"4":0,"5":0,"6":0,"7":0,"8":0,"9":0,"10":0,"11":0,"12":0,"13":0,"14":0,"15":0,"16":0,"17":0,"18":0,"19":0,"20":0,"21":0,"22":0,"23":0,"24":0,"25":0,"26":0,"27":0,"28":0,"29":0,"30":0,"31":0,"32":0,"33":0,"34":0,"35":0,"36":0,"37":0,"38":0,"39":0,"40":0,"41":0,"42":0,"43":0,"44":0,"45":0,"46":0,"47":0,"48":0,"49":0,"50":0},"f":{"0":0,"1":0,"2":0,"3":0,"4":0,"5":0,"6":0,"7":0,"8":0,"9":0,"10":0,"11":0,"12":0,"13":0,"14":0,"15":0,"16":0,"17":0,"18":0,"19":0,"20":0},"b":{"0":[0,0],"1":[0,0],"2":[0,0],"3":[0,0],"4":[0,0],"5":[0,0],"6":[0,0],"7":[0,0],"8":[0,0],"9":[0,0],"10":[0,0],"11":[0,0]}}
,"C:\\Users\\iwata\\OneDrive\\Desktop\\dev\\conta-certa\\frontend\\src\\domain\\categorias.ts": {"path":"C:\\Users\\iwata\\OneDrive\\Desktop\\dev\\conta-certa\\frontend\\src\\domain\\categorias.ts","statementMap":{"0":{"start":{"line":3,"column":46},"end":{"line":13,"column":1}}},"fnMap":{},"branchMap":{},"s":{"0":0},"f":{},"b":{}}
,"C:\\Users\\iwata\\OneDrive\\Desktop\\dev\\conta-certa\\frontend\\src\\navigation\\_layout.tsx": {"path":"C:\\Users\\iwata\\OneDrive\\Desktop\\dev\\conta-certa\\frontend\\src\\navigation\\_layout.tsx","statementMap":{"0":{"start":{"line":10,"column":16},"end":{"line":10,"column":26}},"1":{"start":{"line":11,"column":2},"end":{"line":29,"column":4}},"2":{"start":{"line":33,"column":2},"end":{"line":37,"column":4}}},"fnMap":{"0":{"name":"ThemedShell","decl":{"start":{"line":9,"column":9},"end":{"line":9,"column":20}},"loc":{"start":{"line":9,"column":23},"end":{"line":30,"column":1}},"line":9},"1":{"name":"RootLayout","decl":{"start":{"line":32,"column":24},"end":{"line":32,"column":34}},"loc":{"start":{"line":32,"column":37},"end":{"line":38,"column":1}},"line":32}},"branchMap":{"0":{"loc":{"start":{"line":16,"column":19},"end":{"line":16,"column":48}},"type":"cond-expr","locations":[{"start":{"line":16,"column":32},"end":{"line":16,"column":39}},{"start":{"line":16,"column":42},"end":{"line":16,"column":48}}],"line":16}},"s":{"0":0,"1":0,"2":0},"f":{"0":0,"1":0},"b":{"0":[0,0]}}
,"C:\\Users\\iwata\\OneDrive\\Desktop\\dev\\conta-certa\\frontend\\src\\screens\\AddExpenseOneTime.tsx": {"path":"C:\\Users\\iwata\\OneDrive\\Desktop\\dev\\conta-certa\\frontend\\src\\screens\\AddExpenseOneTime.tsx","statementMap":{"0":{"start":{"line":11,"column":13},"end":{"line":11,"column":23}},"1":{"start":{"line":12,"column":13},"end":{"line":12,"column":47}},"2":{"start":{"line":13,"column":13},"end":{"line":13,"column":52}},"3":{"start":{"line":14,"column":15},"end":{"line":14,"column":31}},"4":{"start":{"line":15,"column":2},"end":{"line":15,"column":31}},"5":{"start":{"line":20,"column":17},"end":{"line":20,"column":42}},"6":{"start":{"line":21,"column":14},"end":{"line":21,"column":54}},"7":{"start":{"line":22,"column":16},"end":{"line":22,"column":38}},"8":{"start":{"line":23,"column":17},"end":{"line":23,"column":33}},"9":{"start":{"line":24,"column":15},"end":{"line":24,"column":54}},"10":{"start":{"line":25,"column":2},"end":{"line":25,"column":27}},"11":{"start":{"line":29,"column":17},"end":{"line":29,"column":43}},"12":{"start":{"line":30,"column":14},"end":{"line":30,"column":54}},"13":{"start":{"line":31,"column":2},"end":{"line":31,"column":19}},"14":{"start":{"line":35,"column":17},"end":{"line":35,"column":28}},"15":{"start":{"line":36,"column":17},"end":{"line":36,"column":36}},"16":{"start":{"line":37,"column":19},"end":{"line":37,"column":28}},"17":{"start":{"line":39,"column":40},"end":{"line":39,"column":69}},"18":{"start":{"line":40,"column":44},"end":{"line":40,"column":59}},"19":{"start":{"line":41,"column":36},"end":{"line":41,"column":48}},"20":{"start":{"line":42,"column":40},"end":{"line":42,"column":59}},"21":{"start":{"line":43,"column":26},"end":{"line":43,"column":45}},"22":{"start":{"line":44,"column":36},"end":{"line":44,"column":51}},"23":{"start":{"line":45,"column":28},"end":{"line":45,"column":57}},"24":{"start":{"line":46,"column":28},"end":{"line":46,"column":57}},"25":{"start":{"line":47,"column":30},"end":{"line":47,"column":45}},"26":{"start":{"line":49,"column":24},"end":{"line":52,"column":3}},"27":{"start":{"line":50,"column":10},"end":{"line":50,"column":52}},"28":{"start":{"line":55,"column":4},"end":{"line":75,"column":5}},"29":{"start":{"line":56,"column":6},"end":{"line":56,"column":21}},"30":{"start":{"line":57,"column":16},"end":{"line":57,"column":50}},"31":{"start":{"line":58,"column":6},"end":{"line":58,"column":90}},"32":{"start":{"line":58,"column":41},"end":{"line":58,"column":90}},"33":{"start":{"line":59,"column":24},"end":{"line":59,"column":39}},"34":{"start":{"line":60,"column":6},"end":{"line":70,"column":9}},"35":{"start":{"line":71,"column":6},"end":{"line":71,"column":55}},"36":{"start":{"line":72,"column":6},"end":{"line":72,"column":43}},"37":{"start":{"line":72,"column":23},"end":{"line":72,"column":36}},"38":{"start":{"line":74,"column":6},"end":{"line":74,"column":47}},"39":{"start":{"line":78,"column":2},"end":{"line":134,"column":4}},"40":{"start":{"line":81,"column":42},"end":{"line":81,"column":55}},"41":{"start":{"line":93,"column":33},"end":{"line":93,"column":72}},"42":{"start":{"line":99,"column":117},"end":{"line":99,"column":132}},"43":{"start":{"line":108,"column":29},"end":{"line":108,"column":52}},"44":{"start":{"line":109,"column":59},"end":{"line":109,"column":81}},"45":{"start":{"line":109,"column":175},"end":{"line":109,"column":195}},"46":{"start":{"line":112,"column":14},"end":{"line":112,"column":120}},"47":{"start":{"line":112,"column":53},"end":{"line":112,"column":74}},"48":{"start":{"line":112,"column":75},"end":{"line":112,"column":99}},"49":{"start":{"line":128,"column":51},"end":{"line":128,"column":65}},"50":{"start":{"line":132,"column":57},"end":{"line":132,"column":73}},"51":{"start":{"line":132,"column":95},"end":{"line":132,"column":107}}},"fnMap":{"0":{"name":"todayBR","decl":{"start":{"line":10,"column":9},"end":{"line":10,"column":16}},"loc":{"start":{"line":10,"column":19},"end":{"line":16,"column":1}},"line":10},"1":{"name":"formatCurrencyMaskBR","decl":{"start":{"line":19,"column":9},"end":{"line":19,"column":29}},"loc":{"start":{"line":19,"column":45},"end":{"line":26,"column":1}},"line":19},"2":{"name":"parseMaskedBRToNumber","decl":{"start":{"line":28,"column":9},"end":{"line":28,"column":30}},"loc":{"start":{"line":28,"column":47},"end":{"line":32,"column":1}},"line":28},"3":{"name":"AddExpenseOneTime","decl":{"start":{"line":34,"column":24},"end":{"line":34,"column":41}},"loc":{"start":{"line":34,"column":44},"end":{"line":135,"column":1}},"line":34},"4":{"name":"(anonymous_4)","decl":{"start":{"line":50,"column":4},"end":{"line":50,"column":5}},"loc":{"start":{"line":50,"column":10},"end":{"line":50,"column":52}},"line":50},"5":{"name":"handleSave","decl":{"start":{"line":54,"column":17},"end":{"line":54,"column":27}},"loc":{"start":{"line":54,"column":30},"end":{"line":76,"column":3}},"line":54},"6":{"name":"(anonymous_6)","decl":{"start":{"line":72,"column":17},"end":{"line":72,"column":18}},"loc":{"start":{"line":72,"column":23},"end":{"line":72,"column":36}},"line":72},"7":{"name":"(anonymous_7)","decl":{"start":{"line":81,"column":36},"end":{"line":81,"column":37}},"loc":{"start":{"line":81,"column":42},"end":{"line":81,"column":55}},"line":81},"8":{"name":"(anonymous_8)","decl":{"start":{"line":93,"column":26},"end":{"line":93,"column":27}},"loc":{"start":{"line":93,"column":33},"end":{"line":93,"column":72}},"line":93},"9":{"name":"(anonymous_9)","decl":{"start":{"line":99,"column":111},"end":{"line":99,"column":112}},"loc":{"start":{"line":99,"column":117},"end":{"line":99,"column":132}},"line":99},"10":{"name":"(anonymous_10)","decl":{"start":{"line":108,"column":23},"end":{"line":108,"column":24}},"loc":{"start":{"line":108,"column":29},"end":{"line":108,"column":52}},"line":108},"11":{"name":"(anonymous_11)","decl":{"start":{"line":109,"column":53},"end":{"line":109,"column":54}},"loc":{"start":{"line":109,"column":59},"end":{"line":109,"column":81}},"line":109},"12":{"name":"(anonymous_12)","decl":{"start":{"line":109,"column":168},"end":{"line":109,"column":169}},"loc":{"start":{"line":109,"column":175},"end":{"line":109,"column":195}},"line":109},"13":{"name":"(anonymous_13)","decl":{"start":{"line":111,"column":35},"end":{"line":111,"column":36}},"loc":{"start":{"line":112,"column":14},"end":{"line":112,"column":120}},"line":112},"14":{"name":"(anonymous_14)","decl":{"start":{"line":112,"column":45},"end":{"line":112,"column":46}},"loc":{"start":{"line":112,"column":51},"end":{"line":112,"column":101}},"line":112},"15":{"name":"(anonymous_15)","decl":{"start":{"line":128,"column":45},"end":{"line":128,"column":46}},"loc":{"start":{"line":128,"column":51},"end":{"line":128,"column":65}},"line":128},"16":{"name":"(anonymous_16)","decl":{"start":{"line":132,"column":51},"end":{"line":132,"column":52}},"loc":{"start":{"line":132,"column":57},"end":{"line":132,"column":73}},"line":132},"17":{"name":"(anonymous_17)","decl":{"start":{"line":132,"column":86},"end":{"line":132,"column":87}},"loc":{"start":{"line":132,"column":95},"end":{"line":132,"column":107}},"line":132}},"branchMap":{"0":{"loc":{"start":{"line":21,"column":14},"end":{"line":21,"column":54}},"type":"cond-expr","locations":[{"start":{"line":21,"column":30},"end":{"line":21,"column":31}},{"start":{"line":21,"column":34},"end":{"line":21,"column":54}}],"line":21},"1":{"loc":{"start":{"line":30,"column":14},"end":{"line":30,"column":54}},"type":"cond-expr","locations":[{"start":{"line":30,"column":30},"end":{"line":30,"column":31}},{"start":{"line":30,"column":34},"end":{"line":30,"column":54}}],"line":30},"2":{"loc":{"start":{"line":50,"column":10},"end":{"line":50,"column":52}},"type":"binary-expr","locations":[{"start":{"line":50,"column":10},"end":{"line":50,"column":20}},{"start":{"line":50,"column":24},"end":{"line":50,"column":29}},{"start":{"line":50,"column":33},"end":{"line":50,"column":52}}],"line":50},"3":{"loc":{"start":{"line":58,"column":6},"end":{"line":58,"column":90}},"type":"if","locations":[{"start":{"line":58,"column":6},"end":{"line":58,"column":90}},{"start":{},"end":{}}],"line":58},"4":{"loc":{"start":{"line":58,"column":10},"end":{"line":58,"column":39}},"type":"binary-expr","locations":[{"start":{"line":58,"column":10},"end":{"line":58,"column":29}},{"start":{"line":58,"column":33},"end":{"line":58,"column":39}}],"line":58},"5":{"loc":{"start":{"line":59,"column":24},"end":{"line":59,"column":39}},"type":"binary-expr","locations":[{"start":{"line":59,"column":24},"end":{"line":59,"column":33}},{"start":{"line":59,"column":37},"end":{"line":59,"column":39}}],"line":59},"6":{"loc":{"start":{"line":69,"column":21},"end":{"line":69,"column":37}},"type":"binary-expr","locations":[{"start":{"line":69,"column":21},"end":{"line":69,"column":32}},{"start":{"line":69,"column":36},"end":{"line":69,"column":37}}],"line":69},"7":{"loc":{"start":{"line":74,"column":15},"end":{"line":74,"column":45}},"type":"binary-expr","locations":[{"start":{"line":74,"column":15},"end":{"line":74,"column":25}},{"start":{"line":74,"column":29},"end":{"line":74,"column":45}}],"line":74},"8":{"loc":{"start":{"line":109,"column":84},"end":{"line":109,"column":204}},"type":"cond-expr","locations":[{"start":{"line":109,"column":106},"end":{"line":109,"column":128}},{"start":{"line":109,"column":131},"end":{"line":109,"column":204}}],"line":109},"9":{"loc":{"start":{"line":116,"column":11},"end":{"line":120,"column":11}},"type":"binary-expr","locations":[{"start":{"line":116,"column":11},"end":{"line":116,"column":18}},{"start":{"line":117,"column":12},"end":{"line":119,"column":25}}],"line":116}},"s":{"0":0,"1":0,"2":0,"3":0,"4":0,"5":0,"6":0,"7":0,"8":0,"9":0,"10":0,"11":0,"12":0,"13":0,"14":0,"15":0,"16":0,"17":0,"18":0,"19":0,"20":0,"21":0,"22":0,"23":0,"24":0,"25":0,"26":0,"27":0,"28":0,"29":0,"30":0,"31":0,"32":0,"33":0,"34":0,"35":0,"36":0,"37":0,"38":0,"39":0,"40":0,"41":0,"42":0,"43":0,"44":0,"45":0,"46":0,"47":0,"48":0,"49":0,"50":0,"51":0},"f":{"0":0,"1":0,"2":0,"3":0,"4":0,"5":0,"6":0,"7":0,"8":0,"9":0,"10":0,"11":0,"12":0,"13":0,"14":0,"15":0,"16":0,"17":0},"b":{"0":[0,0],"1":[0,0],"2":[0,0,0],"3":[0,0],"4":[0,0],"5":[0,0],"6":[0,0],"7":[0,0],"8":[0,0],"9":[0,0]}}
,"C:\\Users\\iwata\\OneDrive\\Desktop\\dev\\conta-certa\\frontend\\src\\screens\\AddExpenseRecurring.tsx": {"path":"C:\\Users\\iwata\\OneDrive\\Desktop\\dev\\conta-certa\\frontend\\src\\screens\\AddExpenseRecurring.tsx","statementMap":{"0":{"start":{"line":11,"column":13},"end":{"line":11,"column":23}},"1":{"start":{"line":12,"column":13},"end":{"line":12,"column":47}},"2":{"start":{"line":13,"column":13},"end":{"line":13,"column":52}},"3":{"start":{"line":14,"column":15},"end":{"line":14,"column":31}},"4":{"start":{"line":15,"column":2},"end":{"line":15,"column":31}},"5":{"start":{"line":20,"column":17},"end":{"line":20,"column":42}},"6":{"start":{"line":21,"column":14},"end":{"line":21,"column":54}},"7":{"start":{"line":22,"column":16},"end":{"line":22,"column":38}},"8":{"start":{"line":23,"column":17},"end":{"line":23,"column":33}},"9":{"start":{"line":24,"column":15},"end":{"line":24,"column":54}},"10":{"start":{"line":25,"column":2},"end":{"line":25,"column":27}},"11":{"start":{"line":29,"column":17},"end":{"line":29,"column":43}},"12":{"start":{"line":30,"column":14},"end":{"line":30,"column":54}},"13":{"start":{"line":31,"column":2},"end":{"line":31,"column":19}},"14":{"start":{"line":35,"column":17},"end":{"line":35,"column":28}},"15":{"start":{"line":36,"column":17},"end":{"line":36,"column":36}},"16":{"start":{"line":37,"column":19},"end":{"line":37,"column":28}},"17":{"start":{"line":39,"column":40},"end":{"line":39,"column":69}},"18":{"start":{"line":40,"column":44},"end":{"line":40,"column":59}},"19":{"start":{"line":41,"column":36},"end":{"line":41,"column":48}},"20":{"start":{"line":42,"column":40},"end":{"line":42,"column":59}},"21":{"start":{"line":43,"column":26},"end":{"line":43,"column":45}},"22":{"start":{"line":44,"column":36},"end":{"line":44,"column":50}},"23":{"start":{"line":45,"column":28},"end":{"line":45,"column":57}},"24":{"start":{"line":46,"column":28},"end":{"line":46,"column":57}},"25":{"start":{"line":47,"column":30},"end":{"line":47,"column":45}},"26":{"start":{"line":49,"column":24},"end":{"line":52,"column":3}},"27":{"start":{"line":50,"column":10},"end":{"line":50,"column":52}},"28":{"start":{"line":55,"column":4},"end":{"line":75,"column":5}},"29":{"start":{"line":56,"column":6},"end":{"line":56,"column":21}},"30":{"start":{"line":57,"column":16},"end":{"line":57,"column":50}},"31":{"start":{"line":58,"column":6},"end":{"line":58,"column":90}},"32":{"start":{"line":58,"column":41},"end":{"line":58,"column":90}},"33":{"start":{"line":59,"column":24},"end":{"line":59,"column":39}},"34":{"start":{"line":60,"column":6},"end":{"line":70,"column":9}},"35":{"start":{"line":71,"column":6},"end":{"line":71,"column":49}},"36":{"start":{"line":72,"column":6},"end":{"line":72,"column":43}},"37":{"start":{"line":72,"column":23},"end":{"line":72,"column":36}},"38":{"start":{"line":74,"column":6},"end":{"line":74,"column":47}},"39":{"start":{"line":78,"column":2},"end":{"line":134,"column":4}},"40":{"start":{"line":81,"column":42},"end":{"line":81,"column":55}},"41":{"start":{"line":93,"column":33},"end":{"line":93,"column":72}},"42":{"start":{"line":99,"column":117},"end":{"line":99,"column":132}},"43":{"start":{"line":108,"column":29},"end":{"line":108,"column":52}},"44":{"start":{"line":109,"column":59},"end":{"line":109,"column":81}},"45":{"start":{"line":109,"column":175},"end":{"line":109,"column":195}},"46":{"start":{"line":112,"column":14},"end":{"line":112,"column":120}},"47":{"start":{"line":112,"column":53},"end":{"line":112,"column":74}},"48":{"start":{"line":112,"column":75},"end":{"line":112,"column":99}},"49":{"start":{"line":128,"column":51},"end":{"line":128,"column":65}},"50":{"start":{"line":132,"column":57},"end":{"line":132,"column":73}},"51":{"start":{"line":132,"column":95},"end":{"line":132,"column":107}}},"fnMap":{"0":{"name":"todayBR","decl":{"start":{"line":10,"column":9},"end":{"line":10,"column":16}},"loc":{"start":{"line":10,"column":19},"end":{"line":16,"column":1}},"line":10},"1":{"name":"formatCurrencyMaskBR","decl":{"start":{"line":19,"column":9},"end":{"line":19,"column":29}},"loc":{"start":{"line":19,"column":45},"end":{"line":26,"column":1}},"line":19},"2":{"name":"parseMaskedBRToNumber","decl":{"start":{"line":28,"column":9},"end":{"line":28,"column":30}},"loc":{"start":{"line":28,"column":47},"end":{"line":32,"column":1}},"line":28},"3":{"name":"AddExpenseRecurring","decl":{"start":{"line":34,"column":24},"end":{"line":34,"column":43}},"loc":{"start":{"line":34,"column":46},"end":{"line":135,"column":1}},"line":34},"4":{"name":"(anonymous_4)","decl":{"start":{"line":50,"column":4},"end":{"line":50,"column":5}},"loc":{"start":{"line":50,"column":10},"end":{"line":50,"column":52}},"line":50},"5":{"name":"handleSave","decl":{"start":{"line":54,"column":17},"end":{"line":54,"column":27}},"loc":{"start":{"line":54,"column":30},"end":{"line":76,"column":3}},"line":54},"6":{"name":"(anonymous_6)","decl":{"start":{"line":72,"column":17},"end":{"line":72,"column":18}},"loc":{"start":{"line":72,"column":23},"end":{"line":72,"column":36}},"line":72},"7":{"name":"(anonymous_7)","decl":{"start":{"line":81,"column":36},"end":{"line":81,"column":37}},"loc":{"start":{"line":81,"column":42},"end":{"line":81,"column":55}},"line":81},"8":{"name":"(anonymous_8)","decl":{"start":{"line":93,"column":26},"end":{"line":93,"column":27}},"loc":{"start":{"line":93,"column":33},"end":{"line":93,"column":72}},"line":93},"9":{"name":"(anonymous_9)","decl":{"start":{"line":99,"column":111},"end":{"line":99,"column":112}},"loc":{"start":{"line":99,"column":117},"end":{"line":99,"column":132}},"line":99},"10":{"name":"(anonymous_10)","decl":{"start":{"line":108,"column":23},"end":{"line":108,"column":24}},"loc":{"start":{"line":108,"column":29},"end":{"line":108,"column":52}},"line":108},"11":{"name":"(anonymous_11)","decl":{"start":{"line":109,"column":53},"end":{"line":109,"column":54}},"loc":{"start":{"line":109,"column":59},"end":{"line":109,"column":81}},"line":109},"12":{"name":"(anonymous_12)","decl":{"start":{"line":109,"column":168},"end":{"line":109,"column":169}},"loc":{"start":{"line":109,"column":175},"end":{"line":109,"column":195}},"line":109},"13":{"name":"(anonymous_13)","decl":{"start":{"line":111,"column":35},"end":{"line":111,"column":36}},"loc":{"start":{"line":112,"column":14},"end":{"line":112,"column":120}},"line":112},"14":{"name":"(anonymous_14)","decl":{"start":{"line":112,"column":45},"end":{"line":112,"column":46}},"loc":{"start":{"line":112,"column":51},"end":{"line":112,"column":101}},"line":112},"15":{"name":"(anonymous_15)","decl":{"start":{"line":128,"column":45},"end":{"line":128,"column":46}},"loc":{"start":{"line":128,"column":51},"end":{"line":128,"column":65}},"line":128},"16":{"name":"(anonymous_16)","decl":{"start":{"line":132,"column":51},"end":{"line":132,"column":52}},"loc":{"start":{"line":132,"column":57},"end":{"line":132,"column":73}},"line":132},"17":{"name":"(anonymous_17)","decl":{"start":{"line":132,"column":86},"end":{"line":132,"column":87}},"loc":{"start":{"line":132,"column":95},"end":{"line":132,"column":107}},"line":132}},"branchMap":{"0":{"loc":{"start":{"line":21,"column":14},"end":{"line":21,"column":54}},"type":"cond-expr","locations":[{"start":{"line":21,"column":30},"end":{"line":21,"column":31}},{"start":{"line":21,"column":34},"end":{"line":21,"column":54}}],"line":21},"1":{"loc":{"start":{"line":30,"column":14},"end":{"line":30,"column":54}},"type":"cond-expr","locations":[{"start":{"line":30,"column":30},"end":{"line":30,"column":31}},{"start":{"line":30,"column":34},"end":{"line":30,"column":54}}],"line":30},"2":{"loc":{"start":{"line":50,"column":10},"end":{"line":50,"column":52}},"type":"binary-expr","locations":[{"start":{"line":50,"column":10},"end":{"line":50,"column":20}},{"start":{"line":50,"column":24},"end":{"line":50,"column":29}},{"start":{"line":50,"column":33},"end":{"line":50,"column":52}}],"line":50},"3":{"loc":{"start":{"line":58,"column":6},"end":{"line":58,"column":90}},"type":"if","locations":[{"start":{"line":58,"column":6},"end":{"line":58,"column":90}},{"start":{},"end":{}}],"line":58},"4":{"loc":{"start":{"line":58,"column":10},"end":{"line":58,"column":39}},"type":"binary-expr","locations":[{"start":{"line":58,"column":10},"end":{"line":58,"column":29}},{"start":{"line":58,"column":33},"end":{"line":58,"column":39}}],"line":58},"5":{"loc":{"start":{"line":59,"column":24},"end":{"line":59,"column":39}},"type":"binary-expr","locations":[{"start":{"line":59,"column":24},"end":{"line":59,"column":33}},{"start":{"line":59,"column":37},"end":{"line":59,"column":39}}],"line":59},"6":{"loc":{"start":{"line":69,"column":21},"end":{"line":69,"column":37}},"type":"binary-expr","locations":[{"start":{"line":69,"column":21},"end":{"line":69,"column":32}},{"start":{"line":69,"column":36},"end":{"line":69,"column":37}}],"line":69},"7":{"loc":{"start":{"line":74,"column":15},"end":{"line":74,"column":45}},"type":"binary-expr","locations":[{"start":{"line":74,"column":15},"end":{"line":74,"column":25}},{"start":{"line":74,"column":29},"end":{"line":74,"column":45}}],"line":74},"8":{"loc":{"start":{"line":109,"column":84},"end":{"line":109,"column":204}},"type":"cond-expr","locations":[{"start":{"line":109,"column":106},"end":{"line":109,"column":128}},{"start":{"line":109,"column":131},"end":{"line":109,"column":204}}],"line":109},"9":{"loc":{"start":{"line":116,"column":11},"end":{"line":120,"column":11}},"type":"binary-expr","locations":[{"start":{"line":116,"column":11},"end":{"line":116,"column":18}},{"start":{"line":117,"column":12},"end":{"line":119,"column":25}}],"line":116}},"s":{"0":0,"1":0,"2":0,"3":0,"4":0,"5":0,"6":0,"7":0,"8":0,"9":0,"10":0,"11":0,"12":0,"13":0,"14":0,"15":0,"16":0,"17":0,"18":0,"19":0,"20":0,"21":0,"22":0,"23":0,"24":0,"25":0,"26":0,"27":0,"28":0,"29":0,"30":0,"31":0,"32":0,"33":0,"34":0,"35":0,"36":0,"37":0,"38":0,"39":0,"40":0,"41":0,"42":0,"43":0,"44":0,"45":0,"46":0,"47":0,"48":0,"49":0,"50":0,"51":0},"f":{"0":0,"1":0,"2":0,"3":0,"4":0,"5":0,"6":0,"7":0,"8":0,"9":0,"10":0,"11":0,"12":0,"13":0,"14":0,"15":0,"16":0,"17":0},"b":{"0":[0,0],"1":[0,0],"2":[0,0,0],"3":[0,0],"4":[0,0],"5":[0,0],"6":[0,0],"7":[0,0],"8":[0,0],"9":[0,0]}}
,"C:\\Users\\iwata\\OneDrive\\Desktop\\dev\\conta-certa\\frontend\\src\\screens\\AddExpenseRecurringChild.tsx": {"path":"C:\\Users\\iwata\\OneDrive\\Desktop\\dev\\conta-certa\\frontend\\src\\screens\\AddExpenseRecurringChild.tsx","statementMap":{"0":{"start":{"line":12,"column":17},"end":{"line":12,"column":42}},"1":{"start":{"line":13,"column":14},"end":{"line":13,"column":54}},"2":{"start":{"line":14,"column":16},"end":{"line":14,"column":38}},"3":{"start":{"line":15,"column":17},"end":{"line":15,"column":33}},"4":{"start":{"line":16,"column":15},"end":{"line":16,"column":54}},"5":{"start":{"line":17,"column":2},"end":{"line":17,"column":27}},"6":{"start":{"line":21,"column":17},"end":{"line":21,"column":43}},"7":{"start":{"line":22,"column":14},"end":{"line":22,"column":54}},"8":{"start":{"line":23,"column":2},"end":{"line":23,"column":19}},"9":{"start":{"line":27,"column":17},"end":{"line":27,"column":28}},"10":{"start":{"line":28,"column":17},"end":{"line":28,"column":36}},"11":{"start":{"line":29,"column":19},"end":{"line":29,"column":28}},"12":{"start":{"line":31,"column":40},"end":{"line":31,"column":69}},"13":{"start":{"line":32,"column":44},"end":{"line":32,"column":59}},"14":{"start":{"line":33,"column":36},"end":{"line":33,"column":48}},"15":{"start":{"line":34,"column":40},"end":{"line":34,"column":59}},"16":{"start":{"line":35,"column":26},"end":{"line":41,"column":4}},"17":{"start":{"line":36,"column":15},"end":{"line":36,"column":25}},"18":{"start":{"line":37,"column":15},"end":{"line":37,"column":49}},"19":{"start":{"line":38,"column":15},"end":{"line":38,"column":54}},"20":{"start":{"line":39,"column":17},"end":{"line":39,"column":33}},"21":{"start":{"line":40,"column":4},"end":{"line":40,"column":33}},"22":{"start":{"line":42,"column":36},"end":{"line":42,"column":51}},"23":{"start":{"line":44,"column":26},"end":{"line":44,"column":50}},"24":{"start":{"line":45,"column":32},"end":{"line":45,"column":47}},"25":{"start":{"line":46,"column":28},"end":{"line":46,"column":57}},"26":{"start":{"line":47,"column":34},"end":{"line":47,"column":63}},"27":{"start":{"line":49,"column":28},"end":{"line":49,"column":57}},"28":{"start":{"line":50,"column":28},"end":{"line":50,"column":57}},"29":{"start":{"line":51,"column":30},"end":{"line":51,"column":45}},"30":{"start":{"line":53,"column":2},"end":{"line":62,"column":9}},"31":{"start":{"line":54,"column":4},"end":{"line":61,"column":9}},"32":{"start":{"line":55,"column":6},"end":{"line":60,"column":7}},"33":{"start":{"line":56,"column":22},"end":{"line":56,"column":53}},"34":{"start":{"line":57,"column":8},"end":{"line":57,"column":29}},"35":{"start":{"line":59,"column":8},"end":{"line":59,"column":64}},"36":{"start":{"line":64,"column":24},"end":{"line":67,"column":3}},"37":{"start":{"line":65,"column":10},"end":{"line":65,"column":69}},"38":{"start":{"line":70,"column":4},"end":{"line":91,"column":5}},"39":{"start":{"line":71,"column":6},"end":{"line":71,"column":21}},"40":{"start":{"line":72,"column":16},"end":{"line":72,"column":50}},"41":{"start":{"line":73,"column":6},"end":{"line":73,"column":90}},"42":{"start":{"line":73,"column":41},"end":{"line":73,"column":90}},"43":{"start":{"line":74,"column":6},"end":{"line":74,"column":79}},"44":{"start":{"line":74,"column":25},"end":{"line":74,"column":79}},"45":{"start":{"line":75,"column":24},"end":{"line":75,"column":39}},"46":{"start":{"line":76,"column":6},"end":{"line":86,"column":9}},"47":{"start":{"line":87,"column":6},"end":{"line":87,"column":44}},"48":{"start":{"line":88,"column":6},"end":{"line":88,"column":43}},"49":{"start":{"line":88,"column":23},"end":{"line":88,"column":36}},"50":{"start":{"line":90,"column":6},"end":{"line":90,"column":47}},"51":{"start":{"line":94,"column":2},"end":{"line":159,"column":4}},"52":{"start":{"line":97,"column":42},"end":{"line":97,"column":55}},"53":{"start":{"line":105,"column":29},"end":{"line":105,"column":46}},"54":{"start":{"line":106,"column":59},"end":{"line":106,"column":75}},"55":{"start":{"line":109,"column":14},"end":{"line":109,"column":228}},"56":{"start":{"line":109,"column":53},"end":{"line":109,"column":68}},"57":{"start":{"line":109,"column":69},"end":{"line":109,"column":108}},"58":{"start":{"line":109,"column":109},"end":{"line":109,"column":127}},"59":{"start":{"line":109,"column":128},"end":{"line":109,"column":176}},"60":{"start":{"line":109,"column":144},"end":{"line":109,"column":176}},"61":{"start":{"line":118,"column":33},"end":{"line":118,"column":72}},"62":{"start":{"line":124,"column":117},"end":{"line":124,"column":132}},"63":{"start":{"line":133,"column":29},"end":{"line":133,"column":52}},"64":{"start":{"line":134,"column":59},"end":{"line":134,"column":81}},"65":{"start":{"line":134,"column":175},"end":{"line":134,"column":195}},"66":{"start":{"line":137,"column":14},"end":{"line":137,"column":120}},"67":{"start":{"line":137,"column":53},"end":{"line":137,"column":74}},"68":{"start":{"line":137,"column":75},"end":{"line":137,"column":99}},"69":{"start":{"line":153,"column":51},"end":{"line":153,"column":65}},"70":{"start":{"line":157,"column":57},"end":{"line":157,"column":73}},"71":{"start":{"line":157,"column":95},"end":{"line":157,"column":107}}},"fnMap":{"0":{"name":"formatCurrencyMaskBR","decl":{"start":{"line":11,"column":9},"end":{"line":11,"column":29}},"loc":{"start":{"line":11,"column":45},"end":{"line":18,"column":1}},"line":11},"1":{"name":"parseMaskedBRToNumber","decl":{"start":{"line":20,"column":9},"end":{"line":20,"column":30}},"loc":{"start":{"line":20,"column":47},"end":{"line":24,"column":1}},"line":20},"2":{"name":"AddExpenseRecurringChild","decl":{"start":{"line":26,"column":24},"end":{"line":26,"column":48}},"loc":{"start":{"line":26,"column":51},"end":{"line":160,"column":1}},"line":26},"3":{"name":"(anonymous_3)","decl":{"start":{"line":35,"column":35},"end":{"line":35,"column":36}},"loc":{"start":{"line":35,"column":41},"end":{"line":41,"column":3}},"line":35},"4":{"name":"(anonymous_4)","decl":{"start":{"line":53,"column":12},"end":{"line":53,"column":13}},"loc":{"start":{"line":53,"column":18},"end":{"line":62,"column":3}},"line":53},"5":{"name":"(anonymous_5)","decl":{"start":{"line":54,"column":5},"end":{"line":54,"column":6}},"loc":{"start":{"line":54,"column":17},"end":{"line":61,"column":5}},"line":54},"6":{"name":"(anonymous_6)","decl":{"start":{"line":65,"column":4},"end":{"line":65,"column":5}},"loc":{"start":{"line":65,"column":10},"end":{"line":65,"column":69}},"line":65},"7":{"name":"handleSave","decl":{"start":{"line":69,"column":17},"end":{"line":69,"column":27}},"loc":{"start":{"line":69,"column":30},"end":{"line":92,"column":3}},"line":69},"8":{"name":"(anonymous_8)","decl":{"start":{"line":88,"column":17},"end":{"line":88,"column":18}},"loc":{"start":{"line":88,"column":23},"end":{"line":88,"column":36}},"line":88},"9":{"name":"(anonymous_9)","decl":{"start":{"line":97,"column":36},"end":{"line":97,"column":37}},"loc":{"start":{"line":97,"column":42},"end":{"line":97,"column":55}},"line":97},"10":{"name":"(anonymous_10)","decl":{"start":{"line":105,"column":23},"end":{"line":105,"column":24}},"loc":{"start":{"line":105,"column":29},"end":{"line":105,"column":46}},"line":105},"11":{"name":"(anonymous_11)","decl":{"start":{"line":106,"column":53},"end":{"line":106,"column":54}},"loc":{"start":{"line":106,"column":59},"end":{"line":106,"column":75}},"line":106},"12":{"name":"(anonymous_12)","decl":{"start":{"line":108,"column":22},"end":{"line":108,"column":23}},"loc":{"start":{"line":109,"column":14},"end":{"line":109,"column":228}},"line":109},"13":{"name":"(anonymous_13)","decl":{"start":{"line":109,"column":45},"end":{"line":109,"column":46}},"loc":{"start":{"line":109,"column":51},"end":{"line":109,"column":178}},"line":109},"14":{"name":"(anonymous_14)","decl":{"start":{"line":118,"column":26},"end":{"line":118,"column":27}},"loc":{"start":{"line":118,"column":33},"end":{"line":118,"column":72}},"line":118},"15":{"name":"(anonymous_15)","decl":{"start":{"line":124,"column":111},"end":{"line":124,"column":112}},"loc":{"start":{"line":124,"column":117},"end":{"line":124,"column":132}},"line":124},"16":{"name":"(anonymous_16)","decl":{"start":{"line":133,"column":23},"end":{"line":133,"column":24}},"loc":{"start":{"line":133,"column":29},"end":{"line":133,"column":52}},"line":133},"17":{"name":"(anonymous_17)","decl":{"start":{"line":134,"column":53},"end":{"line":134,"column":54}},"loc":{"start":{"line":134,"column":59},"end":{"line":134,"column":81}},"line":134},"18":{"name":"(anonymous_18)","decl":{"start":{"line":134,"column":168},"end":{"line":134,"column":169}},"loc":{"start":{"line":134,"column":175},"end":{"line":134,"column":195}},"line":134},"19":{"name":"(anonymous_19)","decl":{"start":{"line":136,"column":35},"end":{"line":136,"column":36}},"loc":{"start":{"line":137,"column":14},"end":{"line":137,"column":120}},"line":137},"20":{"name":"(anonymous_20)","decl":{"start":{"line":137,"column":45},"end":{"line":137,"column":46}},"loc":{"start":{"line":137,"column":51},"end":{"line":137,"column":101}},"line":137},"21":{"name":"(anonymous_21)","decl":{"start":{"line":153,"column":45},"end":{"line":153,"column":46}},"loc":{"start":{"line":153,"column":51},"end":{"line":153,"column":65}},"line":153},"22":{"name":"(anonymous_22)","decl":{"start":{"line":157,"column":51},"end":{"line":157,"column":52}},"loc":{"start":{"line":157,"column":57},"end":{"line":157,"column":73}},"line":157},"23":{"name":"(anonymous_23)","decl":{"start":{"line":157,"column":86},"end":{"line":157,"column":87}},"loc":{"start":{"line":157,"column":95},"end":{"line":157,"column":107}},"line":157}},"branchMap":{"0":{"loc":{"start":{"line":13,"column":14},"end":{"line":13,"column":54}},"type":"cond-expr","locations":[{"start":{"line":13,"column":30},"end":{"line":13,"column":31}},{"start":{"line":13,"column":34},"end":{"line":13,"column":54}}],"line":13},"1":{"loc":{"start":{"line":22,"column":14},"end":{"line":22,"column":54}},"type":"cond-expr","locations":[{"start":{"line":22,"column":30},"end":{"line":22,"column":31}},{"start":{"line":22,"column":34},"end":{"line":22,"column":54}}],"line":22},"2":{"loc":{"start":{"line":57,"column":16},"end":{"line":57,"column":27}},"type":"binary-expr","locations":[{"start":{"line":57,"column":16},"end":{"line":57,"column":21}},{"start":{"line":57,"column":25},"end":{"line":57,"column":27}}],"line":57},"3":{"loc":{"start":{"line":59,"column":17},"end":{"line":59,"column":62}},"type":"binary-expr","locations":[{"start":{"line":59,"column":17},"end":{"line":59,"column":27}},{"start":{"line":59,"column":31},"end":{"line":59,"column":62}}],"line":59},"4":{"loc":{"start":{"line":65,"column":10},"end":{"line":65,"column":69}},"type":"binary-expr","locations":[{"start":{"line":65,"column":10},"end":{"line":65,"column":20}},{"start":{"line":65,"column":24},"end":{"line":65,"column":29}},{"start":{"line":65,"column":33},"end":{"line":65,"column":52}},{"start":{"line":65,"column":56},"end":{"line":65,"column":69}}],"line":65},"5":{"loc":{"start":{"line":73,"column":6},"end":{"line":73,"column":90}},"type":"if","locations":[{"start":{"line":73,"column":6},"end":{"line":73,"column":90}},{"start":{},"end":{}}],"line":73},"6":{"loc":{"start":{"line":73,"column":10},"end":{"line":73,"column":39}},"type":"binary-expr","locations":[{"start":{"line":73,"column":10},"end":{"line":73,"column":29}},{"start":{"line":73,"column":33},"end":{"line":73,"column":39}}],"line":73},"7":{"loc":{"start":{"line":74,"column":6},"end":{"line":74,"column":79}},"type":"if","locations":[{"start":{"line":74,"column":6},"end":{"line":74,"column":79}},{"start":{},"end":{}}],"line":74},"8":{"loc":{"start":{"line":75,"column":24},"end":{"line":75,"column":39}},"type":"binary-expr","locations":[{"start":{"line":75,"column":24},"end":{"line":75,"column":33}},{"start":{"line":75,"column":37},"end":{"line":75,"column":39}}],"line":75},"9":{"loc":{"start":{"line":85,"column":21},"end":{"line":85,"column":37}},"type":"binary-expr","locations":[{"start":{"line":85,"column":21},"end":{"line":85,"column":32}},{"start":{"line":85,"column":36},"end":{"line":85,"column":37}}],"line":85},"10":{"loc":{"start":{"line":90,"column":15},"end":{"line":90,"column":45}},"type":"binary-expr","locations":[{"start":{"line":90,"column":15},"end":{"line":90,"column":25}},{"start":{"line":90,"column":29},"end":{"line":90,"column":45}}],"line":90},"11":{"loc":{"start":{"line":106,"column":78},"end":{"line":106,"column":162}},"type":"cond-expr","locations":[{"start":{"line":106,"column":94},"end":{"line":106,"column":121}},{"start":{"line":106,"column":124},"end":{"line":106,"column":162}}],"line":106},"12":{"loc":{"start":{"line":106,"column":143},"end":{"line":106,"column":160}},"type":"binary-expr","locations":[{"start":{"line":106,"column":143},"end":{"line":106,"column":151}},{"start":{"line":106,"column":155},"end":{"line":106,"column":160}}],"line":106},"13":{"loc":{"start":{"line":109,"column":81},"end":{"line":109,"column":106}},"type":"binary-expr","locations":[{"start":{"line":109,"column":81},"end":{"line":109,"column":92}},{"start":{"line":109,"column":96},"end":{"line":109,"column":106}}],"line":109},"14":{"loc":{"start":{"line":109,"column":128},"end":{"line":109,"column":176}},"type":"if","locations":[{"start":{"line":109,"column":128},"end":{"line":109,"column":176}},{"start":{},"end":{}}],"line":109},"15":{"loc":{"start":{"line":109,"column":157},"end":{"line":109,"column":174}},"type":"binary-expr","locations":[{"start":{"line":109,"column":157},"end":{"line":109,"column":168}},{"start":{"line":109,"column":172},"end":{"line":109,"column":174}}],"line":109},"16":{"loc":{"start":{"line":109,"column":190},"end":{"line":109,"column":222}},"type":"binary-expr","locations":[{"start":{"line":109,"column":190},"end":{"line":109,"column":201}},{"start":{"line":109,"column":205},"end":{"line":109,"column":222}}],"line":109},"17":{"loc":{"start":{"line":134,"column":84},"end":{"line":134,"column":204}},"type":"cond-expr","locations":[{"start":{"line":134,"column":106},"end":{"line":134,"column":128}},{"start":{"line":134,"column":131},"end":{"line":134,"column":204}}],"line":134},"18":{"loc":{"start":{"line":141,"column":11},"end":{"line":145,"column":11}},"type":"binary-expr","locations":[{"start":{"line":141,"column":11},"end":{"line":141,"column":18}},{"start":{"line":142,"column":12},"end":{"line":144,"column":25}}],"line":141}},"s":{"0":0,"1":0,"2":0,"3":0,"4":0,"5":0,"6":0,"7":0,"8":0,"9":0,"10":0,"11":0,"12":0,"13":0,"14":0,"15":0,"16":0,"17":0,"18":0,"19":0,"20":0,"21":0,"22":0,"23":0,"24":0,"25":0,"26":0,"27":0,"28":0,"29":0,"30":0,"31":0,"32":0,"33":0,"34":0,"35":0,"36":0,"37":0,"38":0,"39":0,"40":0,"41":0,"42":0,"43":0,"44":0,"45":0,"46":0,"47":0,"48":0,"49":0,"50":0,"51":0,"52":0,"53":0,"54":0,"55":0,"56":0,"57":0,"58":0,"59":0,"60":0,"61":0,"62":0,"63":0,"64":0,"65":0,"66":0,"67":0,"68":0,"69":0,"70":0,"71":0},"f":{"0":0,"1":0,"2":0,"3":0,"4":0,"5":0,"6":0,"7":0,"8":0,"9":0,"10":0,"11":0,"12":0,"13":0,"14":0,"15":0,"16":0,"17":0,"18":0,"19":0,"20":0,"21":0,"22":0,"23":0},"b":{"0":[0,0],"1":[0,0],"2":[0,0],"3":[0,0],"4":[0,0,0,0],"5":[0,0],"6":[0,0],"7":[0,0],"8":[0,0],"9":[0,0],"10":[0,0],"11":[0,0],"12":[0,0],"13":[0,0],"14":[0,0],"15":[0,0],"16":[0,0],"17":[0,0],"18":[0,0]}}
,"C:\\Users\\iwata\\OneDrive\\Desktop\\dev\\conta-certa\\frontend\\src\\screens\\AddIncomeOneTime.tsx": {"path":"C:\\Users\\iwata\\OneDrive\\Desktop\\dev\\conta-certa\\frontend\\src\\screens\\AddIncomeOneTime.tsx","statementMap":{"0":{"start":{"line":11,"column":13},"end":{"line":11,"column":23}},"1":{"start":{"line":12,"column":13},"end":{"line":12,"column":47}},"2":{"start":{"line":13,"column":13},"end":{"line":13,"column":52}},"3":{"start":{"line":14,"column":15},"end":{"line":14,"column":31}},"4":{"start":{"line":15,"column":2},"end":{"line":15,"column":31}},"5":{"start":{"line":19,"column":17},"end":{"line":19,"column":42}},"6":{"start":{"line":20,"column":14},"end":{"line":20,"column":54}},"7":{"start":{"line":21,"column":16},"end":{"line":21,"column":38}},"8":{"start":{"line":22,"column":17},"end":{"line":22,"column":33}},"9":{"start":{"line":23,"column":15},"end":{"line":23,"column":54}},"10":{"start":{"line":24,"column":2},"end":{"line":24,"column":27}},"11":{"start":{"line":28,"column":17},"end":{"line":28,"column":43}},"12":{"start":{"line":29,"column":14},"end":{"line":29,"column":54}},"13":{"start":{"line":30,"column":2},"end":{"line":30,"column":19}},"14":{"start":{"line":34,"column":17},"end":{"line":34,"column":28}},"15":{"start":{"line":35,"column":17},"end":{"line":35,"column":36}},"16":{"start":{"line":36,"column":19},"end":{"line":36,"column":28}},"17":{"start":{"line":38,"column":36},"end":{"line":38,"column":48}},"18":{"start":{"line":39,"column":40},"end":{"line":39,"column":59}},"19":{"start":{"line":40,"column":26},"end":{"line":40,"column":45}},"20":{"start":{"line":41,"column":48},"end":{"line":41,"column":67}},"21":{"start":{"line":42,"column":36},"end":{"line":42,"column":50}},"22":{"start":{"line":44,"column":28},"end":{"line":44,"column":57}},"23":{"start":{"line":45,"column":28},"end":{"line":45,"column":57}},"24":{"start":{"line":47,"column":32},"end":{"line":47,"column":47}},"25":{"start":{"line":48,"column":32},"end":{"line":48,"column":47}},"26":{"start":{"line":50,"column":24},"end":{"line":53,"column":3}},"27":{"start":{"line":51,"column":10},"end":{"line":51,"column":49}},"28":{"start":{"line":56,"column":4},"end":{"line":76,"column":5}},"29":{"start":{"line":57,"column":6},"end":{"line":57,"column":21}},"30":{"start":{"line":58,"column":16},"end":{"line":58,"column":50}},"31":{"start":{"line":59,"column":6},"end":{"line":59,"column":90}},"32":{"start":{"line":59,"column":41},"end":{"line":59,"column":90}},"33":{"start":{"line":60,"column":24},"end":{"line":60,"column":39}},"34":{"start":{"line":61,"column":6},"end":{"line":71,"column":9}},"35":{"start":{"line":72,"column":6},"end":{"line":72,"column":55}},"36":{"start":{"line":73,"column":6},"end":{"line":73,"column":43}},"37":{"start":{"line":73,"column":23},"end":{"line":73,"column":36}},"38":{"start":{"line":75,"column":6},"end":{"line":75,"column":47}},"39":{"start":{"line":79,"column":2},"end":{"line":126,"column":4}},"40":{"start":{"line":82,"column":42},"end":{"line":82,"column":55}},"41":{"start":{"line":94,"column":33},"end":{"line":94,"column":72}},"42":{"start":{"line":100,"column":117},"end":{"line":100,"column":133}},"43":{"start":{"line":101,"column":135},"end":{"line":101,"column":151}},"44":{"start":{"line":119,"column":51},"end":{"line":119,"column":65}},"45":{"start":{"line":123,"column":58},"end":{"line":123,"column":75}},"46":{"start":{"line":123,"column":97},"end":{"line":123,"column":109}},"47":{"start":{"line":124,"column":58},"end":{"line":124,"column":75}},"48":{"start":{"line":124,"column":97},"end":{"line":124,"column":120}}},"fnMap":{"0":{"name":"todayBR","decl":{"start":{"line":10,"column":9},"end":{"line":10,"column":16}},"loc":{"start":{"line":10,"column":19},"end":{"line":16,"column":1}},"line":10},"1":{"name":"formatCurrencyMaskBR","decl":{"start":{"line":18,"column":9},"end":{"line":18,"column":29}},"loc":{"start":{"line":18,"column":45},"end":{"line":25,"column":1}},"line":18},"2":{"name":"parseMaskedBRToNumber","decl":{"start":{"line":27,"column":9},"end":{"line":27,"column":30}},"loc":{"start":{"line":27,"column":47},"end":{"line":31,"column":1}},"line":27},"3":{"name":"AddIncomeOneTime","decl":{"start":{"line":33,"column":24},"end":{"line":33,"column":40}},"loc":{"start":{"line":33,"column":43},"end":{"line":127,"column":1}},"line":33},"4":{"name":"(anonymous_4)","decl":{"start":{"line":51,"column":4},"end":{"line":51,"column":5}},"loc":{"start":{"line":51,"column":10},"end":{"line":51,"column":49}},"line":51},"5":{"name":"handleSave","decl":{"start":{"line":55,"column":17},"end":{"line":55,"column":27}},"loc":{"start":{"line":55,"column":30},"end":{"line":77,"column":3}},"line":55},"6":{"name":"(anonymous_6)","decl":{"start":{"line":73,"column":17},"end":{"line":73,"column":18}},"loc":{"start":{"line":73,"column":23},"end":{"line":73,"column":36}},"line":73},"7":{"name":"(anonymous_7)","decl":{"start":{"line":82,"column":36},"end":{"line":82,"column":37}},"loc":{"start":{"line":82,"column":42},"end":{"line":82,"column":55}},"line":82},"8":{"name":"(anonymous_8)","decl":{"start":{"line":94,"column":26},"end":{"line":94,"column":27}},"loc":{"start":{"line":94,"column":33},"end":{"line":94,"column":72}},"line":94},"9":{"name":"(anonymous_9)","decl":{"start":{"line":100,"column":111},"end":{"line":100,"column":112}},"loc":{"start":{"line":100,"column":117},"end":{"line":100,"column":133}},"line":100},"10":{"name":"(anonymous_10)","decl":{"start":{"line":101,"column":129},"end":{"line":101,"column":130}},"loc":{"start":{"line":101,"column":135},"end":{"line":101,"column":151}},"line":101},"11":{"name":"(anonymous_11)","decl":{"start":{"line":119,"column":45},"end":{"line":119,"column":46}},"loc":{"start":{"line":119,"column":51},"end":{"line":119,"column":65}},"line":119},"12":{"name":"(anonymous_12)","decl":{"start":{"line":123,"column":52},"end":{"line":123,"column":53}},"loc":{"start":{"line":123,"column":58},"end":{"line":123,"column":75}},"line":123},"13":{"name":"(anonymous_13)","decl":{"start":{"line":123,"column":88},"end":{"line":123,"column":89}},"loc":{"start":{"line":123,"column":97},"end":{"line":123,"column":109}},"line":123},"14":{"name":"(anonymous_14)","decl":{"start":{"line":124,"column":52},"end":{"line":124,"column":53}},"loc":{"start":{"line":124,"column":58},"end":{"line":124,"column":75}},"line":124},"15":{"name":"(anonymous_15)","decl":{"start":{"line":124,"column":88},"end":{"line":124,"column":89}},"loc":{"start":{"line":124,"column":97},"end":{"line":124,"column":120}},"line":124}},"branchMap":{"0":{"loc":{"start":{"line":20,"column":14},"end":{"line":20,"column":54}},"type":"cond-expr","locations":[{"start":{"line":20,"column":30},"end":{"line":20,"column":31}},{"start":{"line":20,"column":34},"end":{"line":20,"column":54}}],"line":20},"1":{"loc":{"start":{"line":29,"column":14},"end":{"line":29,"column":54}},"type":"cond-expr","locations":[{"start":{"line":29,"column":30},"end":{"line":29,"column":31}},{"start":{"line":29,"column":34},"end":{"line":29,"column":54}}],"line":29},"2":{"loc":{"start":{"line":51,"column":10},"end":{"line":51,"column":49}},"type":"binary-expr","locations":[{"start":{"line":51,"column":10},"end":{"line":51,"column":20}},{"start":{"line":51,"column":24},"end":{"line":51,"column":29}},{"start":{"line":51,"column":33},"end":{"line":51,"column":49}}],"line":51},"3":{"loc":{"start":{"line":59,"column":6},"end":{"line":59,"column":90}},"type":"if","locations":[{"start":{"line":59,"column":6},"end":{"line":59,"column":90}},{"start":{},"end":{}}],"line":59},"4":{"loc":{"start":{"line":59,"column":10},"end":{"line":59,"column":39}},"type":"binary-expr","locations":[{"start":{"line":59,"column":10},"end":{"line":59,"column":29}},{"start":{"line":59,"column":33},"end":{"line":59,"column":39}}],"line":59},"5":{"loc":{"start":{"line":60,"column":24},"end":{"line":60,"column":39}},"type":"binary-expr","locations":[{"start":{"line":60,"column":24},"end":{"line":60,"column":33}},{"start":{"line":60,"column":37},"end":{"line":60,"column":39}}],"line":60},"6":{"loc":{"start":{"line":75,"column":15},"end":{"line":75,"column":45}},"type":"binary-expr","locations":[{"start":{"line":75,"column":15},"end":{"line":75,"column":25}},{"start":{"line":75,"column":29},"end":{"line":75,"column":45}}],"line":75},"7":{"loc":{"start":{"line":108,"column":11},"end":{"line":112,"column":11}},"type":"binary-expr","locations":[{"start":{"line":108,"column":11},"end":{"line":108,"column":18}},{"start":{"line":109,"column":12},"end":{"line":111,"column":25}}],"line":108}},"s":{"0":0,"1":0,"2":0,"3":0,"4":0,"5":0,"6":0,"7":0,"8":0,"9":0,"10":0,"11":0,"12":0,"13":0,"14":0,"15":0,"16":0,"17":0,"18":0,"19":0,"20":0,"21":0,"22":0,"23":0,"24":0,"25":0,"26":0,"27":0,"28":0,"29":0,"30":0,"31":0,"32":0,"33":0,"34":0,"35":0,"36":0,"37":0,"38":0,"39":0,"40":0,"41":0,"42":0,"43":0,"44":0,"45":0,"46":0,"47":0,"48":0},"f":{"0":0,"1":0,"2":0,"3":0,"4":0,"5":0,"6":0,"7":0,"8":0,"9":0,"10":0,"11":0,"12":0,"13":0,"14":0,"15":0},"b":{"0":[0,0],"1":[0,0],"2":[0,0,0],"3":[0,0],"4":[0,0],"5":[0,0],"6":[0,0],"7":[0,0]}}
,"C:\\Users\\iwata\\OneDrive\\Desktop\\dev\\conta-certa\\frontend\\src\\screens\\AddIncomeRecurring.tsx": {"path":"C:\\Users\\iwata\\OneDrive\\Desktop\\dev\\conta-certa\\frontend\\src\\screens\\AddIncomeRecurring.tsx","statementMap":{"0":{"start":{"line":11,"column":13},"end":{"line":11,"column":23}},"1":{"start":{"line":12,"column":13},"end":{"line":12,"column":47}},"2":{"start":{"line":13,"column":13},"end":{"line":13,"column":52}},"3":{"start":{"line":14,"column":15},"end":{"line":14,"column":31}},"4":{"start":{"line":15,"column":2},"end":{"line":15,"column":31}},"5":{"start":{"line":21,"column":17},"end":{"line":21,"column":42}},"6":{"start":{"line":22,"column":14},"end":{"line":22,"column":54}},"7":{"start":{"line":23,"column":16},"end":{"line":23,"column":38}},"8":{"start":{"line":24,"column":17},"end":{"line":24,"column":33}},"9":{"start":{"line":25,"column":15},"end":{"line":25,"column":54}},"10":{"start":{"line":26,"column":2},"end":{"line":26,"column":27}},"11":{"start":{"line":30,"column":17},"end":{"line":30,"column":43}},"12":{"start":{"line":31,"column":14},"end":{"line":31,"column":54}},"13":{"start":{"line":32,"column":2},"end":{"line":32,"column":19}},"14":{"start":{"line":36,"column":17},"end":{"line":36,"column":28}},"15":{"start":{"line":37,"column":17},"end":{"line":37,"column":36}},"16":{"start":{"line":38,"column":19},"end":{"line":38,"column":28}},"17":{"start":{"line":40,"column":36},"end":{"line":40,"column":48}},"18":{"start":{"line":41,"column":40},"end":{"line":41,"column":59}},"19":{"start":{"line":42,"column":26},"end":{"line":42,"column":45}},"20":{"start":{"line":43,"column":48},"end":{"line":43,"column":67}},"21":{"start":{"line":44,"column":36},"end":{"line":44,"column":50}},"22":{"start":{"line":46,"column":28},"end":{"line":46,"column":57}},"23":{"start":{"line":47,"column":28},"end":{"line":47,"column":57}},"24":{"start":{"line":48,"column":32},"end":{"line":48,"column":47}},"25":{"start":{"line":49,"column":32},"end":{"line":49,"column":47}},"26":{"start":{"line":51,"column":24},"end":{"line":54,"column":3}},"27":{"start":{"line":52,"column":10},"end":{"line":52,"column":49}},"28":{"start":{"line":57,"column":4},"end":{"line":77,"column":5}},"29":{"start":{"line":58,"column":6},"end":{"line":58,"column":21}
[...]
inary-expr","locations":[{"start":{"line":404,"column":18},"end":{"line":404,"column":26}},{"start":{"line":404,"column":30},"end":{"line":404,"column":31}}],"line":404},"17":{"loc":{"start":{"line":414,"column":21},"end":{"line":414,"column":48}},"type":"binary-expr","locations":[{"start":{"line":414,"column":21},"end":{"line":414,"column":32}},{"start":{"line":414,"column":36},"end":{"line":414,"column":48}}],"line":414},"18":{"loc":{"start":{"line":415,"column":21},"end":{"line":415,"column":37}},"type":"binary-expr","locations":[{"start":{"line":415,"column":21},"end":{"line":415,"column":32}},{"start":{"line":415,"column":36},"end":{"line":415,"column":37}}],"line":415},"19":{"loc":{"start":{"line":423,"column":2},"end":{"line":423,"column":39}},"type":"if","locations":[{"start":{"line":423,"column":2},"end":{"line":423,"column":39}},{"start":{},"end":{}}],"line":423},"20":{"loc":{"start":{"line":428,"column":4},"end":{"line":453,"column":5}},"type":"if","locations":[{"start":{"line":428,"column":4},"end":{"line":453,"column":5}},{"start":{"line":442,"column":11},"end":{"line":453,"column":5}}],"line":428},"21":{"loc":{"start":{"line":428,"column":8},"end":{"line":428,"column":55}},"type":"binary-expr","locations":[{"start":{"line":428,"column":8},"end":{"line":428,"column":35}},{"start":{"line":428,"column":39},"end":{"line":428,"column":55}}],"line":428},"22":{"loc":{"start":{"line":430,"column":6},"end":{"line":441,"column":7}},"type":"if","locations":[{"start":{"line":430,"column":6},"end":{"line":441,"column":7}},{"start":{"line":433,"column":13},"end":{"line":441,"column":7}}],"line":430},"23":{"loc":{"start":{"line":433,"column":13},"end":{"line":441,"column":7}},"type":"if","locations":[{"start":{"line":433,"column":13},"end":{"line":441,"column":7}},{"start":{"line":436,"column":13},"end":{"line":441,"column":7}}],"line":433},"24":{"loc":{"start":{"line":436,"column":13},"end":{"line":441,"column":7}},"type":"if","locations":[{"start":{"line":436,"column":13},"end":{"line":441,"column":7}},{"start":{"line":438,"column":13},"end":{"line":441,"column":7}}],"line":436},"25":{"loc":{"start":{"line":442,"column":11},"end":{"line":453,"column":5}},"type":"if","locations":[{"start":{"line":442,"column":11},"end":{"line":453,"column":5}},{"start":{"line":444,"column":11},"end":{"line":453,"column":5}}],"line":442},"26":{"loc":{"start":{"line":442,"column":15},"end":{"line":442,"column":121}},"type":"binary-expr","locations":[{"start":{"line":442,"column":15},"end":{"line":442,"column":42}},{"start":{"line":442,"column":47},"end":{"line":442,"column":68}},{"start":{"line":442,"column":73},"end":{"line":442,"column":94}},{"start":{"line":442,"column":98},"end":{"line":442,"column":119}}],"line":442},"27":{"loc":{"start":{"line":444,"column":11},"end":{"line":453,"column":5}},"type":"if","locations":[{"start":{"line":444,"column":11},"end":{"line":453,"column":5}},{"start":{"line":447,"column":11},"end":{"line":453,"column":5}}],"line":444},"28":{"loc":{"start":{"line":444,"column":15},"end":{"line":444,"column":67}},"type":"binary-expr","locations":[{"start":{"line":444,"column":15},"end":{"line":444,"column":42}},{"start":{"line":444,"column":46},"end":{"line":444,"column":67}}],"line":444},"29":{"loc":{"start":{"line":446,"column":22},"end":{"line":446,"column":60}},"type":"cond-expr","locations":[{"start":{"line":446,"column":44},"end":{"line":446,"column":47}},{"start":{"line":446,"column":50},"end":{"line":446,"column":60}}],"line":446},"30":{"loc":{"start":{"line":447,"column":11},"end":{"line":453,"column":5}},"type":"if","locations":[{"start":{"line":447,"column":11},"end":{"line":453,"column":5}},{"start":{"line":449,"column":11},"end":{"line":453,"column":5}}],"line":447},"31":{"loc":{"start":{"line":448,"column":22},"end":{"line":448,"column":72}},"type":"cond-expr","locations":[{"start":{"line":448,"column":48},"end":{"line":448,"column":55}},{"start":{"line":448,"column":58},"end":{"line":448,"column":72}}],"line":448},"32":{"loc":{"start":{"line":449,"column":11},"end":{"line":453,"column":5}},"type":"if","locations":[{"start":{"line":449,"column":11},"end":{"line":453,"column":5}},{"start":{"line":451,"column":11},"end":{"line":453,"column":5}}],"line":449},"33":{"loc":{"start":{"line":455,"column":4},"end":{"line":455,"column":54}},"type":"if","locations":[{"start":{"line":455,"column":4},"end":{"line":455,"column":54}},{"start":{},"end":{}}],"line":455}},"s":{"0":0,"1":0,"2":0,"3":0,"4":0,"5":0,"6":0,"7":0,"8":0,"9":0,"10":0,"11":0,"12":0,"13":0,"14":0,"15":0,"16":0,"17":0,"18":0,"19":0,"20":0,"21":0,"22":0,"23":0,"24":0,"25":0,"26":0,"27":0,"28":0,"29":0,"30":0,"31":0,"32":0,"33":0,"34":0,"35":0,"36":0,"37":0,"38":0,"39":0,"40":0,"41":0,"42":0,"43":0,"44":0,"45":0,"46":0,"47":0,"48":0,"49":0,"50":0,"51":0,"52":0,"53":0,"54":0,"55":0,"56":0,"57":0,"58":0,"59":0,"60":0,"61":0,"62":0,"63":0,"64":0,"65":0,"66":0,"67":0,"68":0,"69":0,"70":0,"71":0,"72":0,"73":0,"74":0,"75":0,"76":0,"77":0,"78":0,"79":0,"80":0,"81":0,"82":0,"83":0,"84":0,"85":0,"86":0,"87":0,"88":0,"89":0,"90":0,"91":0,"92":0,"93":0,"94":0,"95":0,"96":0,"97":0,"98":0,"99":0,"100":0,"101":0,"102":0,"103":0,"104":0,"105":0,"106":0,"107":0,"108":0,"109":0,"110":0,"111":0,"112":0,"113":0,"114":0,"115":0,"116":0,"117":0,"118":0},"f":{"0":0,"1":0,"2":0,"3":0,"4":0,"5":0,"6":0,"7":0,"8":0,"9":0,"10":0,"11":0,"12":0,"13":0,"14":0,"15":0,"16":0,"17":0,"18":0},"b":{"0":[0,0],"1":[0,0],"2":[0,0],"3":[0,0],"4":[0,0],"5":[0,0],"6":[0,0],"7":[0,0],"8":[0,0],"9":[0,0],"10":[0,0],"11":[0,0],"12":[0,0],"13":[0,0],"14":[0,0],"15":[0,0],"16":[0,0],"17":[0,0],"18":[0,0],"19":[0,0],"20":[0,0],"21":[0,0],"22":[0,0],"23":[0,0],"24":[0,0],"25":[0,0],"26":[0,0,0,0],"27":[0,0],"28":[0,0],"29":[0,0],"30":[0,0],"31":[0,0],"32":[0,0],"33":[0,0]}}
,"C:\\Users\\iwata\\OneDrive\\Desktop\\dev\\conta-certa\\frontend\\src\\services\\usuarios.ts": {"path":"C:\\Users\\iwata\\OneDrive\\Desktop\\dev\\conta-certa\\frontend\\src\\services\\usuarios.ts","statementMap":{"0":{"start":{"line":6,"column":2},"end":{"line":6,"column":40}},"1":{"start":{"line":10,"column":2},"end":{"line":10,"column":44}},"2":{"start":{"line":16,"column":2},"end":{"line":16,"column":53}},"3":{"start":{"line":20,"column":2},"end":{"line":20,"column":43}}},"fnMap":{"0":{"name":"listUsuarios","decl":{"start":{"line":5,"column":22},"end":{"line":5,"column":34}},"loc":{"start":{"line":5,"column":37},"end":{"line":7,"column":1}},"line":5},"1":{"name":"getUsuario","decl":{"start":{"line":9,"column":22},"end":{"line":9,"column":32}},"loc":{"start":{"line":9,"column":45},"end":{"line":11,"column":1}},"line":9},"2":{"name":"updateUsuario","decl":{"start":{"line":15,"column":22},"end":{"line":15,"column":35}},"loc":{"start":{"line":15,"column":75},"end":{"line":17,"column":1}},"line":15},"3":{"name":"deleteUsuario","decl":{"start":{"line":19,"column":22},"end":{"line":19,"column":35}},"loc":{"start":{"line":19,"column":48},"end":{"line":21,"column":1}},"line":19}},"branchMap":{},"s":{"0":0,"1":0,"2":0,"3":0},"f":{"0":0,"1":0,"2":0,"3":0},"b":{}}
,"C:\\Users\\iwata\\OneDrive\\Desktop\\dev\\conta-certa\\frontend\\src\\styles\\modern.styles.ts": {"path":"C:\\Users\\iwata\\OneDrive\\Desktop\\dev\\conta-certa\\frontend\\src\\styles\\modern.styles.ts","statementMap":{"0":{"start":{"line":3,"column":28},"end":{"line":188,"column":2}}},"fnMap":{},"branchMap":{},"s":{"0":0},"f":{},"b":{}}
,"C:\\Users\\iwata\\OneDrive\\Desktop\\dev\\conta-certa\\frontend\\src\\styles\\welcome.styles.ts": {"path":"C:\\Users\\iwata\\OneDrive\\Desktop\\dev\\conta-certa\\frontend\\src\\styles\\welcome.styles.ts","statementMap":{"0":{"start":{"line":5,"column":29},"end":{"line":35,"column":2}}},"fnMap":{},"branchMap":{},"s":{"0":0},"f":{},"b":{}}
,"C:\\Users\\iwata\\OneDrive\\Desktop\\dev\\conta-certa\\frontend\\src\\theme\\ThemeContext.tsx": {"path":"C:\\Users\\iwata\\OneDrive\\Desktop\\dev\\conta-certa\\frontend\\src\\theme\\ThemeContext.tsx","statementMap":{"0":{"start":{"line":12,"column":21},"end":{"line":16,"column":2}},"1":{"start":{"line":18,"column":26},"end":{"line":18,"column":57}},"2":{"start":{"line":21,"column":53},"end":{"line":21,"column":88}},"3":{"start":{"line":22,"column":36},"end":{"line":22,"column":50}},"4":{"start":{"line":24,"column":2},"end":{"line":26,"column":9}},"5":{"start":{"line":25,"column":4},"end":{"line":25,"column":26}},"6":{"start":{"line":28,"column":30},"end":{"line":39,"column":3}},"7":{"start":{"line":29,"column":4},"end":{"line":38,"column":5}},"8":{"start":{"line":30,"column":30},"end":{"line":30,"column":75}},"9":{"start":{"line":31,"column":6},"end":{"line":33,"column":7}},"10":{"start":{"line":32,"column":8},"end":{"line":32,"column":68}},"11":{"start":{"line":35,"column":6},"end":{"line":35,"column":67}},"12":{"start":{"line":37,"column":6},"end":{"line":37,"column":26}},"13":{"start":{"line":41,"column":29},"end":{"line":48,"column":3}},"14":{"start":{"line":42,"column":4},"end":{"line":47,"column":5}},"15":{"start":{"line":43,"column":6},"end":{"line":43,"column":64}},"16":{"start":{"line":44,"column":6},"end":{"line":44,"column":42}},"17":{"start":{"line":46,"column":6},"end":{"line":46,"column":65}},"18":{"start":{"line":50,"column":2},"end":{"line":60,"column":4}},"19":{"start":{"line":64,"column":18},"end":{"line":64,"column":42}},"20":{"start":{"line":65,"column":2},"end":{"line":67,"column":3}},"21":{"start":{"line":66,"column":4},"end":{"line":66,"column":91}},"22":{"start":{"line":68,"column":2},"end":{"line":68,"column":17}}},"fnMap":{"0":{"name":"(anonymous_0)","decl":{"start":{"line":14,"column":22},"end":{"line":14,"column":23}},"loc":{"start":{"line":14,"column":28},"end":{"line":14,"column":30}},"line":14},"1":{"name":"ThemePreferenceProvider","decl":{"start":{"line":20,"column":16},"end":{"line":20,"column":39}},"loc":{"start":{"line":20,"column":85},"end":{"line":61,"column":1}},"line":20},"2":{"name":"(anonymous_2)","decl":{"start":{"line":24,"column":12},"end":{"line":24,"column":13}},"loc":{"start":{"line":24,"column":18},"end":{"line":26,"column":3}},"line":24},"3":{"name":"(anonymous_3)","decl":{"start":{"line":28,"column":30},"end":{"line":28,"column":31}},"loc":{"start":{"line":28,"column":42},"end":{"line":39,"column":3}},"line":28},"4":{"name":"(anonymous_4)","decl":{"start":{"line":41,"column":29},"end":{"line":41,"column":30}},"loc":{"start":{"line":41,"column":68},"end":{"line":48,"column":3}},"line":41},"5":{"name":"useThemePreference","decl":{"start":{"line":63,"column":16},"end":{"line":63,"column":34}},"loc":{"start":{"line":63,"column":37},"end":{"line":69,"column":1}},"line":63}},"branchMap":{"0":{"loc":{"start":{"line":31,"column":6},"end":{"line":33,"column":7}},"type":"if","locations":[{"start":{"line":31,"column":6},"end":{"line":33,"column":7}},{"start":{},"end":{}}],"line":31},"1":{"loc":{"start":{"line":31,"column":10},"end":{"line":31,"column":82}},"type":"binary-expr","locations":[{"start":{"line":31,"column":10},"end":{"line":31,"column":25}},{"start":{"line":31,"column":29},"end":{"line":31,"column":82}}],"line":31},"2":{"loc":{"start":{"line":65,"column":2},"end":{"line":67,"column":3}},"type":"if","locations":[{"start":{"line":65,"column":2},"end":{"line":67,"column":3}},{"start":{},"end":{}}],"line":65}},"s":{"0":0,"1":0,"2":0,"3":0,"4":0,"5":0,"6":0,"7":0,"8":0,"9":0,"10":0,"11":0,"12":0,"13":0,"14":0,"15":0,"16":0,"17":0,"18":0,"19":0,"20":0,"21":0,"22":0},"f":{"0":0,"1":0,"2":0,"3":0,"4":0,"5":0},"b":{"0":[0,0],"1":[0,0],"2":[0,0]}}
,"C:\\Users\\iwata\\OneDrive\\Desktop\\dev\\conta-certa\\frontend\\src\\theme\\palette.ts": {"path":"C:\\Users\\iwata\\OneDrive\\Desktop\\dev\\conta-certa\\frontend\\src\\theme\\palette.ts","statementMap":{"0":{"start":{"line":1,"column":21},"end":{"line":7,"column":1}},"1":{"start":{"line":9,"column":24},"end":{"line":24,"column":1}},"2":{"start":{"line":26,"column":24},"end":{"line":33,"column":1}}},"fnMap":{},"branchMap":{},"s":{"0":0,"1":0,"2":0},"f":{},"b":{}}
,"C:\\Users\\iwata\\OneDrive\\Desktop\\dev\\conta-certa\\frontend\\src\\theme\\provider.tsx": {"path":"C:\\Users\\iwata\\OneDrive\\Desktop\\dev\\conta-certa\\frontend\\src\\theme\\provider.tsx","statementMap":{"0":{"start":{"line":14,"column":17},"end":{"line":17,"column":2}},"1":{"start":{"line":20,"column":23},"end":{"line":20,"column":39}},"2":{"start":{"line":21,"column":41},"end":{"line":21,"column":61}},"3":{"start":{"line":23,"column":33},"end":{"line":35,"column":48}},"4":{"start":{"line":24,"column":4},"end":{"line":24,"column":34}},"5":{"start":{"line":24,"column":19},"end":{"line":24,"column":34}},"6":{"start":{"line":26,"column":4},"end":{"line":34,"column":5}},"7":{"start":{"line":28,"column":8},"end":{"line":28,"column":23}},"8":{"start":{"line":30,"column":8},"end":{"line":30,"column":22}},"9":{"start":{"line":33,"column":8},"end":{"line":33,"column":58}},"10":{"start":{"line":37,"column":17},"end":{"line":37,"column":59}},"11":{"start":{"line":39,"column":19},"end":{"line":53,"column":3}},"12":{"start":{"line":40,"column":11},"end":{"line":51,"column":5}},"13":{"start":{"line":55,"column":21},"end":{"line":58,"column":3}},"14":{"start":{"line":56,"column":10},"end":{"line":56,"column":38}},"15":{"start":{"line":59,"column":16},"end":{"line":59,"column":73}},"16":{"start":{"line":59,"column":31},"end":{"line":59,"column":55}},"17":{"start":{"line":61,"column":2},"end":{"line":67,"column":4}},"18":{"start":{"line":71,"column":2},"end":{"line":75,"column":4}},"19":{"start":{"line":79,"column":2},"end":{"line":79,"column":30}}},"fnMap":{"0":{"name":"ThemeProviderInner","decl":{"start":{"line":19,"column":9},"end":{"line":19,"column":27}},"loc":{"start":{"line":19,"column":73},"end":{"line":68,"column":1}},"line":19},"1":{"name":"(anonymous_1)","decl":{"start":{"line":23,"column":41},"end":{"line":23,"column":42}},"loc":{"start":{"line":23,"column":47},"end":{"line":35,"column":3}},"line":23},"2":{"name":"(anonymous_2)","decl":{"start":{"line":40,"column":4},"end":{"line":40,"column":5}},"loc":{"start":{"line":40,"column":11},"end":{"line":51,"column":5}},"line":40},"3":{"name":"(anonymous_3)","decl":{"start":{"line":56,"column":4},"end":{"line":56,"column":5}},"loc":{"start":{"line":56,"column":10},"end":{"line":56,"column":38}},"line":56},"4":{"name":"(anonymous_4)","decl":{"start":{"line":59,"column":24},"end":{"line":59,"column":25}},"loc":{"start":{"line":59,"column":31},"end":{"line":59,"column":55}},"line":59},"5":{"name":"AppThemeProvider","decl":{"start":{"line":70,"column":16},"end":{"line":70,"column":32}},"loc":{"start":{"line":70,"column":78},"end":{"line":76,"column":1}},"line":70},"6":{"name":"useAppTheme","decl":{"start":{"line":78,"column":16},"end":{"line":78,"column":27}},"loc":{"start":{"line":78,"column":30},"end":{"line":80,"column":1}},"line":78}},"branchMap":{"0":{"loc":{"start":{"line":24,"column":4},"end":{"line":24,"column":34}},"type":"if","locations":[{"start":{"line":24,"column":4},"end":{"line":24,"column":34}},{"start":{},"end":{}}],"line":24},"1":{"loc":{"start":{"line":26,"column":4},"end":{"line":34,"column":5}},"type":"switch","locations":[{"start":{"line":27,"column":6},"end":{"line":28,"column":23}},{"start":{"line":29,"column":6},"end":{"line":30,"column":22}},{"start":{"line":31,"column":6},"end":{"line":31,"column":20}},{"start":{"line":32,"column":6},"end":{"line":33,"column":58}}],"line":26},"2":{"loc":{"start":{"line":33,"column":15},"end":{"line":33,"column":57}},"type":"cond-expr","locations":[{"start":{"line":33,"column":41},"end":{"line":33,"column":47}},{"start":{"line":33,"column":50},"end":{"line":33,"column":57}}],"line":33},"3":{"loc":{"start":{"line":37,"column":17},"end":{"line":37,"column":59}},"type":"cond-expr","locations":[{"start":{"line":37,"column":35},"end":{"line":37,"column":45}},{"start":{"line":37,"column":48},"end":{"line":37,"column":59}}],"line":37},"4":{"loc":{"start":{"line":41,"column":10},"end":{"line":41,"column":52}},"type":"cond-expr","locations":[{"start":{"line":41,"column":28},"end":{"line":41,"column":37}},{"start":{"line":41,"column":40},"end":{"line":41,"column":52}}],"line":41},"5":{"loc":{"start":{"line":43,"column":12},"end":{"line":43,"column":68}},"type":"cond-expr","locations":[{"start":{"line":43,"column":30},"end":{"line":43,"column":46}},{"start":{"line":43,"column":49},"end":{"line":43,"column":68}}],"line":43}},"s":{"0":0,"1":0,"2":0,"3":0,"4":0,"5":0,"6":0,"7":0,"8":0,"9":0,"10":0,"11":0,"12":0,"13":0,"14":0,"15":0,"16":0,"17":0,"18":0,"19":0},"f":{"0":0,"1":0,"2":0,"3":0,"4":0,"5":0,"6":0},"b":{"0":[0,0],"1":[0,0,0,0],"2":[0,0],"3":[0,0],"4":[0,0],"5":[0,0]}}
,"C:\\Users\\iwata\\OneDrive\\Desktop\\dev\\conta-certa\\frontend\\src\\theme\\scheme.ts": {"path":"C:\\Users\\iwata\\OneDrive\\Desktop\\dev\\conta-certa\\frontend\\src\\theme\\scheme.ts","statementMap":{"0":{"start":{"line":26,"column":40},"end":{"line":47,"column":1}},"1":{"start":{"line":49,"column":39},"end":{"line":70,"column":1}}},"fnMap":{},"branchMap":{},"s":{"0":0,"1":0},"f":{},"b":{}}
,"C:\\Users\\iwata\\OneDrive\\Desktop\\dev\\conta-certa\\frontend\\src\\theme\\spacing.ts": {"path":"C:\\Users\\iwata\\OneDrive\\Desktop\\dev\\conta-certa\\frontend\\src\\theme\\spacing.ts","statementMap":{"0":{"start":{"line":1,"column":23},"end":{"line":11,"column":10}}},"fnMap":{},"branchMap":{},"s":{"0":0},"f":{},"b":{}}
,"C:\\Users\\iwata\\OneDrive\\Desktop\\dev\\conta-certa\\frontend\\src\\theme\\typography.ts": {"path":"C:\\Users\\iwata\\OneDrive\\Desktop\\dev\\conta-certa\\frontend\\src\\theme\\typography.ts","statementMap":{"0":{"start":{"line":1,"column":26},"end":{"line":4,"column":10}}},"fnMap":{},"branchMap":{},"s":{"0":0},"f":{},"b":{}}
,"C:\\Users\\iwata\\OneDrive\\Desktop\\dev\\conta-certa\\frontend\\src\\theme\\adapters\\paper.ts": {"path":"C:\\Users\\iwata\\OneDrive\\Desktop\\dev\\conta-certa\\frontend\\src\\theme\\adapters\\paper.ts","statementMap":{"0":{"start":{"line":9,"column":19},"end":{"line":40,"column":1}},"1":{"start":{"line":46,"column":15},"end":{"line":46,"column":61}},"2":{"start":{"line":48,"column":37},"end":{"line":85,"column":3}},"3":{"start":{"line":87,"column":2},"end":{"line":97,"column":4}}},"fnMap":{"0":{"name":"makePaperTheme","decl":{"start":{"line":42,"column":16},"end":{"line":42,"column":30}},"loc":{"start":{"line":45,"column":12},"end":{"line":98,"column":1}},"line":45}},"branchMap":{"0":{"loc":{"start":{"line":46,"column":15},"end":{"line":46,"column":61}},"type":"cond-expr","locations":[{"start":{"line":46,"column":33},"end":{"line":46,"column":45}},{"start":{"line":46,"column":48},"end":{"line":46,"column":61}}],"line":46},"1":{"loc":{"start":{"line":68,"column":22},"end":{"line":68,"column":60}},"type":"binary-expr","locations":[{"start":{"line":68,"column":22},"end":{"line":68,"column":50}},{"start":{"line":68,"column":54},"end":{"line":68,"column":60}}],"line":68},"2":{"loc":{"start":{"line":70,"column":20},"end":{"line":70,"column":58}},"type":"binary-expr","locations":[{"start":{"line":70,"column":20},"end":{"line":70,"column":46}},{"start":{"line":70,"column":50},"end":{"line":70,"column":58}}],"line":70}},"s":{"0":0,"1":0,"2":0,"3":0},"f":{"0":0},"b":{"0":[0,0],"1":[0,0],"2":[0,0]}}
,"C:\\Users\\iwata\\OneDrive\\Desktop\\dev\\conta-certa\\frontend\\src\\utils\\formatCurrency.ts": {"path":"C:\\Users\\iwata\\OneDrive\\Desktop\\dev\\conta-certa\\frontend\\src\\utils\\formatCurrency.ts","statementMap":{"0":{"start":{"line":1,"column":26},"end":{"line":4,"column":2}},"1":{"start":{"line":6,"column":30},"end":{"line":6,"column":80}},"2":{"start":{"line":6,"column":49},"end":{"line":6,"column":80}}},"fnMap":{"0":{"name":"(anonymous_0)","decl":{"start":{"line":6,"column":30},"end":{"line":6,"column":31}},"loc":{"start":{"line":6,"column":49},"end":{"line":6,"column":80}},"line":6}},"branchMap":{},"s":{"0":1,"1":1,"2":5},"f":{"0":5},"b":{},"_coverageSchema":"1a1c01bbd47fc00a2c39e90264f33305004495a9","hash":"b2e7258243789b53a1b0e27daa5cf1338fa561f5"}
}
