TN:
SF:src\auth\AuthContext.tsx
FN:24,(anonymous_0)
FN:28,(anonymous_1)
FN:36,(anonymous_2)
FN:53,(anonymous_3)
FN:54,(anonymous_4)
FN:73,(anonymous_5)
FN:77,(anonymous_6)
FN:84,(anonymous_7)
FNF:8
FNH:0
FNDA:0,(anonymous_0)
FNDA:0,(anonymous_1)
FNDA:0,(anonymous_2)
FNDA:0,(anonymous_3)
FNDA:0,(anonymous_4)
FNDA:0,(anonymous_5)
FNDA:0,(anonymous_6)
FNDA:0,(anonymous_7)
DA:20,0
DA:28,0
DA:31,0
DA:32,0
DA:33,0
DA:34,0
DA:36,0
DA:37,0
DA:38,0
DA:39,0
DA:40,0
DA:41,0
DA:44,0
DA:45,0
DA:49,0
DA:53,0
DA:54,0
DA:55,0
DA:57,0
DA:59,0
DA:60,0
DA:62,0
DA:67,0
DA:68,0
DA:71,0
DA:73,0
DA:76,0
DA:77,0
DA:81,0
DA:84,0
LF:30
LH:0
BRDA:38,0,0,0
BRDA:38,0,1,0
BRDA:46,1,0,0
BRDA:46,1,1,0
BRDA:57,2,0,0
BRDA:57,2,1,0
BRF:6
BRH:0
end_of_record
TN:
SF:src\auth\firebase.ts
FN:25,(anonymous_0)
FN:37,(anonymous_1)
FNF:2
FNH:0
FNDA:0,(anonymous_0)
FNDA:0,(anonymous_1)
DA:10,0
DA:25,0
DA:26,0
DA:27,0
DA:30,0
DA:32,0
DA:33,0
DA:34,0
DA:37,0
DA:38,0
DA:39,0
DA:42,0
DA:43,0
DA:46,0
DA:47,0
DA:49,0
DA:50,0
DA:51,0
LF:18
LH:0
BRDA:26,0,0,0
BRDA:26,0,1,0
BRDA:32,1,0,0
BRDA:32,1,1,0
BRDA:38,2,0,0
BRDA:38,2,1,0
BRF:6
BRH:0
end_of_record
TN:
SF:src\components\DatePickerModal.tsx
FN:13,toISO
FN:20,toBR
FN:27,parseInitial
FN:42,DatePickerModal
FN:44,(anonymous_4)
FN:49,(anonymous_5)
FN:54,(anonymous_6)
FN:77,(anonymous_7)
FN:93,(anonymous_8)
FN:97,(anonymous_9)
FN:100,(anonymous_10)
FN:104,(anonymous_11)
FN:106,(anonymous_12)
FN:113,(anonymous_13)
FNF:14
FNH:0
FNDA:0,toISO
FNDA:0,toBR
FNDA:0,parseInitial
FNDA:0,DatePickerModal
FNDA:0,(anonymous_4)
FNDA:0,(anonymous_5)
FNDA:0,(anonymous_6)
FNDA:0,(anonymous_7)
FNDA:0,(anonymous_8)
FNDA:0,(anonymous_9)
FNDA:0,(anonymous_10)
FNDA:0,(anonymous_11)
FNDA:0,(anonymous_12)
FNDA:0,(anonymous_13)
DA:14,0
DA:15,0
DA:16,0
DA:17,0
DA:21,0
DA:22,0
DA:23,0
DA:24,0
DA:28,0
DA:29,0
DA:30,0
DA:31,0
DA:32,0
DA:33,0
DA:35,0
DA:36,0
DA:38,0
DA:43,0
DA:44,0
DA:45,0
DA:46,0
DA:47,0
DA:49,0
DA:50,0
DA:51,0
DA:54,0
DA:55,0
DA:56,0
DA:57,0
DA:58,0
DA:59,0
DA:60,0
DA:61,0
DA:62,0
DA:63,0
DA:64,0
DA:65,0
DA:66,0
DA:67,0
DA:70,0
DA:71,0
DA:72,0
DA:74,0
DA:77,0
DA:78,0
DA:80,0
DA:81,0
DA:82,0
DA:83,0
DA:87,0
DA:93,0
DA:97,0
DA:101,0
DA:105,0
DA:107,0
DA:108,0
DA:113,0
LF:57
LH:0
BRDA:28,0,0,0
BRDA:28,0,1,0
BRDA:30,1,0,0
BRDA:30,1,1,0
BRDA:33,2,0,0
BRDA:33,2,1,0
BRDA:36,3,0,0
BRDA:36,3,1,0
BRDA:46,4,0,0
BRDA:46,4,1,0
BRDA:51,5,0,0
BRDA:51,5,1,0
BRDA:65,6,0,0
BRDA:65,6,1,0
BRDA:70,7,0,0
BRDA:70,7,1,0
BRDA:78,8,0,0
BRDA:78,8,1,0
BRDA:90,9,0,0
BRDA:90,9,1,0
BRDA:107,10,0,0
BRDA:107,10,1,0
BRDA:111,11,0,0
BRDA:111,11,1,0
BRDA:113,12,0,0
BRDA:113,12,1,0
BRDA:115,13,0,0
BRDA:115,13,1,0
BRDA:115,14,0,0
BRDA:115,14,1,0
BRDA:116,15,0,0
BRDA:116,15,1,0
BRF:32
BRH:0
end_of_record
TN:
SF:src\context\FabContext.tsx
FN:10,FabProvider
FN:20,useFab
FNF:2
FNH:0
FNDA:0,FabProvider
FNDA:0,useFab
DA:8,0
DA:11,0
DA:13,0
DA:21,0
DA:22,0
DA:23,0
DA:25,0
LF:7
LH:0
BRDA:22,0,0,0
BRDA:22,0,1,0
BRF:2
BRH:0
end_of_record
TN:
SF:src\data\dashboard.ts
FNF:0
FNH:0
DA:1,0
LF:1
LH:0
BRF:0
BRH:0
end_of_record
TN:
SF:src\domain\Transacao.ts
FN:16,normalizeValor
FN:35,(anonymous_1)
FN:72,(anonymous_2)
FN:76,(anonymous_3)
FN:80,(anonymous_4)
FN:87,(anonymous_5)
FN:91,(anonymous_6)
FN:98,(anonymous_7)
FN:102,(anonymous_8)
FN:107,(anonymous_9)
FN:111,(anonymous_10)
FN:115,(anonymous_11)
FN:118,(anonymous_12)
FN:121,(anonymous_13)
FN:124,(anonymous_14)
FN:127,(anonymous_15)
FN:130,(anonymous_16)
FN:133,(anonymous_17)
FN:136,(anonymous_18)
FN:145,parseValorFromInput
FN:152,parseDateFromInput
FNF:21
FNH:0
FNDA:0,normalizeValor
FNDA:0,(anonymous_1)
FNDA:0,(anonymous_2)
FNDA:0,(anonymous_3)
FNDA:0,(anonymous_4)
FNDA:0,(anonymous_5)
FNDA:0,(anonymous_6)
FNDA:0,(anonymous_7)
FNDA:0,(anonymous_8)
FNDA:0,(anonymous_9)
FNDA:0,(anonymous_10)
FNDA:0,(anonymous_11)
FNDA:0,(anonymous_12)
FNDA:0,(anonymous_13)
FNDA:0,(anonymous_14)
FNDA:0,(anonymous_15)
FNDA:0,(anonymous_16)
FNDA:0,(anonymous_17)
FNDA:0,(anonymous_18)
FNDA:0,parseValorFromInput
FNDA:0,parseDateFromInput
DA:17,0
DA:18,0
DA:47,0
DA:48,0
DA:50,0
DA:51,0
DA:53,0
DA:54,0
DA:56,0
DA:57,0
DA:60,0
DA:61,0
DA:62,0
DA:63,0
DA:64,0
DA:65,0
DA:66,0
DA:67,0
DA:68,0
DA:69,0
DA:73,0
DA:77,0
DA:81,0
DA:82,0
DA:84,0
DA:88,0
DA:92,0
DA:93,0
DA:95,0
DA:99,0
DA:103,0
DA:104,0
DA:108,0
DA:112,0
DA:116,0
DA:119,0
DA:122,0
DA:125,0
DA:128,0
DA:131,0
DA:134,0
DA:137,0
DA:146,0
DA:147,0
DA:148,0
DA:149,0
DA:153,0
DA:154,0
LF:48
LH:0
BRDA:17,0,0,0
BRDA:17,0,1,0
BRDA:47,1,0,0
BRDA:47,1,1,0
BRDA:47,2,0,0
BRDA:47,2,1,0
BRDA:50,3,0,0
BRDA:50,3,1,0
BRDA:53,4,0,0
BRDA:53,4,1,0
BRDA:56,5,0,0
BRDA:56,5,1,0
BRDA:81,6,0,0
BRDA:81,6,1,0
BRDA:81,7,0,0
BRDA:81,7,1,0
BRDA:92,8,0,0
BRDA:92,8,1,0
BRDA:103,9,0,0
BRDA:103,9,1,0
BRDA:148,10,0,0
BRDA:148,10,1,0
BRDA:154,11,0,0
BRDA:154,11,1,0
BRF:24
BRH:0
end_of_record
TN:
SF:src\domain\categorias.ts
FNF:0
FNH:0
DA:3,0
LF:1
LH:0
BRF:0
BRH:0
end_of_record
TN:
SF:src\navigation\_layout.tsx
FN:9,ThemedShell
FN:32,RootLayout
FNF:2
FNH:0
FNDA:0,ThemedShell
FNDA:0,RootLayout
DA:10,0
DA:11,0
DA:33,0
LF:3
LH:0
BRDA:16,0,0,0
BRDA:16,0,1,0
BRF:2
BRH:0
end_of_record
TN:
SF:src\screens\AddExpenseOneTime.tsx
FN:10,todayBR
FN:19,formatCurrencyMaskBR
FN:28,parseMaskedBRToNumber
FN:34,AddExpenseOneTime
FN:50,(anonymous_4)
FN:54,handleSave
FN:72,(anonymous_6)
FN:81,(anonymous_7)
FN:93,(anonymous_8)
FN:99,(anonymous_9)
FN:108,(anonymous_10)
FN:109,(anonymous_11)
FN:109,(anonymous_12)
FN:111,(anonymous_13)
FN:112,(anonymous_14)
FN:128,(anonymous_15)
FN:132,(anonymous_16)
FN:132,(anonymous_17)
FNF:18
FNH:0
FNDA:0,todayBR
FNDA:0,formatCurrencyMaskBR
FNDA:0,parseMaskedBRToNumber
FNDA:0,AddExpenseOneTime
FNDA:0,(anonymous_4)
FNDA:0,handleSave
FNDA:0,(anonymous_6)
FNDA:0,(anonymous_7)
FNDA:0,(anonymous_8)
FNDA:0,(anonymous_9)
FNDA:0,(anonymous_10)
FNDA:0,(anonymous_11)
FNDA:0,(anonymous_12)
FNDA:0,(anonymous_13)
FNDA:0,(anonymous_14)
FNDA:0,(anonymous_15)
FNDA:0,(anonymous_16)
FNDA:0,(anonymous_17)
DA:11,0
DA:12,0
DA:13,0
DA:14,0
DA:15,0
DA:20,0
DA:21,0
DA:22,0
DA:23,0
DA:24,0
DA:25,0
DA:29,0
DA:30,0
DA:31,0
DA:35,0
DA:36,0
DA:37,0
DA:39,0
DA:40,0
DA:41,0
DA:42,0
DA:43,0
DA:44,0
DA:45,0
DA:46,0
DA:47,0
DA:49,0
DA:50,0
DA:55,0
DA:56,0
DA:57,0
DA:58,0
DA:59,0
DA:60,0
DA:71,0
DA:72,0
DA:74,0
DA:78,0
DA:81,0
DA:93,0
DA:99,0
DA:108,0
DA:109,0
DA:112,0
DA:128,0
DA:132,0
LF:46
LH:0
BRDA:21,0,0,0
BRDA:21,0,1,0
BRDA:30,1,0,0
BRDA:30,1,1,0
BRDA:50,2,0,0
BRDA:50,2,1,0
BRDA:50,2,2,0
BRDA:58,3,0,0
BRDA:58,3,1,0
BRDA:58,4,0,0
BRDA:58,4,1,0
BRDA:59,5,0,0
BRDA:59,5,1,0
BRDA:69,6,0,0
BRDA:69,6,1,0
BRDA:74,7,0,0
BRDA:74,7,1,0
BRDA:109,8,0,0
BRDA:109,8,1,0
BRDA:116,9,0,0
BRDA:116,9,1,0
BRF:21
BRH:0
end_of_record
TN:
SF:src\screens\AddExpenseRecurring.tsx
FN:10,todayBR
FN:19,formatCurrencyMaskBR
FN:28,parseMaskedBRToNumber
FN:34,AddExpenseRecurring
FN:50,(anonymous_4)
FN:54,handleSave
FN:72,(anonymous_6)
FN:81,(anonymous_7)
FN:93,(anonymous_8)
FN:99,(anonymous_9)
FN:108,(anonymous_10)
FN:109,(anonymous_11)
FN:109,(anonymous_12)
FN:111,(anonymous_13)
FN:112,(anonymous_14)
FN:128,(anonymous_15)
FN:132,(anonymous_16)
FN:132,(anonymous_17)
FNF:18
FNH:0
FNDA:0,todayBR
FNDA:0,formatCurrencyMaskBR
FNDA:0,parseMaskedBRToNumber
FNDA:0,AddExpenseRecurring
FNDA:0,(anonymous_4)
FNDA:0,handleSave
FNDA:0,(anonymous_6)
FNDA:0,(anonymous_7)
FNDA:0,(anonymous_8)
FNDA:0,(anonymous_9)
FNDA:0,(anonymous_10)
FNDA:0,(anonymous_11)
FNDA:0,(anonymous_12)
FNDA:0,(anonymous_13)
FNDA:0,(anonymous_14)
FNDA:0,(anonymous_15)
FNDA:0,(anonymous_16)
FNDA:0,(anonymous_17)
DA:11,0
DA:12,0
DA:13,0
DA:14,0
DA:15,0
DA:20,0
DA:21,0
DA:22,0
DA:23,0
DA:24,0
DA:25,0
DA:29,0
DA:30,0
DA:31,0
DA:35,0
DA:36,0
DA:37,0
DA:39,0
DA:40,0
DA:41,0
DA:42,0
DA:43,0
DA:44,0
DA:45,0
DA:46,0
DA:47,0
DA:49,0
DA:50,0
DA:55,0
DA:56,0
DA:57,0
DA:58,0
DA:59,0
DA:60,0
DA:71,0
DA:72,0
DA:74,0
DA:78,0
DA:81,0
DA:93,0
DA:99,0
DA:108,0
DA:109,0
DA:112,0
DA:128,0
DA:132,0
LF:46
LH:0
BRDA:21,0,0,0
BRDA:21,0,1,0
BRDA:30,1,0,0
BRDA:30,1,1,0
BRDA:50,2,0,0
BRDA:50,2,1,0
BRDA:50,2,2,0
BRDA:58,3,0,0
BRDA:58,3,1,0
BRDA:58,4,0,0
BRDA:58,4,1,0
BRDA:59,5,0,0
BRDA:59,5,1,0
BRDA:69,6,0,0
BRDA:69,6,1,0
BRDA:74,7,0,0
BRDA:74,7,1,0
BRDA:109,8,0,0
BRDA:109,8,1,0
BRDA:116,9,0,0
BRDA:116,9,1,0
BRF:21
BRH:0
end_of_record
TN:
SF:src\screens\AddExpenseRecurringChild.tsx
FN:11,formatCurrencyMaskBR
FN:20,parseMaskedBRToNumber
FN:26,AddExpenseRecurringChild
FN:35,(anonymous_3)
FN:53,(anonymous_4)
FN:54,(anonymous_5)
FN:65,(anonymous_6)
FN:69,handleSave
FN:88,(anonymous_8)
FN:97,(anonymous_9)
FN:105,(anonymous_10)
FN:106,(anonymous_11)
FN:108,(anonymous_12)
FN:109,(anonymous_13)
FN:118,(anonymous_14)
FN:124,(anonymous_15)
FN:133,(anonymous_16)
FN:134,(anonymous_17)
FN:134,(anonymous_18)
FN:136,(anonymous_19)
FN:137,(anonymous_20)
FN:153,(anonymous_21)
FN:157,(anonymous_22)
FN:157,(anonymous_23)
FNF:24
FNH:0
FNDA:0,formatCurrencyMaskBR
FNDA:0,parseMaskedBRToNumber
FNDA:0,AddExpenseRecurringChild
FNDA:0,(anonymous_3)
FNDA:0,(anonymous_4)
FNDA:0,(anonymous_5)
FNDA:0,(anonymous_6)
FNDA:0,handleSave
FNDA:0,(anonymous_8)
FNDA:0,(anonymous_9)
FNDA:0,(anonymous_10)
FNDA:0,(anonymous_11)
FNDA:0,(anonymous_12)
FNDA:0,(anonymous_13)
FNDA:0,(anonymous_14)
FNDA:0,(anonymous_15)
FNDA:0,(anonymous_16)
FNDA:0,(anonymous_17)
FNDA:0,(anonymous_18)
FNDA:0,(anonymous_19)
FNDA:0,(anonymous_20)
FNDA:0,(anonymous_21)
FNDA:0,(anonymous_22)
FNDA:0,(anonymous_23)
DA:12,0
DA:13,0
DA:14,0
DA:15,0
DA:16,0
DA:17,0
DA:21,0
DA:22,0
DA:23,0
DA:27,0
DA:28,0
DA:29,0
DA:31,0
DA:32,0
DA:33,0
DA:34,0
DA:35,0
DA:36,0
DA:37,0
DA:38,0
DA:39,0
DA:40,0
DA:42,0
DA:44,0
DA:45,0
DA:46,0
DA:47,0
DA:49,0
DA:50,0
DA:51,0
DA:53,0
DA:54,0
DA:55,0
DA:56,0
DA:57,0
DA:59,0
DA:64,0
DA:65,0
DA:70,0
DA:71,0
DA:72,0
DA:73,0
DA:74,0
DA:75,0
DA:76,0
DA:87,0
DA:88,0
DA:90,0
DA:94,0
DA:97,0
DA:105,0
DA:106,0
DA:109,0
DA:118,0
DA:124,0
DA:133,0
DA:134,0
DA:137,0
DA:153,0
DA:157,0
LF:60
LH:0
BRDA:13,0,0,0
BRDA:13,0,1,0
BRDA:22,1,0,0
BRDA:22,1,1,0
BRDA:57,2,0,0
BRDA:57,2,1,0
BRDA:59,3,0,0
BRDA:59,3,1,0
BRDA:65,4,0,0
BRDA:65,4,1,0
BRDA:65,4,2,0
BRDA:65,4,3,0
BRDA:73,5,0,0
BRDA:73,5,1,0
BRDA:73,6,0,0
BRDA:73,6,1,0
BRDA:74,7,0,0
BRDA:74,7,1,0
BRDA:75,8,0,0
BRDA:75,8,1,0
BRDA:85,9,0,0
BRDA:85,9,1,0
BRDA:90,10,0,0
BRDA:90,10,1,0
BRDA:106,11,0,0
BRDA:106,11,1,0
BRDA:106,12,0,0
BRDA:106,12,1,0
BRDA:109,13,0,0
BRDA:109,13,1,0
BRDA:109,14,0,0
BRDA:109,14,1,0
BRDA:109,15,0,0
BRDA:109,15,1,0
BRDA:109,16,0,0
BRDA:109,16,1,0
BRDA:134,17,0,0
BRDA:134,17,1,0
BRDA:141,18,0,0
BRDA:141,18,1,0
BRF:40
BRH:0
end_of_record
TN:
SF:src\screens\AddIncomeOneTime.tsx
FN:10,todayBR
FN:18,formatCurrencyMaskBR
FN:27,parseMaskedBRToNumber
FN:33,AddIncomeOneTime
FN:51,(anonymous_4)
FN:55,handleSave
FN:73,(anonymous_6)
FN:82,(anonymous_7)
FN:94,(anonymous_8)
FN:100,(anonymous_9)
FN:101,(anonymous_10)
FN:119,(anonymous_11)
FN:123,(anonymous_12)
FN:123,(anonymous_13)
FN:124,(anonymous_14)
FN:124,(anonymous_15)
FNF:16
FNH:0
FNDA:0,todayBR
FNDA:0,formatCurrencyMaskBR
FNDA:0,parseMaskedBRToNumber
FNDA:0,AddIncomeOneTime
FNDA:0,(anonymous_4)
FNDA:0,handleSave
FNDA:0,(anonymous_6)
FNDA:0,(anonymous_7)
FNDA:0,(anonymous_8)
FNDA:0,(anonymous_9)
FNDA:0,(anonymous_10)
FNDA:0,(anonymous_11)
FNDA:0,(anonymous_12)
FNDA:0,(anonymous_13)
FNDA:0,(anonymous_14)
FNDA:0,(anonymous_15)
DA:11,0
DA:12,0
DA:13,0
DA:14,0
DA:15,0
DA:19,0
DA:20,0
DA:21,0
DA:22,0
DA:23,0
DA:24,0
DA:28,0
DA:29,0
DA:30,0
DA:34,0
DA:35,0
DA:36,0
DA:38,0
DA:39,0
DA:40,0
DA:41,0
DA:42,0
DA:44,0
DA:45,0
DA:47,0
DA:48,0
DA:50,0
DA:51,0
DA:56,0
DA:57,0
DA:58,0
DA:59,0
DA:60,0
DA:61,0
DA:72,0
DA:73,0
DA:75,0
DA:79,0
DA:82,0
DA:94,0
DA:100,0
DA:101,0
DA:119,0
DA:123,0
DA:124,0
LF:45
LH:0
BRDA:20,0,0,0
BRDA:20,0,1,0
BRDA:29,1,0,0
BRDA:29,1,1,0
BRDA:51,2,0,0
BRDA:51,2,1,0
BRDA:51,2,2,0
BRDA:59,3,0,0
BRDA:59,3,1,0
BRDA:59,4,0,0
BRDA:59,4,1,0
BRDA:60,5,0,0
BRDA:60,5,1,0
BRDA:75,6,0,0
BRDA:75,6,1,0
BRDA:108,7,0,0
BRDA:108,7,1,0
BRF:17
BRH:0
end_of_record
TN:
SF:src\screens\AddIncomeRecurring.tsx
FN:10,todayBR
FN:20,formatCurrencyMaskBR
FN:29,parseMaskedBRToNumber
FN:35,AddIncomeRecurring
FN:52,(anonymous_4)
FN:56,handleSave
FN:74,(anonymous_6)
FN:83,(anonymous_7)
FN:95,(anonymous_8)
FN:101,(anonymous_9)
FN:102,(anonymous_10)
FN:121,(anonymous_11)
FN:125,(anonymous_12)
FN:125,(anonymous_13)
FN:126,(anonymous_14)
FN:126,(anonymous_15)
FNF:16
FNH:0
FNDA:0,todayBR
FNDA:0,formatCurrencyMaskBR
FNDA:0,parseMaskedBRToNumber
FNDA:0,AddIncomeRecurring
FNDA:0,(anonymous_4)
FNDA:0,handleSave
FNDA:0,(anonymous_6)
FNDA:0,(anonymous_7)
FNDA:0,(anonymous_8)
FNDA:0,(anonymous_9)
FNDA:0,(anonymous_10)
FNDA:0,(anonymous_11)
FNDA:0,(anonymous_12)
FNDA:0,(anonymous_13)
FNDA:0,(anonymous_14)
FNDA:0,(anonymous_15)
DA:11,0
DA:12,0
DA:13,0
DA:14,0
DA:15,0
DA:21,0
DA:22,0
DA:23,0
DA:24,0
DA:25,0
DA:26,0
DA:30,0
DA:31,0
DA:32,0
DA:36,0
DA:37,0
DA:38,0
DA:40,0
DA:41,0
DA:42,0
DA:43,0
DA:44,0
DA:46,0
DA:47,0
DA:48,0
DA:49,0
DA:51,0
DA:52,0
DA:57,0
DA:58,0
DA:59,0
DA:60,0
DA:61,0
DA:62,0
DA:73,0
DA:74,0
DA:76,0
DA:80,0
DA:83,0
DA:95,0
DA:101,0
DA:102,0
DA:121,0
DA:125,0
DA:126,0
LF:45
LH:0
BRDA:22,0,0,0
BRDA:22,0,1,0
BRDA:31,1,0,0
BRDA:31,1,1,0
BRDA:52,2,0,0
BRDA:52,2,1,0
BRDA:52,2,2,0
BRDA:60,3,0,0
BRDA:60,3,1,0
BRDA:60,4,0,0
BRDA:60,4,1,0
BRDA:61,5,0,0
BRDA:61,5,1,0
BRDA:76,6,0,0
BRDA:76,6,1,0
BRDA:109,7,0,0
BRDA:109,7,1,0
BRF:17
BRH:0
end_of_record
TN:
SF:src\screens\AddIncomeRecurringChild.tsx
FN:10,todayBR
FN:18,formatCurrencyMaskBR
FN:27,parseMaskedBRToNumber
FN:33,AddIncomeRecurringChild
FN:54,(anonymous_4)
FN:55,(anonymous_5)
FN:66,(anonymous_6)
FN:70,handleSave
FN:90,(anonymous_8)
FN:99,(anonymous_9)
FN:107,(anonymous_10)
FN:108,(anonymous_11)
FN:110,(anonymous_12)
FN:111,(anonymous_13)
FN:120,(anonymous_14)
FN:126,(anonymous_15)
FN:127,(anonymous_16)
FN:146,(anonymous_17)
FN:150,(anonymous_18)
FN:150,(anonymous_19)
FN:151,(anonymous_20)
FN:151,(anonymous_21)
FNF:22
FNH:0
FNDA:0,todayBR
FNDA:0,formatCurrencyMaskBR
FNDA:0,parseMaskedBRToNumber
FNDA:0,AddIncomeRecurringChild
FNDA:0,(anonymous_4)
FNDA:0,(anonymous_5)
FNDA:0,(anonymous_6)
FNDA:0,handleSave
FNDA:0,(anonymous_8)
FNDA:0,(anonymous_9)
FNDA:0,(anonymous_10)
FNDA:0,(anonymous_11)
FNDA:0,(anonymous_12)
FNDA:0,(anonymous_13)
FNDA:0,(anonymous_14)
FNDA:0,(anonymous_15)
FNDA:0,(anonymous_16)
FNDA:0,(anonymous_17)
FNDA:0,(anonymous_18)
FNDA:0,(anonymous_19)
FNDA:0,(anonymous_20)
FNDA:0,(anonymous_21)
DA:11,0
DA:12,0
DA:13,0
DA:14,0
DA:15,0
DA:19,0
DA:20,0
DA:21,0
DA:22,0
DA:23,0
DA:24,0
DA:28,0
DA:29,0
DA:30,0
DA:34,0
DA:35,0
DA:36,0
DA:38,0
DA:39,0
DA:40,0
DA:41,0
DA:42,0
DA:44,0
DA:45,0
DA:46,0
DA:47,0
DA:49,0
DA:50,0
DA:51,0
DA:52,0
DA:54,0
DA:55,0
DA:56,0
DA:57,0
DA:58,0
DA:60,0
DA:65,0
DA:66,0
DA:71,0
DA:72,0
DA:73,0
DA:74,0
DA:75,0
DA:77,0
DA:78,0
DA:89,0
DA:90,0
DA:92,0
DA:96,0
DA:99,0
DA:107,0
DA:108,0
DA:111,0
DA:120,0
DA:126,0
DA:127,0
DA:146,0
DA:150,0
DA:151,0
LF:59
LH:0
BRDA:20,0,0,0
BRDA:20,0,1,0
BRDA:29,1,0,0
BRDA:29,1,1,0
BRDA:58,2,0,0
BRDA:58,2,1,0
BRDA:60,3,0,0
BRDA:60,3,1,0
BRDA:66,4,0,0
BRDA:66,4,1,0
BRDA:66,4,2,0
BRDA:66,4,3,0
BRDA:74,5,0,0
BRDA:74,5,1,0
BRDA:74,6,0,0
BRDA:74,6,1,0
BRDA:75,7,0,0
BRDA:75,7,1,0
BRDA:77,8,0,0
BRDA:77,8,1,0
BRDA:92,9,0,0
BRDA:92,9,1,0
BRDA:108,10,0,0
BRDA:108,10,1,0
BRDA:108,11,0,0
BRDA:108,11,1,0
BRDA:111,12,0,0
BRDA:111,12,1,0
BRDA:111,13,0,0
BRDA:111,13,1,0
BRDA:111,14,0,0
BRDA:111,14,1,0
BRDA:111,15,0,0
BRDA:111,15,1,0
BRDA:134,16,0,0
BRDA:134,16,1,0
BRF:36
BRH:0
end_of_record
TN:
SF:src\screens\ChatbotScreen.tsx
FN:37,ChatbotScreen
FN:51,(anonymous_1)
FN:53,(anonymous_2)
FN:56,(anonymous_3)
FN:60,(anonymous_4)
FN:64,(anonymous_5)
FN:96,(anonymous_6)
FN:99,(anonymous_7)
FN:117,(anonymous_8)
FN:126,(anonymous_9)
FNF:10
FNH:0
FNDA:0,ChatbotScreen
FNDA:0,(anonymous_1)
FNDA:0,(anonymous_2)
FNDA:0,(anonymous_3)
FNDA:0,(anonymous_4)
FNDA:0,(anonymous_5)
FNDA:0,(anonymous_6)
FNDA:0,(anonymous_7)
FNDA:0,(anonymous_8)
FNDA:0,(anonymous_9)
DA:24,0
DA:26,0
DA:27,0
DA:30,0
DA:38,0
DA:39,0
DA:40,0
DA:41,0
DA:43,0
DA:44,0
DA:45,0
DA:49,0
DA:51,0
DA:52,0
DA:53,0
DA:56,0
DA:57,0
DA:60,0
DA:61,0
DA:63,0
DA:64,0
DA:65,0
DA:66,0
DA:68,0
DA:69,0
DA:70,0
DA:72,0
DA:79,0
DA:87,0
DA:93,0
DA:96,0
DA:98,0
DA:99,0
DA:104,0
DA:108,0
DA:117,0
DA:127,0
LF:37
LH:0
BRDA:26,0,0,0
BRDA:26,0,1,0
BRDA:61,1,0,0
BRDA:61,1,1,0
BRDA:61,2,0,0
BRDA:61,2,1,0
BRDA:93,3,0,0
BRDA:93,3,1,0
BRDA:110,4,0,0
BRDA:110,4,1,0
BRDA:112,5,0,0
BRDA:112,5,1,0
BRDA:130,6,0,0
BRDA:130,6,1,0
BRDA:132,7,0,0
BRDA:132,7,1,0
BRDA:149,8,0,0
BRDA:149,8,1,0
BRF:18
BRH:0
end_of_record
TN:
SF:src\screens\CompleteProfile.tsx
FN:17,CompleteProfileScreen
FN:30,(anonymous_1)
FN:66,(anonymous_2)
FN:219,(anonymous_3)
FNF:4
FNH:0
FNDA:0,CompleteProfileScreen
FNDA:0,(anonymous_1)
FNDA:0,(anonymous_2)
FNDA:0,(anonymous_3)
DA:18,0
DA:19,0
DA:20,0
DA:21,0
DA:22,0
DA:23,0
DA:24,0
DA:25,0
DA:26,0
DA:27,0
DA:28,0
DA:30,0
DA:31,0
DA:32,0
DA:33,0
DA:36,0
DA:37,0
DA:38,0
DA:48,0
DA:50,0
DA:51,0
DA:53,0
DA:54,0
DA:59,0
DA:63,0
DA:66,0
DA:220,0
LF:27
LH:0
BRDA:31,0,0,0
BRDA:31,0,1,0
BRDA:40,1,0,0
BRDA:40,1,1,0
BRDA:41,2,0,0
BRDA:41,2,1,0
BRDA:42,3,0,0
BRDA:42,3,1,0
BRDA:43,4,0,0
BRDA:43,4,1,0
BRDA:44,5,0,0
BRDA:44,5,1,0
BRDA:45,6,0,0
BRDA:45,6,1,0
BRDA:56,7,0,0
BRDA:56,7,1,0
BRF:16
BRH:0
end_of_record
TN:
SF:src\screens\EditProfile.tsx
FN:21,EditProfileScreen
FN:35,(anonymous_1)
FN:47,(anonymous_2)
FN:84,(anonymous_3)
FN:96,(anonymous_4)
FN:108,(anonymous_5)
FN:267,(anonymous_6)
FNF:7
FNH:0
FNDA:0,EditProfileScreen
FNDA:0,(anonymous_1)
FNDA:0,(anonymous_2)
FNDA:0,(anonymous_3)
FNDA:0,(anonymous_4)
FNDA:0,(anonymous_5)
FNDA:0,(anonymous_6)
DA:22,0
DA:23,0
DA:24,0
DA:25,0
DA:27,0
DA:28,0
DA:29,0
DA:30,0
DA:31,0
DA:32,0
DA:33,0
DA:35,0
DA:36,0
DA:37,0
DA:38,0
DA:39,0
DA:40,0
DA:41,0
DA:42,0
DA:43,0
DA:47,0
DA:48,0
DA:49,0
DA:50,0
DA:53,0
DA:54,0
DA:55,0
DA:65,0
DA:67,0
DA:68,0
DA:70,0
DA:71,0
DA:76,0
DA:80,0
DA:81,0
DA:84,0
DA:96,0
DA:105,0
DA:108,0
DA:268,0
LF:40
LH:0
BRDA:36,0,0,0
BRDA:36,0,1,0
BRDA:37,1,0,0
BRDA:37,1,1,0
BRDA:38,2,0,0
BRDA:38,2,1,0
BRDA:39,3,0,0
BRDA:39,3,1,0
BRDA:40,4,0,0
BRDA:40,4,1,0
BRDA:41,5,0,0
BRDA:41,5,1,0
BRDA:42,6,0,0
BRDA:42,6,1,0
BRDA:43,7,0,0
BRDA:43,7,1,0
BRDA:48,8,0,0
BRDA:48,8,1,0
BRDA:57,9,0,0
BRDA:57,9,1,0
BRDA:58,10,0,0
BRDA:58,10,1,0
BRDA:59,11,0,0
BRDA:59,11,1,0
BRDA:60,12,0,0
BRDA:60,12,1,0
BRDA:61,13,0,0
BRDA:61,13,1,0
BRDA:62,14,0,0
BRDA:62,14,1,0
BRDA:73,15,0,0
BRDA:73,15,1,0
BRDA:80,16,0,0
BRDA:80,16,1,0
BRF:34
BRH:0
end_of_record
TN:
SF:src\screens\Homepage.tsx
FN:36,Homepage
FN:42,(anonymous_1)
FN:50,(anonymous_2)
FN:110,(anonymous_3)
FN:113,(anonymous_4)
FN:117,(anonymous_5)
FN:124,(anonymous_6)
FN:125,(anonymous_7)
FN:156,(anonymous_8)
FN:177,(anonymous_9)
FN:181,(anonymous_10)
FN:191,(anonymous_11)
FN:192,(anonymous_12)
FN:204,(anonymous_13)
FN:208,(anonymous_14)
FN:209,(anonymous_15)
FN:213,(anonymous_16)
FN:214,(anonymous_17)
FN:251,(anonymous_18)
FN:274,(anonymous_19)
FN:281,(anonymous_20)
FN:326,(anonymous_21)
FN:389,(anonymous_22)
FN:412,(anonymous_23)
FN:417,(anonymous_24)
FN:432,(anonymous_25)
FN:433,(anonymous_26)
FN:461,(anonymous_27)
FN:477,(anonymous_28)
FN:485,(anonymous_29)
FN:503,(anonymous_30)
FN:519,(anonymous_31)
FN:523,(anonymous_32)
FN:541,(anonymous_33)
FN:557,(anonymous_34)
FN:592,(anonymous_35)
FN:609,(anonymous_36)
FN:623,(anonymous_37)
FN:632,(anonymous_38)
FN:650,(anonymous_39)
FN:664,(anonymous_40)
FN:677,(anonymous_41)
FN:691,(anonymous_42)
FN:717,(anonymous_43)
FN:728,(anonymous_44)
FN:736,(anonymous_45)
FN:753,(anonymous_46)
FN:776,(anonymous_47)
FN:792,(anonymous_48)
FN:802,(anonymous_49)
FNF:50
FNH:0
FNDA:0,Homepage
FNDA:0,(anonymous_1)
FNDA:0,(anonymous_2)
FNDA:0,(anonymous_3)
FNDA:0,(anonymous_4)
FNDA:0,(anonymous_5)
FNDA:0,(anonymous_6)
FNDA:0,(anonymous_7)
FNDA:0,(anonymous_8)
FNDA:0,(anonymous_9)
FNDA:0,(anonymous_10)
FNDA:0,(anonymous_11)
FNDA:0,(anonymous_12)
FNDA:0,(anonymous_13)
FNDA:0,(anonymous_14)
FNDA:0,(anonymous_15)
FNDA:0,(anonymous_16)
FNDA:0,(anonymous_17)
FNDA:0,(anonymous_18)
FNDA:0,(anonymous_19)
FNDA:0,(anonymous_20)
FNDA:0,(anonymous_21)
FNDA:0,(anonymous_22)
FNDA:0,(anonymous_23)
FNDA:0,(anonymous_24)
FNDA:0,(anonymous_25)
FNDA:0,(anonymous_26)
FNDA:0,(anonymous_27)
FNDA:0,(anonymous_28)
FNDA:0,(anonymous_29)
FNDA:0,(anonymous_30)
FNDA:0,(anonymous_31)
FNDA:0,(anonymous_32)
FNDA:0,(anonymous_33)
FNDA:0,(anonymous_34)
FNDA:0,(anonymous_35)
FNDA:0,(anonymous_36)
FNDA:0,(anonymous_37)
FNDA:0,(anonymous_38)
FNDA:0,(anonymous_39)
FNDA:0,(anonymous_40)
FNDA:0,(anonymous_41)
FNDA:0,(anonymous_42)
FNDA:0,(anonymous_43)
FNDA:0,(anonymous_44)
FNDA:0,(anonymous_45)
FNDA:0,(anonymous_46)
FNDA:0,(anonymous_47)
FNDA:0,(anonymous_48)
FNDA:0,(anonymous_49)
DA:37,0
DA:38,0
DA:39,0
DA:40,0
DA:42,0
DA:43,0
DA:44,0
DA:45,0
DA:50,0
DA:51,0
DA:52,0
DA:53,0
DA:54,0
DA:57,0
DA:58,0
DA:59,0
DA:60,0
DA:63,0
DA:66,0
DA:69,0
DA:72,0
DA:73,0
DA:74,0
DA:77,0
DA:78,0
DA:79,0
DA:80,0
DA:82,0
DA:83,0
DA:89,0
DA:105,0
DA:107,0
DA:108,0
DA:109,0
DA:110,0
DA:111,0
DA:113,0
DA:114,0
DA:115,0
DA:116,0
DA:117,0
DA:118,0
DA:122,0
DA:124,0
DA:125,0
DA:126,0
DA:141,0
DA:156,0
DA:157,0
DA:161,0
DA:177,0
DA:178,0
DA:181,0
DA:182,0
DA:183,0
DA:184,0
DA:185,0
DA:190,0
DA:192,0
DA:193,0
DA:194,0
DA:195,0
DA:196,0
DA:197,0
DA:199,0
DA:201,0
DA:204,0
DA:208,0
DA:209,0
DA:210,0
DA:211,0
DA:212,0
DA:213,0
DA:214,0
DA:216,0
DA:217,0
DA:219,0
DA:220,0
DA:226,0
DA:251,0
DA:274,0
DA:281,0
DA:326,0
DA:389,0
DA:412,0
DA:417,0
DA:432,0
DA:433,0
DA:461,0
DA:478,0
DA:486,0
DA:503,0
DA:520,0
DA:524,0
DA:541,0
DA:558,0
DA:559,0
DA:592,0
DA:610,0
DA:623,0
DA:633,0
DA:651,0
DA:652,0
DA:665,0
DA:666,0
DA:677,0
DA:692,0
DA:693,0
DA:718,0
DA:719,0
DA:720,0
DA:721,0
DA:729,0
DA:730,0
DA:737,0
DA:738,0
DA:753,0
DA:777,0
DA:778,0
DA:779,0
DA:780,0
DA:793,0
DA:794,0
DA:795,0
DA:796,0
DA:797,0
DA:802,0
LF:127
LH:0
BRDA:44,0,0,0
BRDA:44,0,1,0
BRDA:44,1,0,0
BRDA:44,1,1,0
BRDA:52,2,0,0
BRDA:52,2,1,0
BRDA:53,3,0,0
BRDA:53,3,1,0
BRDA:82,4,0,0
BRDA:82,4,1,0
BRDA:89,5,0,0
BRDA:89,5,1,0
BRDA:89,5,2,0
BRDA:92,6,0,0
BRDA:93,7,0,0
BRDA:94,8,0,0
BRDA:95,9,0,0
BRDA:96,10,0,0
BRDA:97,11,0,0
BRDA:98,12,0,0
BRDA:99,13,0,0
BRDA:100,14,0,0
BRDA:101,15,0,0
BRDA:102,16,0,0
BRDA:103,17,0,0
BRDA:104,18,0,0
BRDA:105,19,0,0
BRDA:105,19,1,0
BRDA:115,20,0,0
BRDA:115,20,1,0
BRDA:118,21,0,0
BRDA:118,21,1,0
BRDA:124,22,0,0
BRDA:124,22,1,0
BRDA:199,23,0,0
BRDA:199,23,1,0
BRDA:210,24,0,0
BRDA:210,24,1,0
BRDA:216,25,0,0
BRDA:216,25,1,0
BRDA:217,26,0,0
BRDA:217,26,1,0
BRDA:254,27,0,0
BRDA:254,27,1,0
BRDA:285,28,0,0
BRDA:285,28,1,0
BRDA:312,29,0,0
BRDA:312,29,1,0
BRDA:317,30,0,0
BRDA:317,30,1,0
BRDA:489,31,0,0
BRDA:489,31,1,0
BRDA:493,32,0,0
BRDA:493,32,1,0
BRDA:526,33,0,0
BRDA:526,33,1,0
BRDA:528,34,0,0
BRDA:528,34,1,0
BRDA:619,35,0,0
BRDA:619,35,1,0
BRDA:621,36,0,0
BRDA:621,36,1,0
BRDA:645,37,0,0
BRDA:645,37,1,0
BRDA:688,38,0,0
BRDA:688,38,1,0
BRDA:719,39,0,0
BRDA:719,39,1,0
BRDA:750,40,0,0
BRDA:750,40,1,0
BRDA:779,41,0,0
BRDA:779,41,1,0
BRDA:788,42,0,0
BRDA:788,42,1,0
BRDA:795,43,0,0
BRDA:795,43,1,0
BRF:76
BRH:0
end_of_record
TN:
SF:src\screens\Login.tsx
FN:16,LoginScreen
FN:29,handleLogin
FN:113,(anonymous_2)
FN:113,(anonymous_3)
FN:140,(anonymous_4)
FN:147,(anonymous_5)
FNF:6
FNH:2
FNDA:10,LoginScreen
FNDA:2,handleLogin
FNDA:0,(anonymous_2)
FNDA:0,(anonymous_3)
FNDA:0,(anonymous_4)
FNDA:0,(anonymous_5)
DA:17,10
DA:18,10
DA:19,10
DA:20,10
DA:21,10
DA:22,10
DA:23,10
DA:24,10
DA:27,10
DA:30,2
DA:31,2
DA:32,2
DA:33,2
DA:34,1
DA:36,1
DA:38,2
DA:42,10
DA:43,0
DA:49,10
DA:113,0
DA:140,0
DA:147,0
LF:22
LH:18
BRDA:27,0,0,10
BRDA:27,0,1,8
BRDA:27,0,2,8
BRDA:36,1,0,1
BRDA:36,1,1,0
BRDA:42,2,0,0
BRDA:42,2,1,10
BRDA:52,3,0,10
BRDA:52,3,1,0
BRDA:98,4,0,10
BRDA:98,4,1,0
BRDA:112,5,0,0
BRDA:112,5,1,10
BRDA:120,6,0,10
BRDA:120,6,1,1
BRDA:130,7,0,10
BRDA:130,7,1,8
BRDA:130,7,2,8
BRF:18
BRH:13
end_of_record
TN:
SF:src\screens\NotFoundScreen.tsx
FN:6,NotFoundScreen
FNF:1
FNH:1
FNDA:1,NotFoundScreen
DA:7,1
DA:9,1
DA:26,1
LF:3
LH:3
BRF:0
BRH:0
end_of_record
TN:
SF:src\screens\Profile.tsx
FN:16,Profile
FN:37,(anonymous_1)
FN:39,(anonymous_2)
FN:44,(anonymous_3)
FN:45,(anonymous_4)
FN:58,handleLogout
FN:63,handleGenerateReport
FN:88,(anonymous_7)
FN:93,(anonymous_8)
FN:102,(anonymous_9)
FN:112,(anonymous_10)
FN:137,(anonymous_11)
FN:145,(anonymous_12)
FN:170,(anonymous_13)
FN:171,(anonymous_14)
FN:185,(anonymous_15)
FN:200,(anonymous_16)
FN:213,(anonymous_17)
FN:229,(anonymous_18)
FN:246,(anonymous_19)
FN:277,(anonymous_20)
FN:297,(anonymous_21)
FN:302,(anonymous_22)
FN:307,(anonymous_23)
FN:316,(anonymous_24)
FN:325,(anonymous_25)
FN:353,(anonymous_26)
FN:358,(anonymous_27)
FN:380,(anonymous_28)
FN:400,(anonymous_29)
FN:421,(anonymous_30)
FN:422,(anonymous_31)
FN:427,(anonymous_32)
FN:438,(anonymous_33)
FN:439,(anonymous_34)
FN:444,(anonymous_35)
FN:453,(anonymous_36)
FNF:37
FNH:0
FNDA:0,Profile
FNDA:0,(anonymous_1)
FNDA:0,(anonymous_2)
FNDA:0,(anonymous_3)
FNDA:0,(anonymous_4)
FNDA:0,handleLogout
FNDA:0,handleGenerateReport
FNDA:0,(anonymous_7)
FNDA:0,(anonymous_8)
FNDA:0,(anonymous_9)
FNDA:0,(anonymous_10)
FNDA:0,(anonymous_11)
FNDA:0,(anonymous_12)
FNDA:0,(anonymous_13)
FNDA:0,(anonymous_14)
FNDA:0,(anonymous_15)
FNDA:0,(anonymous_16)
FNDA:0,(anonymous_17)
FNDA:0,(anonymous_18)
FNDA:0,(anonymous_19)
FNDA:0,(anonymous_20)
FNDA:0,(anonymous_21)
FNDA:0,(anonymous_22)
FNDA:0,(anonymous_23)
FNDA:0,(anonymous_24)
FNDA:0,(anonymous_25)
FNDA:0,(anonymous_26)
FNDA:0,(anonymous_27)
FNDA:0,(anonymous_28)
FNDA:0,(anonymous_29)
FNDA:0,(anonymous_30)
FNDA:0,(anonymous_31)
FNDA:0,(anonymous_32)
FNDA:0,(anonymous_33)
FNDA:0,(anonymous_34)
FNDA:0,(anonymous_35)
FNDA:0,(anonymous_36)
DA:17,0
DA:18,0
DA:19,0
DA:20,0
DA:21,0
DA:22,0
DA:23,0
DA:24,0
DA:25,0
DA:26,0
DA:27,0
DA:28,0
DA:29,0
DA:31,0
DA:32,0
DA:33,0
DA:34,0
DA:35,0
DA:37,0
DA:38,0
DA:39,0
DA:40,0
DA:44,0
DA:45,0
DA:46,0
DA:47,0
DA:48,0
DA:49,0
DA:51,0
DA:53,0
DA:59,0
DA:60,0
DA:64,0
DA:65,0
DA:66,0
DA:69,0
DA:70,0
DA:71,0
DA:72,0
DA:75,0
DA:76,0
DA:78,0
DA:79,0
DA:80,0
DA:82,0
DA:83,0
DA:84,0
DA:85,0
DA:88,0
DA:89,0
DA:90,0
DA:93,0
DA:94,0
DA:95,0
DA:99,0
DA:100,0
DA:102,0
DA:103,0
DA:106,0
DA:107,0
DA:108,0
DA:109,0
DA:110,0
DA:111,0
DA:112,0
DA:117,0
DA:118,0
DA:119,0
DA:120,0
DA:121,0
DA:122,0
DA:124,0
DA:128,0
DA:137,0
DA:138,0
DA:141,0
DA:142,0
DA:143,0
DA:144,0
DA:145,0
DA:150,0
DA:151,0
DA:152,0
DA:153,0
DA:154,0
DA:155,0
DA:157,0
DA:161,0
DA:170,0
DA:171,0
DA:173,0
DA:181,0
DA:186,0
DA:187,0
DA:188,0
DA:193,0
DA:194,0
DA:196,0
DA:200,0
DA:201,0
DA:203,0
DA:205,0
DA:207,0
DA:209,0
DA:213,0
DA:214,0
DA:216,0
DA:218,0
DA:220,0
DA:222,0
DA:226,0
DA:229,0
DA:246,0
DA:277,0
DA:297,0
DA:302,0
DA:308,0
DA:309,0
DA:317,0
DA:318,0
DA:326,0
DA:327,0
DA:354,0
DA:358,0
DA:380,0
DA:401,0
DA:402,0
DA:403,0
DA:421,0
DA:422,0
DA:427,0
DA:438,0
DA:439,0
DA:444,0
DA:454,0
DA:455,0
DA:456,0
LF:137
LH:0
BRDA:31,0,0,0
BRDA:31,0,1,0
BRDA:31,0,2,0
BRDA:32,1,0,0
BRDA:32,1,1,0
BRDA:32,1,2,0
BRDA:49,2,0,0
BRDA:49,2,1,0
BRDA:64,3,0,0
BRDA:64,3,1,0
BRDA:64,4,0,0
BRDA:64,4,1,0
BRDA:82,5,0,0
BRDA:82,5,1,0
BRDA:90,6,0,0
BRDA:90,6,1,0
BRDA:95,7,0,0
BRDA:95,7,1,0
BRDA:106,8,0,0
BRDA:106,8,1,0
BRDA:107,9,0,0
BRDA:107,9,1,0
BRDA:109,10,0,0
BRDA:109,10,1,0
BRDA:111,11,0,0
BRDA:111,11,1,0
BRDA:112,12,0,0
BRDA:112,12,1,0
BRDA:118,13,0,0
BRDA:118,13,1,0
BRDA:118,14,0,0
BRDA:118,14,1,0
BRDA:119,15,0,0
BRDA:119,15,1,0
BRDA:121,16,0,0
BRDA:121,16,1,0
BRDA:141,17,0,0
BRDA:141,17,1,0
BRDA:142,18,0,0
BRDA:142,18,1,0
BRDA:144,19,0,0
BRDA:144,19,1,0
BRDA:145,20,0,0
BRDA:145,20,1,0
BRDA:151,21,0,0
BRDA:151,21,1,0
BRDA:151,22,0,0
BRDA:151,22,1,0
BRDA:152,23,0,0
BRDA:152,23,1,0
BRDA:154,24,0,0
BRDA:154,24,1,0
BRDA:170,25,0,0
BRDA:170,25,1,0
BRDA:171,26,0,0
BRDA:171,26,1,0
BRDA:201,27,0,0
BRDA:201,27,1,0
BRDA:201,27,2,0
BRDA:201,27,3,0
BRDA:214,28,0,0
BRDA:214,28,1,0
BRDA:214,28,2,0
BRDA:214,28,3,0
BRDA:234,29,0,0
BRDA:234,29,1,0
BRDA:263,30,0,0
BRDA:263,30,1,0
BRDA:268,31,0,0
BRDA:268,31,1,0
BRDA:313,32,0,0
BRDA:313,32,1,0
BRDA:322,33,0,0
BRDA:322,33,1,0
BRDA:331,34,0,0
BRDA:331,34,1,0
BRDA:344,35,0,0
BRDA:344,35,1,0
BRDA:352,36,0,0
BRDA:352,36,1,0
BRDA:430,37,0,0
BRDA:430,37,1,0
BRDA:447,38,0,0
BRDA:447,38,1,0
BRF:84
BRH:0
end_of_record
TN:
SF:src\screens\Register.tsx
FN:14,RegisterScreen
FN:35,handleRegister
FN:134,(anonymous_2)
FN:134,(anonymous_3)
FN:156,(anonymous_4)
FN:156,(anonymous_5)
FN:186,(anonymous_6)
FNF:7
FNH:2
FNDA:14,RegisterScreen
FNDA:2,handleRegister
FNDA:0,(anonymous_2)
FNDA:0,(anonymous_3)
FNDA:0,(anonymous_4)
FNDA:0,(anonymous_5)
FNDA:0,(anonymous_6)
DA:15,14
DA:16,14
DA:17,14
DA:18,14
DA:19,14
DA:20,14
DA:21,14
DA:22,14
DA:23,14
DA:24,14
DA:26,14
DA:27,14
DA:29,14
DA:31,14
DA:32,14
DA:33,14
DA:36,2
DA:37,2
DA:38,2
DA:39,2
DA:40,1
DA:42,1
DA:43,1
DA:44,1
DA:48,1
DA:50,0
DA:53,2
DA:57,14
DA:134,0
DA:156,0
DA:186,0
LF:31
LH:27
BRDA:26,0,0,14
BRDA:26,0,1,10
BRDA:27,1,0,14
BRDA:27,1,1,8
BRDA:29,2,0,14
BRDA:29,2,1,8
BRDA:29,2,2,6
BRDA:31,3,0,14
BRDA:31,3,1,12
BRDA:31,3,2,10
BRDA:31,3,3,8
BRDA:32,4,0,14
BRDA:32,4,1,14
BRDA:32,4,2,14
BRDA:33,5,0,14
BRDA:33,5,1,6
BRDA:33,5,2,6
BRDA:44,6,0,1
BRDA:44,6,1,0
BRDA:45,7,0,1
BRDA:45,7,1,0
BRDA:50,8,0,0
BRDA:50,8,1,0
BRDA:60,9,0,14
BRDA:60,9,1,0
BRDA:115,10,0,14
BRDA:115,10,1,0
BRDA:133,11,0,0
BRDA:133,11,1,14
BRDA:141,12,0,14
BRDA:141,12,1,0
BRDA:155,13,0,0
BRDA:155,13,1,14
BRDA:163,14,0,14
BRDA:163,14,1,0
BRDA:168,15,0,14
BRDA:168,15,1,1
BRF:37
BRH:27
end_of_record
TN:
SF:src\screens\Reset.tsx
FN:13,ResetScreen
FN:21,handleReset
FN:82,(anonymous_2)
FNF:3
FNH:2
FNDA:3,ResetScreen
FNDA:1,handleReset
FNDA:0,(anonymous_2)
DA:14,3
DA:15,3
DA:16,3
DA:18,3
DA:19,3
DA:22,1
DA:23,1
DA:26,3
DA:82,0
LF:9
LH:8
BRDA:18,0,0,3
BRDA:18,0,1,2
BRDA:18,0,2,2
BRDA:29,1,0,3
BRDA:29,1,1,0
BRDA:73,2,0,3
BRDA:73,2,1,3
BRDA:87,3,0,3
BRDA:87,3,1,1
BRF:9
BRH:8
end_of_record
TN:
SF:src\screens\Welcome.tsx
FN:9,WelcomeScreen
FN:36,(anonymous_1)
FN:47,(anonymous_2)
FNF:3
FNH:0
FNDA:0,WelcomeScreen
FNDA:0,(anonymous_1)
FNDA:0,(anonymous_2)
DA:10,0
DA:11,0
DA:13,0
DA:36,0
DA:47,0
LF:5
LH:0
BRF:0
BRH:0
end_of_record
TN:
SF:src\screens\details\AlertsDetailScreen.tsx
FN:6,AlertsDetailScreen
FN:11,(anonymous_1)
FN:12,(anonymous_2)
FN:29,(anonymous_3)
FN:34,(anonymous_4)
FNF:5
FNH:0
FNDA:0,AlertsDetailScreen
FNDA:0,(anonymous_1)
FNDA:0,(anonymous_2)
FNDA:0,(anonymous_3)
FNDA:0,(anonymous_4)
DA:7,0
DA:8,0
DA:9,0
DA:11,0
DA:12,0
DA:13,0
DA:14,0
DA:15,0
DA:16,0
DA:18,0
DA:20,0
DA:25,0
DA:30,0
DA:35,0
LF:14
LH:0
BRDA:16,0,0,0
BRDA:16,0,1,0
BRDA:37,1,0,0
BRDA:37,1,1,0
BRDA:38,2,0,0
BRDA:38,2,1,0
BRF:6
BRH:0
end_of_record
TN:
SF:src\screens\details\BalanceDetailScreen.tsx
FN:8,BalanceDetailScreen
FN:13,(anonymous_1)
FN:14,(anonymous_2)
FNF:3
FNH:0
FNDA:0,BalanceDetailScreen
FNDA:0,(anonymous_1)
FNDA:0,(anonymous_2)
DA:9,0
DA:10,0
DA:11,0
DA:13,0
DA:14,0
DA:15,0
DA:16,0
DA:17,0
DA:18,0
DA:20,0
DA:22,0
DA:27,0
DA:29,0
LF:13
LH:0
BRDA:27,0,0,0
BRDA:27,0,1,0
BRDA:27,1,0,0
BRDA:27,1,1,0
BRDA:27,2,0,0
BRDA:27,2,1,0
BRDA:38,3,0,0
BRDA:38,3,1,0
BRDA:45,4,0,0
BRDA:45,4,1,0
BRDA:51,5,0,0
BRDA:51,5,1,0
BRF:12
BRH:0
end_of_record
TN:
SF:src\screens\details\CategoriesDetailScreen.tsx
FN:8,CategoriesDetailScreen
FN:13,(anonymous_1)
FN:14,(anonymous_2)
FN:27,(anonymous_3)
FN:33,(anonymous_4)
FNF:5
FNH:0
FNDA:0,CategoriesDetailScreen
FNDA:0,(anonymous_1)
FNDA:0,(anonymous_2)
FNDA:0,(anonymous_3)
FNDA:0,(anonymous_4)
DA:9,0
DA:10,0
DA:11,0
DA:13,0
DA:14,0
DA:15,0
DA:16,0
DA:17,0
DA:18,0
DA:20,0
DA:22,0
DA:27,0
DA:29,0
DA:34,0
DA:35,0
LF:15
LH:0
BRDA:18,0,0,0
BRDA:18,0,1,0
BRDA:27,1,0,0
BRDA:27,1,1,0
BRF:4
BRH:0
end_of_record
TN:
SF:src\screens\details\DetailScaffold.tsx
FN:13,DetailScaffold
FN:36,(anonymous_1)
FNF:2
FNH:0
FNDA:0,DetailScaffold
FNDA:0,(anonymous_1)
DA:18,0
DA:19,0
DA:21,0
DA:36,0
LF:4
LH:0
BRDA:42,0,0,0
BRDA:42,0,1,0
BRF:2
BRH:0
end_of_record
TN:
SF:src\screens\details\IncomeVsExpenseDetailScreen.tsx
FN:28,IncomeVsExpenseDetailScreen
FN:36,(anonymous_1)
FN:44,(anonymous_2)
FN:47,(anonymous_3)
FN:65,(anonymous_4)
FN:74,(anonymous_5)
FN:77,(anonymous_6)
FN:82,(anonymous_7)
FN:87,(anonymous_8)
FN:91,(anonymous_9)
FN:99,(anonymous_10)
FN:101,(anonymous_11)
FN:104,(anonymous_12)
FN:106,(anonymous_13)
FN:110,(anonymous_14)
FN:121,(anonymous_15)
FN:139,(anonymous_16)
FN:143,(anonymous_17)
FN:153,(anonymous_18)
FN:185,(anonymous_19)
FN:189,(anonymous_20)
FN:217,(anonymous_21)
FN:218,(anonymous_22)
FN:237,(anonymous_23)
FN:242,(anonymous_24)
FN:256,(anonymous_25)
FN:257,(anonymous_26)
FN:296,(anonymous_27)
FNF:28
FNH:0
FNDA:0,IncomeVsExpenseDetailScreen
FNDA:0,(anonymous_1)
FNDA:0,(anonymous_2)
FNDA:0,(anonymous_3)
FNDA:0,(anonymous_4)
FNDA:0,(anonymous_5)
FNDA:0,(anonymous_6)
FNDA:0,(anonymous_7)
FNDA:0,(anonymous_8)
FNDA:0,(anonymous_9)
FNDA:0,(anonymous_10)
FNDA:0,(anonymous_11)
FNDA:0,(anonymous_12)
FNDA:0,(anonymous_13)
FNDA:0,(anonymous_14)
FNDA:0,(anonymous_15)
FNDA:0,(anonymous_16)
FNDA:0,(anonymous_17)
FNDA:0,(anonymous_18)
FNDA:0,(anonymous_19)
FNDA:0,(anonymous_20)
FNDA:0,(anonymous_21)
FNDA:0,(anonymous_22)
FNDA:0,(anonymous_23)
FNDA:0,(anonymous_24)
FNDA:0,(anonymous_25)
FNDA:0,(anonymous_26)
FNDA:0,(anonymous_27)
DA:19,0
DA:20,0
DA:23,0
DA:29,0
DA:30,0
DA:31,0
DA:34,0
DA:35,0
DA:36,0
DA:37,0
DA:43,0
DA:45,0
DA:47,0
DA:48,0
DA:49,0
DA:50,0
DA:51,0
DA:52,0
DA:53,0
DA:54,0
DA:56,0
DA:57,0
DA:59,0
DA:60,0
DA:65,0
DA:66,0
DA:71,0
DA:72,0
DA:74,0
DA:75,0
DA:76,0
DA:77,0
DA:82,0
DA:83,0
DA:84,0
DA:85,0
DA:87,0
DA:90,0
DA:92,0
DA:99,0
DA:100,0
DA:101,0
DA:104,0
DA:105,0
DA:106,0
DA:109,0
DA:110,0
DA:114,0
DA:115,0
DA:117,0
DA:121,0
DA:122,0
DA:123,0
DA:124,0
DA:125,0
DA:126,0
DA:129,0
DA:133,0
DA:137,0
DA:139,0
DA:140,0
DA:141,0
DA:143,0
DA:144,0
DA:145,0
DA:147,0
DA:153,0
DA:158,0
DA:159,0
DA:160,0
DA:162,0
DA:163,0
DA:164,0
DA:165,0
DA:168,0
DA:176,0
DA:184,0
DA:186,0
DA:187,0
DA:188,0
DA:189,0
DA:194,0
DA:217,0
DA:218,0
DA:237,0
DA:242,0
DA:256,0
DA:257,0
DA:297,0
DA:302,0
DA:307,0
DA:315,0
DA:371,0
LF:93
LH:0
BRDA:23,0,0,0
BRDA:23,0,1,0
BRDA:52,1,0,0
BRDA:52,1,1,0
BRDA:56,2,0,0
BRDA:56,2,1,0
BRDA:57,3,0,0
BRDA:57,3,1,0
BRDA:59,4,0,0
BRDA:59,4,1,0
BRDA:71,5,0,0
BRDA:71,5,1,0
BRDA:72,6,0,0
BRDA:72,6,1,0
BRDA:75,7,0,0
BRDA:75,7,1,0
BRDA:77,8,0,0
BRDA:77,8,1,0
BRDA:83,9,0,0
BRDA:83,9,1,0
BRDA:84,10,0,0
BRDA:84,10,1,0
BRDA:87,11,0,0
BRDA:87,11,1,0
BRDA:100,12,0,0
BRDA:100,12,1,0
BRDA:105,13,0,0
BRDA:105,13,1,0
BRDA:117,14,0,0
BRDA:117,14,1,0
BRDA:117,15,0,0
BRDA:117,15,1,0
BRDA:122,16,0,0
BRDA:122,16,1,0
BRDA:122,17,0,0
BRDA:122,17,1,0
BRDA:125,18,0,0
BRDA:125,18,1,0
BRDA:140,19,0,0
BRDA:140,19,1,0
BRDA:140,20,0,0
BRDA:140,20,1,0
BRDA:144,21,0,0
BRDA:144,21,1,0
BRDA:148,22,0,0
BRDA:148,22,1,0
BRDA:149,23,0,0
BRDA:149,23,1,0
BRDA:159,24,0,0
BRDA:159,24,1,0
BRDA:162,25,0,0
BRDA:162,25,1,0
BRDA:163,26,0,0
BRDA:163,26,1,0
BRDA:164,27,0,0
BRDA:164,27,1,0
BRDA:168,28,0,0
BRDA:168,28,1,0
BRDA:171,29,0,0
BRDA:171,29,1,0
BRDA:172,30,0,0
BRDA:172,30,1,0
BRDA:176,31,0,0
BRDA:176,31,1,0
BRDA:179,32,0,0
BRDA:179,32,1,0
BRDA:180,33,0,0
BRDA:180,33,1,0
BRDA:187,34,0,0
BRDA:187,34,1,0
BRDA:189,35,0,0
BRDA:189,35,1,0
BRDA:201,36,0,0
BRDA:201,36,1,0
BRDA:207,37,0,0
BRDA:207,37,1,0
BRDA:213,38,0,0
BRDA:213,38,1,0
BRDA:216,39,0,0
BRDA:216,39,1,0
BRDA:228,40,0,0
BRDA:228,40,1,0
BRDA:310,41,0,0
BRDA:310,41,1,0
BRF:84
BRH:0
end_of_record
TN:
SF:src\screens\details\MonthlySummaryDetailScreen.tsx
FN:17,parseDate
FN:35,formatDateLabel
FN:41,MonthlySummaryDetailScreen
FN:49,(anonymous_3)
FN:53,fetchData
FN:78,handleToggleReceita
FN:90,handleToggleDespesa
FN:102,(anonymous_7)
FN:107,(anonymous_8)
FN:108,(anonymous_9)
FN:116,(anonymous_10)
FN:117,(anonymous_11)
FN:125,(anonymous_12)
FN:126,(anonymous_13)
FN:128,(anonymous_14)
FN:129,(anonymous_15)
FN:202,(anonymous_16)
FN:219,(anonymous_17)
FN:245,FinanceItemCard
FN:281,(anonymous_19)
FN:314,(anonymous_20)
FNF:21
FNH:0
FNDA:0,parseDate
FNDA:0,formatDateLabel
FNDA:0,MonthlySummaryDetailScreen
FNDA:0,(anonymous_3)
FNDA:0,fetchData
FNDA:0,handleToggleReceita
FNDA:0,handleToggleDespesa
FNDA:0,(anonymous_7)
FNDA:0,(anonymous_8)
FNDA:0,(anonymous_9)
FNDA:0,(anonymous_10)
FNDA:0,(anonymous_11)
FNDA:0,(anonymous_12)
FNDA:0,(anonymous_13)
FNDA:0,(anonymous_14)
FNDA:0,(anonymous_15)
FNDA:0,(anonymous_16)
FNDA:0,(anonymous_17)
FNDA:0,FinanceItemCard
FNDA:0,(anonymous_19)
FNDA:0,(anonymous_20)
DA:18,0
DA:19,0
DA:21,0
DA:22,0
DA:24,0
DA:25,0
DA:26,0
DA:27,0
DA:28,0
DA:32,0
DA:36,0
DA:37,0
DA:38,0
DA:42,0
DA:43,0
DA:44,0
DA:45,0
DA:46,0
DA:47,0
DA:49,0
DA:50,0
DA:54,0
DA:56,0
DA:57,0
DA:58,0
DA:59,0
DA:62,0
DA:67,0
DA:68,0
DA:70,0
DA:72,0
DA:73,0
DA:79,0
DA:80,0
DA:81,0
DA:82,0
DA:84,0
DA:86,0
DA:91,0
DA:92,0
DA:93,0
DA:94,0
DA:96,0
DA:98,0
DA:102,0
DA:103,0
DA:104,0
DA:106,0
DA:108,0
DA:109,0
DA:110,0
DA:115,0
DA:117,0
DA:118,0
DA:119,0
DA:124,0
DA:125,0
DA:126,0
DA:127,0
DA:128,0
DA:129,0
DA:131,0
DA:203,0
DA:220,0
DA:246,0
DA:247,0
DA:249,0
DA:252,0
DA:255,0
DA:256,0
DA:257,0
DA:259,0
DA:260,0
DA:261,0
DA:267,0
DA:268,0
DA:270,0
DA:281,0
DA:314,0
DA:323,0
LF:80
LH:0
BRDA:18,0,0,0
BRDA:18,0,1,0
BRDA:19,1,0,0
BRDA:19,1,1,0
BRDA:19,2,0,0
BRDA:19,2,1,0
BRDA:22,3,0,0
BRDA:22,3,1,0
BRDA:24,4,0,0
BRDA:24,4,1,0
BRDA:24,5,0,0
BRDA:24,5,1,0
BRDA:26,6,0,0
BRDA:26,6,1,0
BRDA:26,7,0,0
BRDA:26,7,1,0
BRDA:26,7,2,0
BRDA:28,8,0,0
BRDA:28,8,1,0
BRDA:37,9,0,0
BRDA:37,9,1,0
BRDA:53,10,0,0
BRDA:54,11,0,0
BRDA:58,12,0,0
BRDA:58,12,1,0
BRDA:67,13,0,0
BRDA:67,13,1,0
BRDA:68,14,0,0
BRDA:68,14,1,0
BRDA:70,15,0,0
BRDA:70,15,1,0
BRDA:72,16,0,0
BRDA:72,16,1,0
BRDA:84,17,0,0
BRDA:84,17,1,0
BRDA:96,18,0,0
BRDA:96,18,1,0
BRDA:110,19,0,0
BRDA:110,19,1,0
BRDA:110,19,2,0
BRDA:119,20,0,0
BRDA:119,20,1,0
BRDA:119,20,2,0
BRDA:126,21,0,0
BRDA:126,21,1,0
BRDA:129,22,0,0
BRDA:129,22,1,0
BRDA:138,23,0,0
BRDA:138,23,1,0
BRDA:141,24,0,0
BRDA:141,24,1,0
BRDA:145,25,0,0
BRDA:145,25,1,0
BRDA:199,26,0,0
BRDA:199,26,1,0
BRDA:216,27,0,0
BRDA:216,27,1,0
BRDA:249,28,0,0
BRDA:249,28,1,0
BRDA:251,29,0,0
BRDA:251,29,1,0
BRDA:251,29,2,0
BRDA:252,30,0,0
BRDA:252,30,1,0
BRDA:254,31,0,0
BRDA:254,31,1,0
BRDA:255,32,0,0
BRDA:255,32,1,0
BRDA:256,33,0,0
BRDA:256,33,1,0
BRDA:256,33,2,0
BRDA:257,34,0,0
BRDA:257,34,1,0
BRDA:259,35,0,0
BRDA:259,35,1,0
BRDA:259,36,0,0
BRDA:259,36,1,0
BRDA:260,37,0,0
BRDA:260,37,1,0
BRDA:261,38,0,0
BRDA:261,38,1,0
BRDA:262,39,0,0
BRDA:262,39,1,0
BRDA:267,40,0,0
BRDA:267,40,1,0
BRDA:268,41,0,0
BRDA:268,41,1,0
BRDA:277,42,0,0
BRDA:277,42,1,0
BRDA:277,43,0,0
BRDA:277,43,1,0
BRDA:279,44,0,0
BRDA:279,44,1,0
BRDA:281,45,0,0
BRDA:281,45,1,0
BRDA:300,46,0,0
BRDA:300,46,1,0
BRF:97
BRH:0
end_of_record
TN:
SF:src\screens\details\NotificationsDetailScreen.tsx
FN:8,NotificationsDetailScreen
FN:13,(anonymous_1)
FN:14,(anonymous_2)
FN:45,(anonymous_3)
FN:50,(anonymous_4)
FNF:5
FNH:0
FNDA:0,NotificationsDetailScreen
FNDA:0,(anonymous_1)
FNDA:0,(anonymous_2)
FNDA:0,(anonymous_3)
FNDA:0,(anonymous_4)
DA:9,0
DA:10,0
DA:11,0
DA:13,0
DA:14,0
DA:15,0
DA:16,0
DA:17,0
DA:18,0
DA:20,0
DA:22,0
DA:27,0
DA:46,0
DA:50,0
LF:14
LH:0
BRDA:18,0,0,0
BRDA:18,0,1,0
BRDA:35,1,0,0
BRDA:35,1,1,0
BRDA:44,2,0,0
BRDA:44,2,1,0
BRF:6
BRH:0
end_of_record
TN:
SF:src\screens\details\TipDetailScreen.tsx
FN:7,TipDetailScreen
FN:20,(anonymous_1)
FN:21,(anonymous_2)
FN:52,(anonymous_3)
FNF:4
FNH:0
FNDA:0,TipDetailScreen
FNDA:0,(anonymous_1)
FNDA:0,(anonymous_2)
FNDA:0,(anonymous_3)
DA:8,0
DA:9,0
DA:10,0
DA:11,0
DA:13,0
DA:14,0
DA:15,0
DA:16,0
DA:17,0
DA:18,0
DA:20,0
DA:21,0
DA:22,0
DA:23,0
DA:24,0
DA:25,0
DA:26,0
DA:28,0
DA:29,0
DA:31,0
DA:35,0
DA:52,0
DA:64,0
LF:23
LH:0
BRDA:13,0,0,0
BRDA:13,0,1,0
BRDA:13,0,2,0
BRDA:14,1,0,0
BRDA:14,1,1,0
BRDA:15,2,0,0
BRDA:15,2,1,0
BRDA:15,2,2,0
BRDA:16,3,0,0
BRDA:16,3,1,0
BRDA:17,4,0,0
BRDA:17,4,1,0
BRDA:18,5,0,0
BRDA:18,5,1,0
BRDA:26,6,0,0
BRDA:26,6,1,0
BRDA:39,7,0,0
BRDA:39,7,1,0
BRDA:45,8,0,0
BRDA:45,8,1,0
BRDA:48,9,0,0
BRDA:48,9,1,0
BRF:22
BRH:0
end_of_record
TN:
SF:src\screens\details\UpcomingEventsDetailScreen.tsx
FN:7,UpcomingEventsDetailScreen
FN:12,(anonymous_1)
FN:13,(anonymous_2)
FN:30,(anonymous_3)
FN:35,(anonymous_4)
FNF:5
FNH:0
FNDA:0,UpcomingEventsDetailScreen
FNDA:0,(anonymous_1)
FNDA:0,(anonymous_2)
FNDA:0,(anonymous_3)
FNDA:0,(anonymous_4)
DA:8,0
DA:9,0
DA:10,0
DA:12,0
DA:13,0
DA:14,0
DA:15,0
DA:16,0
DA:17,0
DA:19,0
DA:21,0
DA:26,0
DA:31,0
DA:36,0
LF:14
LH:0
BRDA:17,0,0,0
BRDA:17,0,1,0
BRDA:38,1,0,0
BRDA:38,1,1,0
BRDA:39,2,0,0
BRDA:39,2,1,0
BRF:6
BRH:0
end_of_record
TN:
SF:src\services\api.ts
FN:15,getFirebaseToken
FN:27,request
FN:74,(anonymous_2)
FN:76,(anonymous_3)
FN:78,(anonymous_4)
FN:80,(anonymous_5)
FN:107,createUserProfile
FN:134,getMyProfile
FN:141,updateMyProfile
FN:158,getUserByFirebaseUid
FNF:10
FNH:0
FNDA:0,getFirebaseToken
FNDA:0,request
FNDA:0,(anonymous_2)
FNDA:0,(anonymous_3)
FNDA:0,(anonymous_4)
FNDA:0,(anonymous_5)
FNDA:0,createUserProfile
FNDA:0,getMyProfile
FNDA:0,updateMyProfile
FNDA:0,getUserByFirebaseUid
DA:3,0
DA:6,0
DA:7,0
DA:16,0
DA:17,0
DA:18,0
DA:20,0
DA:22,0
DA:23,0
DA:36,0
DA:38,0
DA:43,0
DA:44,0
DA:45,0
DA:46,0
DA:48,0
DA:51,0
DA:57,0
DA:58,0
DA:59,0
DA:60,0
DA:62,0
DA:63,0
DA:66,0
DA:67,0
DA:69,0
DA:73,0
DA:75,0
DA:77,0
DA:79,0
DA:81,0
DA:116,0
DA:117,0
DA:120,0
DA:135,0
DA:152,0
DA:159,0
LF:37
LH:0
BRDA:3,0,0,0
BRDA:3,0,1,0
BRDA:6,1,0,0
BRDA:6,1,1,0
BRDA:17,2,0,0
BRDA:17,2,1,0
BRDA:29,3,0,0
BRDA:36,4,0,0
BRDA:36,5,0,0
BRDA:36,6,0,0
BRDA:43,7,0,0
BRDA:43,7,1,0
BRDA:45,8,0,0
BRDA:45,8,1,0
BRDA:54,9,0,0
BRDA:54,9,1,0
BRDA:57,10,0,0
BRDA:57,10,1,0
BRDA:62,11,0,0
BRDA:62,11,1,0
BRDA:62,11,2,0
BRDA:74,12,0,0
BRDA:76,13,0,0
BRDA:78,14,0,0
BRDA:80,15,0,0
BRDA:116,16,0,0
BRDA:116,16,1,0
BRF:27
BRH:0
end_of_record
TN:
SF:src\services\auth.ts
FN:11,signUpEmail
FN:20,signInEmail
FN:26,resetPassword
FN:31,signOutUser
FNF:4
FNH:0
FNDA:0,signUpEmail
FNDA:0,signInEmail
FNDA:0,resetPassword
FNDA:0,signOutUser
DA:12,0
DA:13,0
DA:14,0
DA:16,0
DA:21,0
DA:22,0
DA:27,0
DA:32,0
LF:8
LH:0
BRDA:13,0,0,0
BRDA:13,0,1,0
BRF:2
BRH:0
end_of_record
TN:
SF:src\services\categorias.ts
FN:5,listCategorias
FN:9,getCategoria
FNF:2
FNH:0
FNDA:0,listCategorias
FNDA:0,getCategoria
DA:6,0
DA:10,0
LF:2
LH:0
BRF:0
BRH:0
end_of_record
TN:
SF:src\services\dashboard.ts
FN:54,getDashboardData
FN:58,getIncomeVsExpenseDetail
FNF:2
FNH:0
FNDA:0,getDashboardData
FNDA:0,getIncomeVsExpenseDetail
DA:55,0
DA:59,0
LF:2
LH:0
BRF:0
BRH:0
end_of_record
TN:
SF:src\services\despesas.ts
FN:15,createDespesa
FN:23,listDespesas
FN:27,getDespesa
FN:31,listDespesasRecorrentes
FN:35,listDespesasRecorrentesFilhas
FN:50,updateDespesa
FN:54,marcarDespesaRealizada
FN:58,deleteDespesa
FNF:8
FNH:0
FNDA:0,createDespesa
FNDA:0,listDespesas
FNDA:0,getDespesa
FNDA:0,listDespesasRecorrentes
FNDA:0,listDespesasRecorrentesFilhas
FNDA:0,updateDespesa
FNDA:0,marcarDespesaRealizada
FNDA:0,deleteDespesa
DA:16,0
DA:20,0
DA:24,0
DA:28,0
DA:32,0
DA:36,0
DA:51,0
DA:55,0
DA:59,0
LF:9
LH:0
BRDA:18,0,0,0
BRDA:18,0,1,0
BRDA:54,1,0,0
BRF:3
BRH:0
end_of_record
TN:
SF:src\services\receitas.ts
FN:15,createReceita
FN:23,listReceitas
FN:27,getReceita
FN:31,listReceitasRecorrentes
FN:35,listReceitasRecorrentesFilhas
FN:50,updateReceita
FN:54,marcarReceitaRealizada
FN:58,deleteReceita
FNF:8
FNH:0
FNDA:0,createReceita
FNDA:0,listReceitas
FNDA:0,getReceita
FNDA:0,listReceitasRecorrentes
FNDA:0,listReceitasRecorrentesFilhas
FNDA:0,updateReceita
FNDA:0,marcarReceitaRealizada
FNDA:0,deleteReceita
DA:16,0
DA:20,0
DA:24,0
DA:28,0
DA:32,0
DA:36,0
DA:51,0
DA:55,0
DA:59,0
LF:9
LH:0
BRDA:18,0,0,0
BRDA:18,0,1,0
BRDA:54,1,0,0
BRF:3
BRH:0
end_of_record
TN:
SF:src\services\reportPdf.ts
FN:40,generateCompleteReport
FN:109,generateHTMLReport
FN:116,(anonymous_2)
FN:117,(anonymous_3)
FN:124,(anonymous_4)
FN:135,(anonymous_5)
FN:146,(anonymous_6)
FN:155,(anonymous_7)
FN:353,gerarGraficoCategoriasD
FN:354,(anonymous_9)
FN:362,(anonymous_10)
FN:382,(anonymous_11)
FN:392,gerarGraficoCategoriasR
FN:396,gerarGraficoOrigemR
FN:400,agruparPorCategoria
FN:402,(anonymous_15)
FN:411,agruparPorOrigem
FN:413,(anonymous_17)
FN:422,formatarData
FNF:19
FNH:0
FNDA:0,generateCompleteReport
FNDA:0,generateHTMLReport
FNDA:0,(anonymous_2)
FNDA:0,(anonymous_3)
FNDA:0,(anonymous_4)
FNDA:0,(anonymous_5)
FNDA:0,(anonymous_6)
FNDA:0,(anonymous_7)
FNDA:0,gerarGraficoCategoriasD
FNDA:0,(anonymous_9)
FNDA:0,(anonymous_10)
FNDA:0,(anonymous_11)
FNDA:0,gerarGraficoCategoriasR
FNDA:0,gerarGraficoOrigemR
FNDA:0,agruparPorCategoria
FNDA:0,(anonymous_15)
FNDA:0,agruparPorOrigem
FNDA:0,(anonymous_17)
FNDA:0,formatarData
DA:6,0
DA:47,0
DA:48,0
DA:50,0
DA:51,0
DA:52,0
DA:53,0
DA:54,0
DA:55,0
DA:56,0
DA:57,0
DA:58,0
DA:59,0
DA:61,0
DA:62,0
DA:63,0
DA:64,0
DA:65,0
DA:66,0
DA:67,0
DA:69,0
DA:74,0
DA:75,0
DA:79,0
DA:83,0
DA:88,0
DA:91,0
DA:92,0
DA:93,0
DA:94,0
DA:95,0
DA:102,0
DA:103,0
DA:107,0
DA:116,0
DA:117,0
DA:118,0
DA:120,0
DA:121,0
DA:123,0
DA:124,0
DA:134,0
DA:135,0
DA:145,0
DA:146,0
DA:154,0
DA:155,0
DA:163,0
DA:164,0
DA:166,0
DA:167,0
DA:168,0
DA:170,0
DA:354,0
DA:355,0
DA:356,0
DA:357,0
DA:359,0
DA:360,0
DA:362,0
DA:363,0
DA:364,0
DA:365,0
DA:367,0
DA:368,0
DA:369,0
DA:370,0
DA:372,0
DA:373,0
DA:375,0
DA:376,0
DA:379,0
DA:380,0
DA:381,0
DA:382,0
DA:383,0
DA:384,0
DA:385,0
DA:387,0
DA:389,0
DA:393,0
DA:397,0
DA:401,0
DA:403,0
DA:404,0
DA:405,0
DA:412,0
DA:414,0
DA:415,0
DA:416,0
DA:423,0
DA:425,0
DA:428,0
DA:430,0
DA:431,0
DA:433,0
DA:434,0
DA:436,0
DA:437,0
DA:440,0
DA:442,0
DA:443,0
DA:444,0
DA:445,0
DA:446,0
DA:447,0
DA:448,0
DA:449,0
DA:450,0
DA:452,0
DA:455,0
DA:457,0
DA:463,0
DA:464,0
LF:114
LH:0
BRDA:50,0,0,0
BRDA:50,0,1,0
BRDA:74,1,0,0
BRDA:74,1,1,0
BRDA:116,2,0,0
BRDA:116,2,1,0
BRDA:117,3,0,0
BRDA:117,3,1,0
BRDA:128,4,0,0
BRDA:128,4,1,0
BRDA:139,5,0,0
BRDA:139,5,1,0
BRDA:203,6,0,0
BRDA:203,6,1,0
BRDA:243,7,0,0
BRDA:243,7,1,0
BRDA:247,8,0,0
BRDA:247,8,1,0
BRDA:270,9,0,0
BRDA:270,9,1,0
BRDA:294,10,0,0
BRDA:294,10,1,0
BRDA:300,11,0,0
BRDA:300,11,1,0
BRDA:308,12,0,0
BRDA:308,12,1,0
BRDA:325,13,0,0
BRDA:325,13,1,0
BRDA:372,14,0,0
BRDA:372,14,1,0
BRDA:403,15,0,0
BRDA:403,15,1,0
BRDA:404,16,0,0
BRDA:404,16,1,0
BRDA:414,17,0,0
BRDA:414,17,1,0
BRDA:415,18,0,0
BRDA:415,18,1,0
BRDA:423,19,0,0
BRDA:423,19,1,0
BRDA:428,20,0,0
BRDA:428,20,1,0
BRDA:428,21,0,0
BRDA:428,21,1,0
BRDA:430,22,0,0
BRDA:430,22,1,0
BRDA:433,23,0,0
BRDA:433,23,1,0
BRDA:436,24,0,0
BRDA:436,24,1,0
BRDA:442,25,0,0
BRDA:442,25,1,0
BRDA:442,26,0,0
BRDA:442,26,1,0
BRDA:442,26,2,0
BRDA:442,26,3,0
BRDA:444,27,0,0
BRDA:444,27,1,0
BRDA:444,28,0,0
BRDA:444,28,1,0
BRDA:446,29,0,0
BRDA:446,29,1,0
BRDA:447,30,0,0
BRDA:447,30,1,0
BRDA:448,31,0,0
BRDA:448,31,1,0
BRDA:449,32,0,0
BRDA:449,32,1,0
BRDA:455,33,0,0
BRDA:455,33,1,0
BRF:70
BRH:0
end_of_record
TN:
SF:src\services\usuarios.ts
FN:5,listUsuarios
FN:9,getUsuario
FN:15,updateUsuario
FN:19,deleteUsuario
FNF:4
FNH:0
FNDA:0,listUsuarios
FNDA:0,getUsuario
FNDA:0,updateUsuario
FNDA:0,deleteUsuario
DA:6,0
DA:10,0
DA:16,0
DA:20,0
LF:4
LH:0
BRF:0
BRH:0
end_of_record
TN:
SF:src\styles\modern.styles.ts
FNF:0
FNH:0
DA:3,0
LF:1
LH:0
BRF:0
BRH:0
end_of_record
TN:
SF:src\styles\welcome.styles.ts
FNF:0
FNH:0
DA:5,0
LF:1
LH:0
BRF:0
BRH:0
end_of_record
TN:
SF:src\theme\ThemeContext.tsx
FN:14,(anonymous_0)
FN:20,ThemePreferenceProvider
FN:24,(anonymous_2)
FN:28,(anonymous_3)
FN:41,(anonymous_4)
FN:63,useThemePreference
FNF:6
FNH:0
FNDA:0,(anonymous_0)
FNDA:0,ThemePreferenceProvider
FNDA:0,(anonymous_2)
FNDA:0,(anonymous_3)
FNDA:0,(anonymous_4)
FNDA:0,useThemePreference
DA:12,0
DA:18,0
DA:21,0
DA:22,0
DA:24,0
DA:25,0
DA:28,0
DA:29,0
DA:30,0
DA:31,0
DA:32,0
DA:35,0
DA:37,0
DA:41,0
DA:42,0
DA:43,0
DA:44,0
DA:46,0
DA:50,0
DA:64,0
DA:65,0
DA:66,0
DA:68,0
LF:23
LH:0
BRDA:31,0,0,0
BRDA:31,0,1,0
BRDA:31,1,0,0
BRDA:31,1,1,0
BRDA:65,2,0,0
BRDA:65,2,1,0
BRF:6
BRH:0
end_of_record
TN:
SF:src\theme\palette.ts
FNF:0
FNH:0
DA:1,0
DA:9,0
DA:26,0
LF:3
LH:0
BRF:0
BRH:0
end_of_record
TN:
SF:src\theme\provider.tsx
FN:19,ThemeProviderInner
FN:23,(anonymous_1)
FN:40,(anonymous_2)
FN:56,(anonymous_3)
FN:59,(anonymous_4)
FN:70,AppThemeProvider
FN:78,useAppTheme
FNF:7
FNH:0
FNDA:0,ThemeProviderInner
FNDA:0,(anonymous_1)
FNDA:0,(anonymous_2)
FNDA:0,(anonymous_3)
FNDA:0,(anonymous_4)
FNDA:0,AppThemeProvider
FNDA:0,useAppTheme
DA:14,0
DA:20,0
DA:21,0
DA:23,0
DA:24,0
DA:26,0
DA:28,0
DA:30,0
DA:33,0
DA:37,0
DA:39,0
DA:40,0
DA:55,0
DA:56,0
DA:59,0
DA:61,0
DA:71,0
DA:79,0
LF:18
LH:0
BRDA:24,0,0,0
BRDA:24,0,1,0
BRDA:26,1,0,0
BRDA:26,1,1,0
BRDA:26,1,2,0
BRDA:26,1,3,0
BRDA:33,2,0,0
BRDA:33,2,1,0
BRDA:37,3,0,0
BRDA:37,3,1,0
BRDA:41,4,0,0
BRDA:41,4,1,0
BRDA:43,5,0,0
BRDA:43,5,1,0
BRF:14
BRH:0
end_of_record
TN:
SF:src\theme\scheme.ts
FNF:0
FNH:0
DA:26,0
DA:49,0
LF:2
LH:0
BRF:0
BRH:0
end_of_record
TN:
SF:src\theme\spacing.ts
FNF:0
FNH:0
DA:1,0
LF:1
LH:0
BRF:0
BRH:0
end_of_record
TN:
SF:src\theme\typography.ts
FNF:0
FNH:0
DA:1,0
LF:1
LH:0
BRF:0
BRH:0
end_of_record
TN:
SF:src\theme\adapters\paper.ts
FN:42,makePaperTheme
FNF:1
FNH:0
FNDA:0,makePaperTheme
DA:9,0
DA:46,0
DA:48,0
DA:87,0
LF:4
LH:0
BRDA:46,0,0,0
BRDA:46,0,1,0
BRDA:68,1,0,0
BRDA:68,1,1,0
BRDA:70,2,0,0
BRDA:70,2,1,0
BRF:6
BRH:0
end_of_record
TN:
SF:src\utils\formatCurrency.ts
FN:6,(anonymous_0)
FNF:1
FNH:1
FNDA:5,(anonymous_0)
DA:1,1
DA:6,5
LF:2
LH:2
BRF:0
BRH:0
end_of_record
